[ 2017-07-30T00:00:55+08:00 ] 127.0.0.1 /index.php/Admin/Maange/login
ERR: 无法加载控制器:Maange

[ 2017-07-30T00:01:26+08:00 ] 127.0.0.1 /index.php/Admin/Manage/login
INFO: [ app_begin ] --START--
INFO: Run Behavior\ReadHtmlCacheBehavior [ RunTime:0.003000s ]
INFO: [ app_begin ] --END-- [ RunTime:0.004000s ]
NOTIC: [8] Undefined index: mg_name E:\wamp64\www\onlineshop\App\Admin\Controller\BaseController.class.php 第 16 行.
SQL: SHOW COLUMNS FROM `cz_manager` [ RunTime:0.0320s ]
SQL: SELECT * FROM `cz_manager` WHERE `mg_name` = 'admin' LIMIT 1   [ RunTime:0.0010s ]
SQL: SELECT * FROM `cz_manager` WHERE `mg_name` = 'admin' AND `mg_pwd` = '21232f297a57a5a743894a0e4a801fc3' LIMIT 1   [ RunTime:0.0010s ]
INFO: [ app_end ] --START--
INFO: Run Behavior\ShowPageTraceBehavior [ RunTime:0.002001s ]
INFO: [ app_end ] --END-- [ RunTime:0.002001s ]

[ 2017-07-30T00:01:40+08:00 ] 127.0.0.1 /index.php/Admin/Goods/getAttrValUpd?type_id=0&goods_id=116
INFO: [ app_begin ] --START--
INFO: Run Behavior\ReadHtmlCacheBehavior [ RunTime:0.002000s ]
INFO: [ app_begin ] --END-- [ RunTime:0.003000s ]
SQL: SHOW COLUMNS FROM `cz_auth` [ RunTime:0.0030s ]
SQL: SELECT * FROM `cz_auth` WHERE ( auth_level=0 )  [ RunTime:0.0010s ]
SQL: SELECT * FROM `cz_auth` WHERE ( auth_level=1 )  [ RunTime:0.0010s ]
SQL: SHOW COLUMNS FROM `cz_goods` [ RunTime:0.0010s ]
SQL: SELECT * FROM `cz_goods` WHERE `goods_id` = 116 LIMIT 1   [ RunTime:0.0020s ]
SQL: SHOW COLUMNS FROM `cz_goods_attr` [ RunTime:0.0020s ]
SQL: SELECT g.attr_id,g.attr_value,a.attr_name,a.attr_type,a.attr_opt FROM cz_goods_attr g INNER JOIN cz_attribute a on g.attr_id=a.attr_id  WHERE `goods_id` = '116'  [ RunTime:0.0010s ]
INFO: [ app_end ] --START--
INFO: Run Behavior\ShowPageTraceBehavior [ RunTime:0.001000s ]
INFO: [ app_end ] --END-- [ RunTime:0.002000s ]

[ 2017-07-30T00:05:22+08:00 ] 127.0.0.1 /index.php/Admin/Goods/getAttrValUpd?type_id=0&goods_id=116
INFO: [ app_begin ] --START--
INFO: Run Behavior\ReadHtmlCacheBehavior [ RunTime:0.001000s ]
INFO: [ app_begin ] --END-- [ RunTime:0.004001s ]
SQL: SHOW COLUMNS FROM `cz_auth` [ RunTime:0.0020s ]
SQL: SELECT * FROM `cz_auth` WHERE ( auth_level=0 )  [ RunTime:0.0030s ]
SQL: SELECT * FROM `cz_auth` WHERE ( auth_level=1 )  [ RunTime:0.0010s ]
SQL: SHOW COLUMNS FROM `cz_goods` [ RunTime:0.0020s ]
SQL: SELECT * FROM `cz_goods` WHERE `goods_id` = 116 LIMIT 1   [ RunTime:0.0010s ]
SQL: SHOW COLUMNS FROM `cz_goods_attr` [ RunTime:0.0370s ]
SQL: SELECT g.attr_id,g.attr_value,a.attr_name,a.attr_type,a.attr_opt FROM cz_goods_attr g INNER JOIN cz_attribute a on g.attr_id=a.attr_id  WHERE `goods_id` = '116'  [ RunTime:0.0050s ]
INFO: [ app_end ] --START--
INFO: Run Behavior\ShowPageTraceBehavior [ RunTime:0.001000s ]
INFO: [ app_end ] --END-- [ RunTime:0.002000s ]

[ 2017-07-30T00:06:24+08:00 ] 127.0.0.1 /index.php/Admin/Goods/getAttrValUpd?type_id=0&goods_id=116
INFO: [ app_begin ] --START--
INFO: Run Behavior\ReadHtmlCacheBehavior [ RunTime:0.001000s ]
INFO: [ app_begin ] --END-- [ RunTime:0.003000s ]
SQL: SHOW COLUMNS FROM `cz_auth` [ RunTime:0.0070s ]
SQL: SELECT * FROM `cz_auth` WHERE ( auth_level=0 )  [ RunTime:0.0010s ]
SQL: SELECT * FROM `cz_auth` WHERE ( auth_level=1 )  [ RunTime:0.0020s ]
SQL: SHOW COLUMNS FROM `cz_goods` [ RunTime:0.0020s ]
SQL: SELECT * FROM `cz_goods` WHERE `goods_id` = 116 LIMIT 1   [ RunTime:0.0020s ]
SQL: SHOW COLUMNS FROM `cz_goods_attr` [ RunTime:0.0030s ]
SQL: SELECT g.attr_id,g.attr_value,a.attr_name,a.attr_type,a.attr_opt FROM cz_goods_attr g INNER JOIN cz_attribute a on g.attr_id=a.attr_id  WHERE `goods_id` = '116'  [ RunTime:0.0130s ]
INFO: [ app_end ] --START--
INFO: Run Behavior\ShowPageTraceBehavior [ RunTime:0.002000s ]
INFO: [ app_end ] --END-- [ RunTime:0.003000s ]

[ 2017-07-30T12:00:14+08:00 ] 127.0.0.1 /index.php/Admin/Goods/getAttrValUpd?type_id=0&goods_id=116
INFO: [ app_begin ] --START--
INFO: Run Behavior\ReadHtmlCacheBehavior [ RunTime:0.002000s ]
INFO: [ app_begin ] --END-- [ RunTime:0.004000s ]
SQL: SHOW COLUMNS FROM `cz_auth` [ RunTime:0.0270s ]
SQL: SELECT * FROM `cz_auth` WHERE ( auth_level=0 )  [ RunTime:0.0140s ]
SQL: SELECT * FROM `cz_auth` WHERE ( auth_level=1 )  [ RunTime:0.0030s ]
SQL: SHOW COLUMNS FROM `cz_goods` [ RunTime:0.0020s ]
SQL: SELECT * FROM `cz_goods` WHERE `goods_id` = 116 LIMIT 1   [ RunTime:0.0010s ]
SQL: SHOW COLUMNS FROM `cz_goods_attr` [ RunTime:0.0020s ]
SQL: SELECT g.attr_id,g.attr_value,a.attr_name,a.attr_type,a.attr_opt FROM cz_goods_attr g INNER JOIN cz_attribute a on g.attr_id=a.attr_id  WHERE `goods_id` = '116'  [ RunTime:0.0020s ]
INFO: [ app_end ] --START--
INFO: Run Behavior\ShowPageTraceBehavior [ RunTime:0.002000s ]
INFO: [ app_end ] --END-- [ RunTime:0.003000s ]

[ 2017-07-30T12:03:01+08:00 ] 127.0.0.1 /index.php/Admin/Goods/getAttrValUpd
INFO: [ app_begin ] --START--
INFO: Run Behavior\ReadHtmlCacheBehavior [ RunTime:0.002000s ]
INFO: [ app_begin ] --END-- [ RunTime:0.003000s ]
SQL: SHOW COLUMNS FROM `cz_auth` [ RunTime:0.0430s ]
SQL: SELECT * FROM `cz_auth` WHERE ( auth_level=0 )  [ RunTime:0.0010s ]
SQL: SELECT * FROM `cz_auth` WHERE ( auth_level=1 )  [ RunTime:0.0000s ]
SQL: SHOW COLUMNS FROM `cz_goods` [ RunTime:0.0020s ]
SQL: SELECT * FROM `cz_goods` WHERE `goods_id` = 0 LIMIT 1   [ RunTime:0.0010s ]
SQL: SHOW COLUMNS FROM `cz_attribute` [ RunTime:0.0290s ]
SQL: SELECT * FROM `cz_attribute` WHERE `type_id` = 0  [ RunTime:0.0010s ]
INFO: [ app_end ] --START--
INFO: Run Behavior\ShowPageTraceBehavior [ RunTime:0.002000s ]
INFO: [ app_end ] --END-- [ RunTime:0.002000s ]

[ 2017-07-30T12:06:38+08:00 ] 127.0.0.1 /index.php/Admin/Goods/getAttrValUpd
INFO: [ app_begin ] --START--
INFO: Run Behavior\ReadHtmlCacheBehavior [ RunTime:0.003001s ]
INFO: [ app_begin ] --END-- [ RunTime:0.005001s ]
SQL: SHOW COLUMNS FROM `cz_auth` [ RunTime:0.0450s ]
SQL: SELECT * FROM `cz_auth` WHERE ( auth_level=0 )  [ RunTime:0.0020s ]
SQL: SELECT * FROM `cz_auth` WHERE ( auth_level=1 )  [ RunTime:0.0010s ]
SQL: SHOW COLUMNS FROM `cz_goods` [ RunTime:0.0020s ]
SQL: SELECT * FROM `cz_goods` WHERE `goods_id` = 0 LIMIT 1   [ RunTime:0.0010s ]
SQL: SHOW COLUMNS FROM `cz_attribute` [ RunTime:0.0040s ]
SQL: SELECT * FROM `cz_attribute` WHERE `type_id` = 0  [ RunTime:0.0020s ]
INFO: [ app_end ] --START--
INFO: Run Behavior\ShowPageTraceBehavior [ RunTime:0.003000s ]
INFO: [ app_end ] --END-- [ RunTime:0.003000s ]

[ 2017-07-30T12:07:53+08:00 ] 127.0.0.1 /index.php/Admin/Goods/getAttrValUpd
INFO: [ app_begin ] --START--
INFO: Run Behavior\ReadHtmlCacheBehavior [ RunTime:0.002000s ]
INFO: [ app_begin ] --END-- [ RunTime:0.003000s ]
SQL: SHOW COLUMNS FROM `cz_auth` [ RunTime:0.0140s ]
SQL: SELECT * FROM `cz_auth` WHERE ( auth_level=0 )  [ RunTime:0.0020s ]
SQL: SELECT * FROM `cz_auth` WHERE ( auth_level=1 )  [ RunTime:0.0040s ]
SQL: SHOW COLUMNS FROM `cz_goods` [ RunTime:0.0070s ]
SQL: SELECT * FROM `cz_goods` WHERE `goods_id` = 0 LIMIT 1   [ RunTime:0.0020s ]
SQL: SHOW COLUMNS FROM `cz_attribute` [ RunTime:0.0030s ]
SQL: SELECT * FROM `cz_attribute` WHERE `type_id` = 0  [ RunTime:0.0010s ]
INFO: [ app_end ] --START--
INFO: Run Behavior\ShowPageTraceBehavior [ RunTime:0.001000s ]
INFO: [ app_end ] --END-- [ RunTime:0.002000s ]

[ 2017-07-30T12:10:19+08:00 ] 127.0.0.1 /index.php/Admin/Goods/getAttrValUpd
INFO: [ app_begin ] --START--
INFO: Run Behavior\ReadHtmlCacheBehavior [ RunTime:0.002000s ]
INFO: [ app_begin ] --END-- [ RunTime:0.004000s ]
SQL: SHOW COLUMNS FROM `cz_auth` [ RunTime:0.0020s ]
SQL: SELECT * FROM `cz_auth` WHERE ( auth_level=0 )  [ RunTime:0.0020s ]
SQL: SELECT * FROM `cz_auth` WHERE ( auth_level=1 )  [ RunTime:0.0010s ]
SQL: SHOW COLUMNS FROM `cz_goods` [ RunTime:0.0020s ]
SQL: SELECT * FROM `cz_goods` WHERE `goods_id` = 0 LIMIT 1   [ RunTime:0.0020s ]
SQL: SHOW COLUMNS FROM `cz_attribute` [ RunTime:0.0030s ]
SQL: SELECT * FROM `cz_attribute` WHERE `type_id` = 0  [ RunTime:0.0010s ]
INFO: [ app_end ] --START--
INFO: Run Behavior\ShowPageTraceBehavior [ RunTime:0.004000s ]
INFO: [ app_end ] --END-- [ RunTime:0.004000s ]

[ 2017-07-30T12:18:22+08:00 ] 127.0.0.1 /index.php/Admin/Goods/getAttrValUpd
INFO: [ app_begin ] --START--
INFO: Run Behavior\ReadHtmlCacheBehavior [ RunTime:0.002000s ]
INFO: [ app_begin ] --END-- [ RunTime:0.005000s ]
SQL: SHOW COLUMNS FROM `cz_auth` [ RunTime:0.0020s ]
SQL: SELECT * FROM `cz_auth` WHERE ( auth_level=0 )  [ RunTime:0.0010s ]
SQL: SELECT * FROM `cz_auth` WHERE ( auth_level=1 )  [ RunTime:0.0010s ]
SQL: SHOW COLUMNS FROM `cz_goods` [ RunTime:0.0480s ]
SQL: SELECT * FROM `cz_goods` WHERE `goods_id` = 0 LIMIT 1   [ RunTime:0.0020s ]
SQL: SHOW COLUMNS FROM `cz_attribute` [ RunTime:0.0030s ]
SQL: SELECT * FROM `cz_attribute` WHERE `type_id` = 0  [ RunTime:0.0100s ]
INFO: [ app_end ] --START--
INFO: Run Behavior\ShowPageTraceBehavior [ RunTime:0.002000s ]
INFO: [ app_end ] --END-- [ RunTime:0.002000s ]

[ 2017-07-30T12:18:34+08:00 ] 127.0.0.1 /index.php/Admin/Goods/getAttrValUpd?type_id=0&goods_id=119
INFO: [ app_begin ] --START--
INFO: Run Behavior\ReadHtmlCacheBehavior [ RunTime:0.003000s ]
INFO: [ app_begin ] --END-- [ RunTime:0.007001s ]
SQL: SHOW COLUMNS FROM `cz_auth` [ RunTime:0.0170s ]
SQL: SELECT * FROM `cz_auth` WHERE ( auth_level=0 )  [ RunTime:0.0010s ]
SQL: SELECT * FROM `cz_auth` WHERE ( auth_level=1 )  [ RunTime:0.0020s ]
SQL: SHOW COLUMNS FROM `cz_goods` [ RunTime:0.0040s ]
SQL: SELECT * FROM `cz_goods` WHERE `goods_id` = 119 LIMIT 1   [ RunTime:0.0010s ]
SQL: SHOW COLUMNS FROM `cz_goods_attr` [ RunTime:0.0040s ]
SQL: SELECT g.attr_id,g.attr_value,a.attr_name,a.attr_type,a.attr_opt FROM cz_goods_attr g INNER JOIN cz_attribute a on g.attr_id=a.attr_id  WHERE `goods_id` = '119'  [ RunTime:0.0020s ]
INFO: [ app_end ] --START--
INFO: Run Behavior\ShowPageTraceBehavior [ RunTime:0.003000s ]
INFO: [ app_end ] --END-- [ RunTime:0.005000s ]

[ 2017-07-30T12:18:56+08:00 ] 127.0.0.1 /index.php/Admin/Goods/getAttrValUpd?type_id=0&goods_id=118
INFO: [ app_begin ] --START--
INFO: Run Behavior\ReadHtmlCacheBehavior [ RunTime:0.003000s ]
INFO: [ app_begin ] --END-- [ RunTime:0.005000s ]
SQL: SHOW COLUMNS FROM `cz_auth` [ RunTime:0.0020s ]
SQL: SELECT * FROM `cz_auth` WHERE ( auth_level=0 )  [ RunTime:0.0030s ]
SQL: SELECT * FROM `cz_auth` WHERE ( auth_level=1 )  [ RunTime:0.0010s ]
SQL: SHOW COLUMNS FROM `cz_goods` [ RunTime:0.0050s ]
SQL: SELECT * FROM `cz_goods` WHERE `goods_id` = 118 LIMIT 1   [ RunTime:0.0010s ]
SQL: SHOW COLUMNS FROM `cz_goods_attr` [ RunTime:0.0260s ]
SQL: SELECT g.attr_id,g.attr_value,a.attr_name,a.attr_type,a.attr_opt FROM cz_goods_attr g INNER JOIN cz_attribute a on g.attr_id=a.attr_id  WHERE `goods_id` = '118'  [ RunTime:0.0190s ]
INFO: [ app_end ] --START--
INFO: Run Behavior\ShowPageTraceBehavior [ RunTime:0.003000s ]
INFO: [ app_end ] --END-- [ RunTime:0.005000s ]

[ 2017-07-30T12:19:30+08:00 ] 127.0.0.1 /index.php/Admin/Goods/getAttrValUpd?type_id=0&goods_id=117
INFO: [ app_begin ] --START--
INFO: Run Behavior\ReadHtmlCacheBehavior [ RunTime:0.003000s ]
INFO: [ app_begin ] --END-- [ RunTime:0.006000s ]
SQL: SHOW COLUMNS FROM `cz_auth` [ RunTime:0.0050s ]
SQL: SELECT * FROM `cz_auth` WHERE ( auth_level=0 )  [ RunTime:0.0010s ]
SQL: SELECT * FROM `cz_auth` WHERE ( auth_level=1 )  [ RunTime:0.0020s ]
SQL: SHOW COLUMNS FROM `cz_goods` [ RunTime:0.0030s ]
SQL: SELECT * FROM `cz_goods` WHERE `goods_id` = 117 LIMIT 1   [ RunTime:0.0010s ]
SQL: SHOW COLUMNS FROM `cz_goods_attr` [ RunTime:0.0040s ]
SQL: SELECT g.attr_id,g.attr_value,a.attr_name,a.attr_type,a.attr_opt FROM cz_goods_attr g INNER JOIN cz_attribute a on g.attr_id=a.attr_id  WHERE `goods_id` = '117'  [ RunTime:0.0160s ]
INFO: [ app_end ] --START--
INFO: Run Behavior\ShowPageTraceBehavior [ RunTime:0.002000s ]
INFO: [ app_end ] --END-- [ RunTime:0.003000s ]

[ 2017-07-30T12:19:50+08:00 ] 127.0.0.1 /index.php/Admin/Goods/getAttrValUpd?type_id=0&goods_id=116
INFO: [ app_begin ] --START--
INFO: Run Behavior\ReadHtmlCacheBehavior [ RunTime:0.004001s ]
INFO: [ app_begin ] --END-- [ RunTime:0.006001s ]
SQL: SHOW COLUMNS FROM `cz_auth` [ RunTime:0.0330s ]
SQL: SELECT * FROM `cz_auth` WHERE ( auth_level=0 )  [ RunTime:0.0020s ]
SQL: SELECT * FROM `cz_auth` WHERE ( auth_level=1 )  [ RunTime:0.0180s ]
SQL: SHOW COLUMNS FROM `cz_goods` [ RunTime:0.0030s ]
SQL: SELECT * FROM `cz_goods` WHERE `goods_id` = 116 LIMIT 1   [ RunTime:0.0020s ]
SQL: SHOW COLUMNS FROM `cz_goods_attr` [ RunTime:0.0020s ]
SQL: SELECT g.attr_id,g.attr_value,a.attr_name,a.attr_type,a.attr_opt FROM cz_goods_attr g INNER JOIN cz_attribute a on g.attr_id=a.attr_id  WHERE `goods_id` = '116'  [ RunTime:0.0010s ]
INFO: [ app_end ] --START--
INFO: Run Behavior\ShowPageTraceBehavior [ RunTime:0.003000s ]
INFO: [ app_end ] --END-- [ RunTime:0.004000s ]

[ 2017-07-30T12:26:07+08:00 ] 127.0.0.1 /index.php/Admin/Goods/getAttrValUpd
INFO: [ app_begin ] --START--
INFO: Run Behavior\ReadHtmlCacheBehavior [ RunTime:0.002000s ]
INFO: [ app_begin ] --END-- [ RunTime:0.003000s ]
SQL: SHOW COLUMNS FROM `cz_auth` [ RunTime:0.0100s ]
SQL: SELECT * FROM `cz_auth` WHERE ( auth_level=0 )  [ RunTime:0.0010s ]
SQL: SELECT * FROM `cz_auth` WHERE ( auth_level=1 )  [ RunTime:0.0010s ]
SQL: SHOW COLUMNS FROM `cz_goods` [ RunTime:0.0020s ]
SQL: SELECT * FROM `cz_goods` WHERE `goods_id` = 0 LIMIT 1   [ RunTime:0.0120s ]
SQL: SHOW COLUMNS FROM `cz_attribute` [ RunTime:0.0020s ]
SQL: SELECT * FROM `cz_attribute` WHERE `type_id` = 0  [ RunTime:0.0010s ]
INFO: [ app_end ] --START--
INFO: Run Behavior\ShowPageTraceBehavior [ RunTime:0.002000s ]
INFO: [ app_end ] --END-- [ RunTime:0.002000s ]

[ 2017-07-30T13:22:24+08:00 ] 127.0.0.1 /index.php/Admin/Goods/getAttrValUpd?type_id=0&goods_id=116
INFO: [ app_begin ] --START--
INFO: Run Behavior\ReadHtmlCacheBehavior [ RunTime:0.003000s ]
INFO: [ app_begin ] --END-- [ RunTime:0.007000s ]
NOTIC: [8] Undefined index: mg_name E:\wamp64\www\onlineshop\App\Admin\Controller\BaseController.class.php 第 16 行.
SQL: SHOW COLUMNS FROM `cz_goods` [ RunTime:0.0170s ]
SQL: SELECT * FROM `cz_goods` WHERE `goods_id` = 116 LIMIT 1   [ RunTime:0.0020s ]
SQL: SHOW COLUMNS FROM `cz_goods_attr` [ RunTime:0.0020s ]
SQL: SELECT g.attr_id,g.attr_value,a.attr_name,a.attr_type,a.attr_opt FROM cz_goods_attr g INNER JOIN cz_attribute a on g.attr_id=a.attr_id  WHERE `goods_id` = '116'  [ RunTime:0.0020s ]
INFO: [ app_end ] --START--
INFO: Run Behavior\ShowPageTraceBehavior [ RunTime:0.003000s ]
INFO: [ app_end ] --END-- [ RunTime:0.004000s ]

[ 2017-07-30T13:27:31+08:00 ] 127.0.0.1 /index.php/Admin/Goods/getAttrValUpd?type_id=0&goods_id=116
INFO: [ app_begin ] --START--
INFO: Run Behavior\ReadHtmlCacheBehavior [ RunTime:0.002000s ]
INFO: [ app_begin ] --END-- [ RunTime:0.005000s ]
NOTIC: [8] Undefined index: mg_name E:\wamp64\www\onlineshop\App\Admin\Controller\BaseController.class.php 第 16 行.
SQL: SHOW COLUMNS FROM `cz_goods` [ RunTime:0.0110s ]
SQL: SELECT * FROM `cz_goods` WHERE `goods_id` = 116 LIMIT 1   [ RunTime:0.0030s ]
SQL: SHOW COLUMNS FROM `cz_goods_attr` [ RunTime:0.0250s ]
SQL: SELECT g.attr_id,g.attr_value,a.attr_name,a.attr_type,a.attr_opt FROM cz_goods_attr g INNER JOIN cz_attribute a on g.attr_id=a.attr_id  WHERE `goods_id` = '116'  [ RunTime:0.0010s ]
INFO: [ app_end ] --START--
INFO: Run Behavior\ShowPageTraceBehavior [ RunTime:0.003001s ]
INFO: [ app_end ] --END-- [ RunTime:0.003001s ]

[ 2017-07-30T13:44:13+08:00 ] 127.0.0.1 /index.php/Admin/Goods/getAttrValUpd?type_id=0&goods_id=119
INFO: [ app_begin ] --START--
INFO: Run Behavior\ReadHtmlCacheBehavior [ RunTime:0.004000s ]
INFO: [ app_begin ] --END-- [ RunTime:0.007000s ]
NOTIC: [8] Undefined index: mg_name E:\wamp64\www\onlineshop\App\Admin\Controller\BaseController.class.php 第 16 行.
SQL: SHOW COLUMNS FROM `cz_goods` [ RunTime:0.0270s ]
SQL: SELECT * FROM `cz_goods` WHERE `goods_id` = 119 LIMIT 1   [ RunTime:0.0020s ]
SQL: SHOW COLUMNS FROM `cz_goods_attr` [ RunTime:0.0020s ]
SQL: SELECT g.attr_id,g.attr_value,a.attr_name,a.attr_type,a.attr_opt FROM cz_goods_attr g INNER JOIN cz_attribute a on g.attr_id=a.attr_id  WHERE `goods_id` = '119'  [ RunTime:0.0050s ]
INFO: [ app_end ] --START--
INFO: Run Behavior\ShowPageTraceBehavior [ RunTime:0.002000s ]
INFO: [ app_end ] --END-- [ RunTime:0.002000s ]

[ 2017-07-30T13:44:21+08:00 ] 127.0.0.1 /index.php/Admin/Goods/getAttrValUpd?type_id=0&goods_id=116
INFO: [ app_begin ] --START--
INFO: Run Behavior\ReadHtmlCacheBehavior [ RunTime:0.002000s ]
INFO: [ app_begin ] --END-- [ RunTime:0.005001s ]
NOTIC: [8] Undefined index: mg_name E:\wamp64\www\onlineshop\App\Admin\Controller\BaseController.class.php 第 16 行.
SQL: SHOW COLUMNS FROM `cz_goods` [ RunTime:0.0340s ]
SQL: SELECT * FROM `cz_goods` WHERE `goods_id` = 116 LIMIT 1   [ RunTime:0.0010s ]
SQL: SHOW COLUMNS FROM `cz_goods_attr` [ RunTime:0.0080s ]
SQL: SELECT g.attr_id,g.attr_value,a.attr_name,a.attr_type,a.attr_opt FROM cz_goods_attr g INNER JOIN cz_attribute a on g.attr_id=a.attr_id  WHERE `goods_id` = '116'  [ RunTime:0.0210s ]
INFO: [ app_end ] --START--
INFO: Run Behavior\ShowPageTraceBehavior [ RunTime:0.003000s ]
INFO: [ app_end ] --END-- [ RunTime:0.004000s ]

[ 2017-07-30T13:45:00+08:00 ] 127.0.0.1 /index.php/Admin/Goods/getAttrValUpd?type_id=0&goods_id=117
INFO: [ app_begin ] --START--
INFO: Run Behavior\ReadHtmlCacheBehavior [ RunTime:0.002000s ]
INFO: [ app_begin ] --END-- [ RunTime:0.003000s ]
NOTIC: [8] Undefined index: mg_name E:\wamp64\www\onlineshop\App\Admin\Controller\BaseController.class.php 第 16 行.
SQL: SHOW COLUMNS FROM `cz_goods` [ RunTime:0.0500s ]
SQL: SELECT * FROM `cz_goods` WHERE `goods_id` = 117 LIMIT 1   [ RunTime:0.0020s ]
SQL: SHOW COLUMNS FROM `cz_goods_attr` [ RunTime:0.0010s ]
SQL: SELECT g.attr_id,g.attr_value,a.attr_name,a.attr_type,a.attr_opt FROM cz_goods_attr g INNER JOIN cz_attribute a on g.attr_id=a.attr_id  WHERE `goods_id` = '117'  [ RunTime:0.0140s ]
INFO: [ app_end ] --START--
INFO: Run Behavior\ShowPageTraceBehavior [ RunTime:0.002000s ]
INFO: [ app_end ] --END-- [ RunTime:0.003000s ]

[ 2017-07-30T13:45:27+08:00 ] 127.0.0.1 /index.php/Admin/Goods/getAttrValUpd?type_id=0&goods_id=118
INFO: [ app_begin ] --START--
INFO: Run Behavior\ReadHtmlCacheBehavior [ RunTime:0.002000s ]
INFO: [ app_begin ] --END-- [ RunTime:0.003000s ]
NOTIC: [8] Undefined index: mg_name E:\wamp64\www\onlineshop\App\Admin\Controller\BaseController.class.php 第 16 行.
SQL: SHOW COLUMNS FROM `cz_goods` [ RunTime:0.0170s ]
SQL: SELECT * FROM `cz_goods` WHERE `goods_id` = 118 LIMIT 1   [ RunTime:0.0020s ]
SQL: SHOW COLUMNS FROM `cz_goods_attr` [ RunTime:0.0010s ]
SQL: SELECT g.attr_id,g.attr_value,a.attr_name,a.attr_type,a.attr_opt FROM cz_goods_attr g INNER JOIN cz_attribute a on g.attr_id=a.attr_id  WHERE `goods_id` = '118'  [ RunTime:0.0060s ]
INFO: [ app_end ] --START--
INFO: Run Behavior\ShowPageTraceBehavior [ RunTime:0.002000s ]
INFO: [ app_end ] --END-- [ RunTime:0.003000s ]

[ 2017-07-30T13:45:52+08:00 ] 127.0.0.1 /index.php/Admin/Goods/getAttrValUpd?type_id=0&goods_id=119
INFO: [ app_begin ] --START--
INFO: Run Behavior\ReadHtmlCacheBehavior [ RunTime:0.002000s ]
INFO: [ app_begin ] --END-- [ RunTime:0.003000s ]
NOTIC: [8] Undefined index: mg_name E:\wamp64\www\onlineshop\App\Admin\Controller\BaseController.class.php 第 16 行.
SQL: SHOW COLUMNS FROM `cz_goods` [ RunTime:0.0060s ]
SQL: SELECT * FROM `cz_goods` WHERE `goods_id` = 119 LIMIT 1   [ RunTime:0.0010s ]
SQL: SHOW COLUMNS FROM `cz_goods_attr` [ RunTime:0.0010s ]
SQL: SELECT g.attr_id,g.attr_value,a.attr_name,a.attr_type,a.attr_opt FROM cz_goods_attr g INNER JOIN cz_attribute a on g.attr_id=a.attr_id  WHERE `goods_id` = '119'  [ RunTime:0.0010s ]
INFO: [ app_end ] --START--
INFO: Run Behavior\ShowPageTraceBehavior [ RunTime:0.002001s ]
INFO: [ app_end ] --END-- [ RunTime:0.002001s ]

[ 2017-07-30T13:49:56+08:00 ] 127.0.0.1 /index.php/Admin/Goods/getAttrValUpd
INFO: [ app_begin ] --START--
INFO: Run Behavior\ReadHtmlCacheBehavior [ RunTime:0.005000s ]
INFO: [ app_begin ] --END-- [ RunTime:0.008000s ]
NOTIC: [8] Undefined index: mg_name E:\wamp64\www\onlineshop\App\Admin\Controller\BaseController.class.php 第 16 行.
SQL: SHOW COLUMNS FROM `cz_goods` [ RunTime:0.0160s ]
SQL: SELECT * FROM `cz_goods` WHERE `goods_id` = 0 LIMIT 1   [ RunTime:0.0010s ]
SQL: SHOW COLUMNS FROM `cz_attribute` [ RunTime:0.0070s ]
SQL: SELECT * FROM `cz_attribute` WHERE `type_id` = 0  [ RunTime:0.0010s ]
INFO: [ app_end ] --START--
INFO: Run Behavior\ShowPageTraceBehavior [ RunTime:0.002000s ]
INFO: [ app_end ] --END-- [ RunTime:0.003001s ]

[ 2017-07-30T13:50:02+08:00 ] 127.0.0.1 /index.php/Admin/Goods/getAttrByType?type_id=2
INFO: [ app_begin ] --START--
INFO: Run Behavior\ReadHtmlCacheBehavior [ RunTime:0.003001s ]
INFO: [ app_begin ] --END-- [ RunTime:0.007001s ]
NOTIC: [8] Undefined index: mg_name E:\wamp64\www\onlineshop\App\Admin\Controller\BaseController.class.php 第 16 行.
SQL: SHOW COLUMNS FROM `cz_attribute` [ RunTime:0.0330s ]
SQL: SELECT * FROM `cz_attribute` WHERE `type_id` = 2  [ RunTime:0.0110s ]
INFO: [ app_end ] --START--
INFO: Run Behavior\ShowPageTraceBehavior [ RunTime:0.002000s ]
INFO: [ app_end ] --END-- [ RunTime:0.002000s ]

[ 2017-07-30T14:16:13+08:00 ] 127.0.0.1 /index.php/Admin/Goods/getAttrValUpd?type_id=0&goods_id=116
INFO: [ app_begin ] --START--
INFO: Run Behavior\ReadHtmlCacheBehavior [ RunTime:0.003000s ]
INFO: [ app_begin ] --END-- [ RunTime:0.005001s ]
NOTIC: [8] Undefined index: mg_name E:\wamp64\www\onlineshop\App\Admin\Controller\BaseController.class.php 第 16 行.
SQL: SHOW COLUMNS FROM `cz_goods` [ RunTime:0.0270s ]
SQL: SELECT * FROM `cz_goods` WHERE `goods_id` = 116 LIMIT 1   [ RunTime:0.0020s ]
SQL: SHOW COLUMNS FROM `cz_goods_attr` [ RunTime:0.0020s ]
SQL: SELECT g.attr_id,g.attr_value,a.attr_name,a.attr_type,a.attr_opt FROM cz_goods_attr g INNER JOIN cz_attribute a on g.attr_id=a.attr_id  WHERE `goods_id` = '116'  [ RunTime:0.0000s ]
INFO: [ app_end ] --START--
INFO: Run Behavior\ShowPageTraceBehavior [ RunTime:0.005000s ]
INFO: [ app_end ] --END-- [ RunTime:0.005000s ]

[ 2017-07-30T14:18:34+08:00 ] 127.0.0.1 /index.php/Admin/Manage/login
INFO: [ app_begin ] --START--
INFO: Run Behavior\ReadHtmlCacheBehavior [ RunTime:0.002000s ]
INFO: [ app_begin ] --END-- [ RunTime:0.005000s ]
NOTIC: [8] Undefined index: mg_name E:\wamp64\www\onlineshop\App\Admin\Controller\BaseController.class.php 第 16 行.
SQL: SHOW COLUMNS FROM `cz_manager` [ RunTime:0.1230s ]
SQL: SELECT * FROM `cz_manager` WHERE `mg_name` = 'admin' LIMIT 1   [ RunTime:0.0430s ]
SQL: SELECT * FROM `cz_manager` WHERE `mg_name` = 'admin' AND `mg_pwd` = '21232f297a57a5a743894a0e4a801fc3' LIMIT 1   [ RunTime:0.0010s ]
INFO: [ app_end ] --START--
INFO: Run Behavior\ShowPageTraceBehavior [ RunTime:0.002000s ]
INFO: [ app_end ] --END-- [ RunTime:0.003000s ]

[ 2017-07-30T18:22:50+08:00 ] 127.0.0.1 /index.php/Admin/Goods/getAttrValUpd
INFO: [ app_begin ] --START--
INFO: Run Behavior\ReadHtmlCacheBehavior [ RunTime:0.001000s ]
INFO: [ app_begin ] --END-- [ RunTime:0.003000s ]
NOTIC: [8] Undefined index: mg_name E:\wamp64\www\onlineshop\App\Admin\Controller\BaseController.class.php 第 16 行.
SQL: SHOW COLUMNS FROM `cz_goods` [ RunTime:0.0280s ]
SQL: SELECT * FROM `cz_goods` WHERE `goods_id` = 0 LIMIT 1   [ RunTime:0.0010s ]
SQL: SHOW COLUMNS FROM `cz_attribute` [ RunTime:0.0020s ]
SQL: SELECT * FROM `cz_attribute` WHERE `type_id` = 0  [ RunTime:0.0170s ]
INFO: [ app_end ] --START--
INFO: Run Behavior\ShowPageTraceBehavior [ RunTime:0.002000s ]
INFO: [ app_end ] --END-- [ RunTime:0.002000s ]

[ 2017-07-30T18:23:41+08:00 ] 127.0.0.1 /index.php/Admin/Manage/login
INFO: [ app_begin ] --START--
INFO: Run Behavior\ReadHtmlCacheBehavior [ RunTime:0.002001s ]
INFO: [ app_begin ] --END-- [ RunTime:0.007001s ]
NOTIC: [8] Undefined index: mg_name E:\wamp64\www\onlineshop\App\Admin\Controller\BaseController.class.php 第 16 行.
SQL: SHOW COLUMNS FROM `cz_manager` [ RunTime:0.0560s ]
SQL: SELECT * FROM `cz_manager` WHERE `mg_name` = 'admin' LIMIT 1   [ RunTime:0.0010s ]
SQL: SELECT * FROM `cz_manager` WHERE `mg_name` = 'admin' AND `mg_pwd` = '21232f297a57a5a743894a0e4a801fc3' LIMIT 1   [ RunTime:0.0010s ]
INFO: [ app_end ] --START--
INFO: Run Behavior\ShowPageTraceBehavior [ RunTime:0.003001s ]
INFO: [ app_end ] --END-- [ RunTime:0.003001s ]

[ 2017-07-30T18:25:30+08:00 ] 127.0.0.1 /index.php/Admin/Goods/getAttrValUpd
INFO: [ app_begin ] --START--
INFO: Run Behavior\ReadHtmlCacheBehavior [ RunTime:0.003001s ]
INFO: [ app_begin ] --END-- [ RunTime:0.005001s ]
SQL: SHOW COLUMNS FROM `cz_auth` [ RunTime:0.0320s ]
SQL: SELECT * FROM `cz_auth` WHERE ( auth_level=0 )  [ RunTime:0.0310s ]
SQL: SELECT * FROM `cz_auth` WHERE ( auth_level=1 )  [ RunTime:0.0010s ]
SQL: SHOW COLUMNS FROM `cz_goods` [ RunTime:0.0030s ]
SQL: SELECT * FROM `cz_goods` WHERE `goods_id` = 0 LIMIT 1   [ RunTime:0.0020s ]
SQL: SHOW COLUMNS FROM `cz_attribute` [ RunTime:0.0310s ]
SQL: SELECT * FROM `cz_attribute` WHERE `type_id` = 0  [ RunTime:0.0020s ]
INFO: [ app_end ] --START--
INFO: Run Behavior\ShowPageTraceBehavior [ RunTime:0.007001s ]
INFO: [ app_end ] --END-- [ RunTime:0.007001s ]

[ 2017-07-30T18:31:05+08:00 ] 127.0.0.1 /index.php/Admin/Goods/getAttrValUpd
INFO: [ app_begin ] --START--
INFO: Run Behavior\ReadHtmlCacheBehavior [ RunTime:0.003000s ]
INFO: [ app_begin ] --END-- [ RunTime:0.005000s ]
SQL: SHOW COLUMNS FROM `cz_auth` [ RunTime:0.0180s ]
SQL: SELECT * FROM `cz_auth` WHERE ( auth_level=0 )  [ RunTime:0.0010s ]
SQL: SELECT * FROM `cz_auth` WHERE ( auth_level=1 )  [ RunTime:0.0020s ]
SQL: SHOW COLUMNS FROM `cz_goods` [ RunTime:0.0030s ]
SQL: SELECT * FROM `cz_goods` WHERE `goods_id` = 0 LIMIT 1   [ RunTime:0.0010s ]
SQL: SHOW COLUMNS FROM `cz_attribute` [ RunTime:0.0020s ]
SQL: SELECT * FROM `cz_attribute` WHERE `type_id` = 0  [ RunTime:0.0010s ]
INFO: [ app_end ] --START--
INFO: Run Behavior\ShowPageTraceBehavior [ RunTime:0.002000s ]
INFO: [ app_end ] --END-- [ RunTime:0.002000s ]

[ 2017-07-30T18:43:26+08:00 ] 127.0.0.1 /index.php/Admin/Goods/getAttrValUpd?type_id=0&goods_id=121
INFO: [ app_begin ] --START--
INFO: Run Behavior\ReadHtmlCacheBehavior [ RunTime:0.001000s ]
INFO: [ app_begin ] --END-- [ RunTime:0.003000s ]
SQL: SHOW COLUMNS FROM `cz_auth` [ RunTime:0.0140s ]
SQL: SELECT * FROM `cz_auth` WHERE ( auth_level=0 )  [ RunTime:0.0040s ]
SQL: SELECT * FROM `cz_auth` WHERE ( auth_level=1 )  [ RunTime:0.0020s ]
SQL: SHOW COLUMNS FROM `cz_goods` [ RunTime:0.0030s ]
SQL: SELECT * FROM `cz_goods` WHERE `goods_id` = 121 LIMIT 1   [ RunTime:0.0010s ]
SQL: SHOW COLUMNS FROM `cz_goods_attr` [ RunTime:0.0210s ]
SQL: SELECT g.attr_id,g.attr_value,a.attr_name,a.attr_type,a.attr_opt FROM cz_goods_attr g INNER JOIN cz_attribute a on g.attr_id=a.attr_id  WHERE `goods_id` = '121'  [ RunTime:0.0180s ]
INFO: [ app_end ] --START--
INFO: Run Behavior\ShowPageTraceBehavior [ RunTime:0.003000s ]
INFO: [ app_end ] --END-- [ RunTime:0.003000s ]

[ 2017-07-30T18:44:24+08:00 ] 127.0.0.1 /index.php/Admin/Goods/getAttrValUpd?type_id=0&goods_id=120
INFO: [ app_begin ] --START--
INFO: Run Behavior\ReadHtmlCacheBehavior [ RunTime:0.004000s ]
INFO: [ app_begin ] --END-- [ RunTime:0.006000s ]
SQL: SHOW COLUMNS FROM `cz_auth` [ RunTime:0.0260s ]
SQL: SELECT * FROM `cz_auth` WHERE ( auth_level=0 )  [ RunTime:0.0140s ]
SQL: SELECT * FROM `cz_auth` WHERE ( auth_level=1 )  [ RunTime:0.0010s ]
SQL: SHOW COLUMNS FROM `cz_goods` [ RunTime:0.0030s ]
SQL: SELECT * FROM `cz_goods` WHERE `goods_id` = 120 LIMIT 1   [ RunTime:0.0010s ]
SQL: SHOW COLUMNS FROM `cz_goods_attr` [ RunTime:0.0240s ]
SQL: SELECT g.attr_id,g.attr_value,a.attr_name,a.attr_type,a.attr_opt FROM cz_goods_attr g INNER JOIN cz_attribute a on g.attr_id=a.attr_id  WHERE `goods_id` = '120'  [ RunTime:0.0120s ]
INFO: [ app_end ] --START--
INFO: Run Behavior\ShowPageTraceBehavior [ RunTime:0.002000s ]
INFO: [ app_end ] --END-- [ RunTime:0.003000s ]

[ 2017-07-30T18:44:46+08:00 ] 127.0.0.1 /index.php/Admin/Goods/getAttrValUpd?type_id=0&goods_id=121
INFO: [ app_begin ] --START--
INFO: Run Behavior\ReadHtmlCacheBehavior [ RunTime:0.002000s ]
INFO: [ app_begin ] --END-- [ RunTime:0.004000s ]
SQL: SHOW COLUMNS FROM `cz_auth` [ RunTime:0.0820s ]
SQL: SELECT * FROM `cz_auth` WHERE ( auth_level=0 )  [ RunTime:0.0020s ]
SQL: SELECT * FROM `cz_auth` WHERE ( auth_level=1 )  [ RunTime:0.0010s ]
SQL: SHOW COLUMNS FROM `cz_goods` [ RunTime:0.0050s ]
SQL: SELECT * FROM `cz_goods` WHERE `goods_id` = 121 LIMIT 1   [ RunTime:0.0040s ]
SQL: SHOW COLUMNS FROM `cz_goods_attr` [ RunTime:0.0190s ]
SQL: SELECT g.attr_id,g.attr_value,a.attr_name,a.attr_type,a.attr_opt FROM cz_goods_attr g INNER JOIN cz_attribute a on g.attr_id=a.attr_id  WHERE `goods_id` = '121'  [ RunTime:0.0080s ]
INFO: [ app_end ] --START--
INFO: Run Behavior\ShowPageTraceBehavior [ RunTime:0.111007s ]
INFO: [ app_end ] --END-- [ RunTime:0.112007s ]

[ 2017-07-30T18:45:59+08:00 ] 127.0.0.1 /index.php/Admin/Goods/getAttrValUpd?type_id=0&goods_id=120
INFO: [ app_begin ] --START--
INFO: Run Behavior\ReadHtmlCacheBehavior [ RunTime:0.002000s ]
INFO: [ app_begin ] --END-- [ RunTime:0.005000s ]
SQL: SHOW COLUMNS FROM `cz_auth` [ RunTime:0.0020s ]
SQL: SELECT * FROM `cz_auth` WHERE ( auth_level=0 )  [ RunTime:0.0000s ]
SQL: SELECT * FROM `cz_auth` WHERE ( auth_level=1 )  [ RunTime:0.0120s ]
SQL: SHOW COLUMNS FROM `cz_goods` [ RunTime:0.0110s ]
SQL: SELECT * FROM `cz_goods` WHERE `goods_id` = 120 LIMIT 1   [ RunTime:0.0030s ]
SQL: SHOW COLUMNS FROM `cz_goods_attr` [ RunTime:0.0050s ]
SQL: SELECT g.attr_id,g.attr_value,a.attr_name,a.attr_type,a.attr_opt FROM cz_goods_attr g INNER JOIN cz_attribute a on g.attr_id=a.attr_id  WHERE `goods_id` = '120'  [ RunTime:0.0260s ]
INFO: [ app_end ] --START--
INFO: Run Behavior\ShowPageTraceBehavior [ RunTime:0.003000s ]
INFO: [ app_end ] --END-- [ RunTime:0.003000s ]

[ 2017-07-30T18:47:24+08:00 ] 127.0.0.1 /index.php/Admin/Goods/getAttrValUpd?type_id=0&goods_id=120
INFO: [ app_begin ] --START--
INFO: Run Behavior\ReadHtmlCacheBehavior [ RunTime:0.003000s ]
INFO: [ app_begin ] --END-- [ RunTime:0.005000s ]
SQL: SHOW COLUMNS FROM `cz_auth` [ RunTime:0.0380s ]
SQL: SELECT * FROM `cz_auth` WHERE ( auth_level=0 )  [ RunTime:0.0010s ]
SQL: SELECT * FROM `cz_auth` WHERE ( auth_level=1 )  [ RunTime:0.0010s ]
SQL: SHOW COLUMNS FROM `cz_goods` [ RunTime:0.0030s ]
SQL: SELECT * FROM `cz_goods` WHERE `goods_id` = 120 LIMIT 1   [ RunTime:0.0030s ]
SQL: SHOW COLUMNS FROM `cz_goods_attr` [ RunTime:0.0090s ]
SQL: SELECT g.attr_id,g.attr_value,a.attr_name,a.attr_type,a.attr_opt FROM cz_goods_attr g INNER JOIN cz_attribute a on g.attr_id=a.attr_id  WHERE `goods_id` = '120'  [ RunTime:0.0370s ]
INFO: [ app_end ] --START--
INFO: Run Behavior\ShowPageTraceBehavior [ RunTime:0.001000s ]
INFO: [ app_end ] --END-- [ RunTime:0.001000s ]

[ 2017-07-30T19:04:39+08:00 ] 127.0.0.1 /index.php/Admin/Goods/getAttrValUpd
INFO: [ app_begin ] --START--
INFO: Run Behavior\ReadHtmlCacheBehavior [ RunTime:0.002000s ]
INFO: [ app_begin ] --END-- [ RunTime:0.004000s ]
NOTIC: [8] Undefined index: mg_name E:\wamp64\www\onlineshop\App\Admin\Controller\BaseController.class.php 第 16 行.
SQL: SHOW COLUMNS FROM `cz_goods` [ RunTime:0.0030s ]
SQL: SELECT * FROM `cz_goods` WHERE `goods_id` = 0 LIMIT 1   [ RunTime:0.0010s ]
SQL: SHOW COLUMNS FROM `cz_attribute` [ RunTime:0.0010s ]
SQL: SELECT * FROM `cz_attribute` WHERE `type_id` = 0  [ RunTime:0.0020s ]
INFO: [ app_end ] --START--
INFO: Run Behavior\ShowPageTraceBehavior [ RunTime:0.003000s ]
INFO: [ app_end ] --END-- [ RunTime:0.003000s ]

[ 2017-07-30T19:10:36+08:00 ] 127.0.0.1 /index.php/Admin/Goods/getAttrValUpd?type_id=0&goods_id=121
INFO: [ app_begin ] --START--
INFO: Run Behavior\ReadHtmlCacheBehavior [ RunTime:0.002000s ]
INFO: [ app_begin ] --END-- [ RunTime:0.004000s ]
NOTIC: [8] Undefined index: mg_name E:\wamp64\www\onlineshop\App\Admin\Controller\BaseController.class.php 第 16 行.
SQL: SHOW COLUMNS FROM `cz_goods` [ RunTime:0.0270s ]
SQL: SELECT * FROM `cz_goods` WHERE `goods_id` = 121 LIMIT 1   [ RunTime:0.0020s ]
SQL: SHOW COLUMNS FROM `cz_goods_attr` [ RunTime:0.0030s ]
SQL: SELECT g.attr_id,g.attr_value,a.attr_name,a.attr_type,a.attr_opt FROM cz_goods_attr g INNER JOIN cz_attribute a on g.attr_id=a.attr_id  WHERE `goods_id` = '121'  [ RunTime:0.0010s ]
INFO: [ app_end ] --START--
INFO: Run Behavior\ShowPageTraceBehavior [ RunTime:0.003000s ]
INFO: [ app_end ] --END-- [ RunTime:0.003000s ]

