[ 2017-05-26T14:49:47+08:00 ] 127.0.0.1 /index.php/Admin/Manage/login
INFO: [ app_begin ] --START--
INFO: Run Behavior\ReadHtmlCacheBehavior [ RunTime:0.001000s ]
INFO: [ app_begin ] --END-- [ RunTime:0.002000s ]
NOTIC: [8] Undefined index: mg_name E:\wamp64\www\onlineshop\App\Admin\Controller\BaseController.class.php 第 16 行.
SQL: SHOW COLUMNS FROM `cz_manager` [ RunTime:0.0000s ]
SQL: SELECT * FROM `cz_manager` WHERE `mg_name` = 'admin' LIMIT 1   [ RunTime:0.0000s ]
SQL: SELECT * FROM `cz_manager` WHERE `mg_name` = 'admin' AND `mg_pwd` = '21232f297a57a5a743894a0e4a801fc3' LIMIT 1   [ RunTime:0.0000s ]
INFO: [ app_end ] --START--
INFO: Run Behavior\ShowPageTraceBehavior [ RunTime:0.000000s ]
INFO: [ app_end ] --END-- [ RunTime:0.000000s ]

[ 2017-05-26T14:50:00+08:00 ] 127.0.0.1 /index.php/Admin/Goods/getAttrValUpd?type_id=2&goods_id=105
INFO: [ app_begin ] --START--
INFO: Run Behavior\ReadHtmlCacheBehavior [ RunTime:0.003000s ]
INFO: [ app_begin ] --END-- [ RunTime:0.004000s ]
SQL: SHOW COLUMNS FROM `cz_auth` [ RunTime:0.0020s ]
SQL: SELECT * FROM `cz_auth` WHERE ( auth_level=0 )  [ RunTime:0.0010s ]
SQL: SELECT * FROM `cz_auth` WHERE ( auth_level=1 )  [ RunTime:0.0010s ]
SQL: SHOW COLUMNS FROM `cz_goods` [ RunTime:0.0030s ]
SQL: SELECT * FROM `cz_goods` WHERE `goods_id` = 105 LIMIT 1   [ RunTime:0.0010s ]
SQL: SHOW COLUMNS FROM `cz_goods_attr` [ RunTime:0.0040s ]
SQL: SELECT g.attr_id,g.attr_value,a.attr_name,a.attr_type,a.attr_opt FROM cz_goods_attr g INNER JOIN cz_attribute a on g.attr_id=a.attr_id  WHERE `goods_id` = '105'  [ RunTime:0.1170s ]
INFO: [ app_end ] --START--
INFO: Run Behavior\ShowPageTraceBehavior [ RunTime:0.002000s ]
INFO: [ app_end ] --END-- [ RunTime:0.002000s ]

[ 2017-05-26T15:57:18+08:00 ] 127.0.0.1 /index.php/Admin/Manage/login
INFO: [ app_begin ] --START--
INFO: Run Behavior\ReadHtmlCacheBehavior [ RunTime:0.001000s ]
INFO: [ app_begin ] --END-- [ RunTime:0.001000s ]
NOTIC: [8] Undefined index: mg_name E:\wamp64\www\onlineshop\App\Admin\Controller\BaseController.class.php 第 16 行.
SQL: SHOW COLUMNS FROM `cz_manager` [ RunTime:0.0020s ]
SQL: SELECT * FROM `cz_manager` WHERE `mg_name` = 'admin' LIMIT 1   [ RunTime:0.0000s ]
SQL: SELECT * FROM `cz_manager` WHERE `mg_name` = 'admin' AND `mg_pwd` = '21232f297a57a5a743894a0e4a801fc3' LIMIT 1   [ RunTime:0.0000s ]
INFO: [ app_end ] --START--
INFO: Run Behavior\ShowPageTraceBehavior [ RunTime:0.001000s ]
INFO: [ app_end ] --END-- [ RunTime:0.001000s ]

[ 2017-05-26T15:57:23+08:00 ] 127.0.0.1 /index.php/Admin/Goods/getAttrValUpd?type_id=2&goods_id=105
INFO: [ app_begin ] --START--
INFO: Run Behavior\ReadHtmlCacheBehavior [ RunTime:0.002000s ]
INFO: [ app_begin ] --END-- [ RunTime:0.003000s ]
SQL: SHOW COLUMNS FROM `cz_auth` [ RunTime:0.0010s ]
SQL: SELECT * FROM `cz_auth` WHERE ( auth_level=0 )  [ RunTime:0.0010s ]
SQL: SELECT * FROM `cz_auth` WHERE ( auth_level=1 )  [ RunTime:0.0010s ]
SQL: SHOW COLUMNS FROM `cz_goods` [ RunTime:0.0020s ]
SQL: SELECT * FROM `cz_goods` WHERE `goods_id` = 105 LIMIT 1   [ RunTime:0.0010s ]
SQL: SHOW COLUMNS FROM `cz_goods_attr` [ RunTime:0.0010s ]
SQL: SELECT g.attr_id,g.attr_value,a.attr_name,a.attr_type,a.attr_opt FROM cz_goods_attr g INNER JOIN cz_attribute a on g.attr_id=a.attr_id  WHERE `goods_id` = '105'  [ RunTime:0.0030s ]
INFO: [ app_end ] --START--
INFO: Run Behavior\ShowPageTraceBehavior [ RunTime:0.002000s ]
INFO: [ app_end ] --END-- [ RunTime:0.003000s ]

