[ 2017-05-02T00:41:03+08:00 ] 127.0.0.1 /index.php/Admin/Manage/login
INFO: [ app_begin ] --START--
INFO: Run Behavior\ReadHtmlCacheBehavior [ RunTime:0.001000s ]
INFO: [ app_begin ] --END-- [ RunTime:0.002000s ]
NOTIC: [8] Undefined index: mg_name E:\wamp64\www\onlineshop\App\Admin\Controller\BaseController.class.php 第 16 行.
SQL: SHOW COLUMNS FROM `cz_manager` [ RunTime:0.0350s ]
SQL: SELECT * FROM `cz_manager` WHERE `mg_name` = 'admin' LIMIT 1   [ RunTime:0.0050s ]
SQL: SELECT * FROM `cz_manager` WHERE `mg_name` = 'admin' AND `mg_pwd` = '21232f297a57a5a743894a0e4a801fc3' LIMIT 1   [ RunTime:0.0000s ]
INFO: [ app_end ] --START--
INFO: Run Behavior\ShowPageTraceBehavior [ RunTime:0.000000s ]
INFO: [ app_end ] --END-- [ RunTime:0.000000s ]

[ 2017-05-02T00:44:09+08:00 ] 127.0.0.1 /index.php/Admin/Manage/login
INFO: [ app_begin ] --START--
INFO: Run Behavior\ReadHtmlCacheBehavior [ RunTime:0.001000s ]
INFO: [ app_begin ] --END-- [ RunTime:0.002000s ]
NOTIC: [8] Undefined index: mg_name E:\wamp64\www\onlineshop\App\Admin\Controller\BaseController.class.php 第 16 行.
INFO: [ app_end ] --START--
INFO: Run Behavior\ShowPageTraceBehavior [ RunTime:0.001000s ]
INFO: [ app_end ] --END-- [ RunTime:0.002001s ]

[ 2017-05-02T00:44:10+08:00 ] 127.0.0.1 /index.php/Admin/Manage/login
INFO: [ app_begin ] --START--
INFO: Run Behavior\ReadHtmlCacheBehavior [ RunTime:0.000000s ]
INFO: [ app_begin ] --END-- [ RunTime:0.000000s ]
NOTIC: [8] Undefined index: mg_name E:\wamp64\www\onlineshop\App\Admin\Controller\BaseController.class.php 第 16 行.
INFO: [ app_end ] --START--
INFO: Run Behavior\ShowPageTraceBehavior [ RunTime:0.005000s ]
INFO: [ app_end ] --END-- [ RunTime:0.005000s ]

[ 2017-05-02T00:44:19+08:00 ] 127.0.0.1 /index.php/Admin/Manage/login
INFO: [ app_begin ] --START--
INFO: Run Behavior\ReadHtmlCacheBehavior [ RunTime:0.001000s ]
INFO: [ app_begin ] --END-- [ RunTime:0.002000s ]
NOTIC: [8] Undefined index: mg_name E:\wamp64\www\onlineshop\App\Admin\Controller\BaseController.class.php 第 16 行.
SQL: SHOW COLUMNS FROM `cz_manager` [ RunTime:0.0400s ]
SQL: SELECT * FROM `cz_manager` WHERE `mg_name` = 'tom' LIMIT 1   [ RunTime:0.0000s ]
SQL: SELECT * FROM `cz_manager` WHERE `mg_name` = 'tom' AND `mg_pwd` = '21232f297a57a5a743894a0e4a801fc3' LIMIT 1   [ RunTime:0.0050s ]
INFO: [ app_end ] --START--
INFO: Run Behavior\ShowPageTraceBehavior [ RunTime:0.000000s ]
INFO: [ app_end ] --END-- [ RunTime:0.000000s ]

[ 2017-05-02T18:18:40+08:00 ] 127.0.0.1 /index.php/Admin/Manage/login
INFO: [ app_begin ] --START--
INFO: Run Behavior\ReadHtmlCacheBehavior [ RunTime:0.000000s ]
INFO: [ app_begin ] --END-- [ RunTime:0.001000s ]
NOTIC: [8] Undefined index: mg_name E:\wamp64\www\onlineshop\App\Admin\Controller\BaseController.class.php 第 16 行.
SQL: SHOW COLUMNS FROM `cz_manager` [ RunTime:0.0624s ]
SQL: SELECT * FROM `cz_manager` WHERE `mg_name` = 'admin' LIMIT 1   [ RunTime:0.0156s ]
SQL: SELECT * FROM `cz_manager` WHERE `mg_name` = 'admin' AND `mg_pwd` = '21232f297a57a5a743894a0e4a801fc3' LIMIT 1   [ RunTime:0.0156s ]
INFO: [ app_end ] --START--
INFO: Run Behavior\ShowPageTraceBehavior [ RunTime:0.000000s ]
INFO: [ app_end ] --END-- [ RunTime:0.000000s ]

[ 2017-05-02T18:20:39+08:00 ] 127.0.0.1 /index.php/Admin/Manage/login
INFO: [ app_begin ] --START--
INFO: Run Behavior\ReadHtmlCacheBehavior [ RunTime:0.001000s ]
INFO: [ app_begin ] --END-- [ RunTime:0.002000s ]
NOTIC: [8] Undefined index: mg_name E:\wamp64\www\onlineshop\App\Admin\Controller\BaseController.class.php 第 16 行.
SQL: SHOW COLUMNS FROM `cz_manager` [ RunTime:0.0156s ]
SQL: SELECT * FROM `cz_manager` WHERE `mg_name` = 'admin' LIMIT 1   [ RunTime:0.0000s ]
SQL: SELECT * FROM `cz_manager` WHERE `mg_name` = 'admin' AND `mg_pwd` = '21232f297a57a5a743894a0e4a801fc3' LIMIT 1   [ RunTime:0.0000s ]
INFO: [ app_end ] --START--
INFO: Run Behavior\ShowPageTraceBehavior [ RunTime:0.000000s ]
INFO: [ app_end ] --END-- [ RunTime:0.000000s ]

[ 2017-05-02T20:09:27+08:00 ] 127.0.0.1 /index.php/Admin/Goods/getAttrValUpd
INFO: [ app_begin ] --START--
INFO: Run Behavior\ReadHtmlCacheBehavior [ RunTime:0.001000s ]
INFO: [ app_begin ] --END-- [ RunTime:0.002000s ]
SQL: SHOW COLUMNS FROM `cz_auth` [ RunTime:0.0300s ]
SQL: SELECT * FROM `cz_auth` WHERE ( auth_level=0 )  [ RunTime:0.0010s ]
SQL: SELECT * FROM `cz_auth` WHERE ( auth_level=1 )  [ RunTime:0.0010s ]
SQL: SHOW COLUMNS FROM `cz_goods` [ RunTime:0.1100s ]
SQL: SELECT * FROM `cz_goods` WHERE `goods_id` = 0 LIMIT 1   [ RunTime:0.0320s ]
SQL: SHOW COLUMNS FROM `cz_attribute` [ RunTime:0.0030s ]
SQL: SELECT * FROM `cz_attribute` WHERE `type_id` = 0  [ RunTime:0.0470s ]
INFO: [ app_end ] --START--
INFO: Run Behavior\ShowPageTraceBehavior [ RunTime:0.001000s ]
INFO: [ app_end ] --END-- [ RunTime:0.001000s ]

[ 2017-05-02T20:12:21+08:00 ] 127.0.0.1 /index.php/Admin/Goods/getAttrValUpd
INFO: [ app_begin ] --START--
INFO: Run Behavior\ReadHtmlCacheBehavior [ RunTime:0.001000s ]
INFO: [ app_begin ] --END-- [ RunTime:0.002000s ]
SQL: SHOW COLUMNS FROM `cz_auth` [ RunTime:0.0010s ]
SQL: SELECT * FROM `cz_auth` WHERE ( auth_level=0 )  [ RunTime:0.0010s ]
SQL: SELECT * FROM `cz_auth` WHERE ( auth_level=1 )  [ RunTime:0.0000s ]
SQL: SHOW COLUMNS FROM `cz_goods` [ RunTime:0.0360s ]
SQL: SELECT * FROM `cz_goods` WHERE `goods_id` = 0 LIMIT 1   [ RunTime:0.0010s ]
SQL: SHOW COLUMNS FROM `cz_attribute` [ RunTime:0.0360s ]
SQL: SELECT * FROM `cz_attribute` WHERE `type_id` = 0  [ RunTime:0.0110s ]
INFO: [ app_end ] --START--
INFO: Run Behavior\ShowPageTraceBehavior [ RunTime:0.003000s ]
INFO: [ app_end ] --END-- [ RunTime:0.003000s ]

[ 2017-05-02T20:17:53+08:00 ] 127.0.0.1 /index.php/Admin/Goods/getAttrByType?type_id=4
INFO: [ app_begin ] --START--
INFO: Run Behavior\ReadHtmlCacheBehavior [ RunTime:0.001000s ]
INFO: [ app_begin ] --END-- [ RunTime:0.001000s ]
SQL: SHOW COLUMNS FROM `cz_auth` [ RunTime:0.0130s ]
SQL: SELECT * FROM `cz_auth` WHERE ( auth_level=0 )  [ RunTime:0.0000s ]
SQL: SELECT * FROM `cz_auth` WHERE ( auth_level=1 )  [ RunTime:0.0000s ]
SQL: SHOW COLUMNS FROM `cz_attribute` [ RunTime:0.0400s ]
SQL: SELECT * FROM `cz_attribute` WHERE `type_id` = 4  [ RunTime:0.0200s ]
INFO: [ app_end ] --START--
INFO: Run Behavior\ShowPageTraceBehavior [ RunTime:0.000000s ]
INFO: [ app_end ] --END-- [ RunTime:0.000000s ]

[ 2017-05-02T20:17:59+08:00 ] 127.0.0.1 /index.php/Admin/Goods/getAttrByType?type_id=2
INFO: [ app_begin ] --START--
INFO: Run Behavior\ReadHtmlCacheBehavior [ RunTime:0.001000s ]
INFO: [ app_begin ] --END-- [ RunTime:0.001000s ]
SQL: SHOW COLUMNS FROM `cz_auth` [ RunTime:0.0100s ]
SQL: SELECT * FROM `cz_auth` WHERE ( auth_level=0 )  [ RunTime:0.0000s ]
SQL: SELECT * FROM `cz_auth` WHERE ( auth_level=1 )  [ RunTime:0.0000s ]
SQL: SHOW COLUMNS FROM `cz_attribute` [ RunTime:0.0200s ]
SQL: SELECT * FROM `cz_attribute` WHERE `type_id` = 2  [ RunTime:0.0100s ]
INFO: [ app_end ] --START--
INFO: Run Behavior\ShowPageTraceBehavior [ RunTime:0.000000s ]
INFO: [ app_end ] --END-- [ RunTime:0.000000s ]

[ 2017-05-02T20:21:42+08:00 ] 127.0.0.1 /index.php/Admin/Goods/getAttrValUpd?type_id=2&goods_id=103
INFO: [ app_begin ] --START--
INFO: Run Behavior\ReadHtmlCacheBehavior [ RunTime:0.002000s ]
INFO: [ app_begin ] --END-- [ RunTime:0.002000s ]
SQL: SHOW COLUMNS FROM `cz_auth` [ RunTime:0.0240s ]
SQL: SELECT * FROM `cz_auth` WHERE ( auth_level=0 )  [ RunTime:0.0000s ]
SQL: SELECT * FROM `cz_auth` WHERE ( auth_level=1 )  [ RunTime:0.0010s ]
SQL: SHOW COLUMNS FROM `cz_goods` [ RunTime:0.0010s ]
SQL: SELECT * FROM `cz_goods` WHERE `goods_id` = 103 LIMIT 1   [ RunTime:0.0010s ]
SQL: SHOW COLUMNS FROM `cz_goods_attr` [ RunTime:0.0250s ]
SQL: SELECT g.attr_id,g.attr_value,a.attr_name,a.attr_type,a.attr_opt FROM cz_goods_attr g INNER JOIN cz_attribute a on g.attr_id=a.attr_id  WHERE `goods_id` = '103'  [ RunTime:0.1660s ]
INFO: [ app_end ] --START--
INFO: Run Behavior\ShowPageTraceBehavior [ RunTime:0.001000s ]
INFO: [ app_end ] --END-- [ RunTime:0.001000s ]

[ 2017-05-02T20:31:50+08:00 ] 127.0.0.1 /index.php/Admin/Goods/getAttrValUpd
INFO: [ app_begin ] --START--
INFO: Run Behavior\ReadHtmlCacheBehavior [ RunTime:0.001000s ]
INFO: [ app_begin ] --END-- [ RunTime:0.002000s ]
SQL: SHOW COLUMNS FROM `cz_auth` [ RunTime:0.0430s ]
SQL: SELECT * FROM `cz_auth` WHERE ( auth_level=0 )  [ RunTime:0.0010s ]
SQL: SELECT * FROM `cz_auth` WHERE ( auth_level=1 )  [ RunTime:0.0000s ]
SQL: SHOW COLUMNS FROM `cz_goods` [ RunTime:0.0010s ]
SQL: SELECT * FROM `cz_goods` WHERE `goods_id` = 0 LIMIT 1   [ RunTime:0.0000s ]
SQL: SHOW COLUMNS FROM `cz_attribute` [ RunTime:0.0010s ]
SQL: SELECT * FROM `cz_attribute` WHERE `type_id` = 0  [ RunTime:0.0010s ]
INFO: [ app_end ] --START--
INFO: Run Behavior\ShowPageTraceBehavior [ RunTime:0.003000s ]
INFO: [ app_end ] --END-- [ RunTime:0.003000s ]

[ 2017-05-02T20:34:37+08:00 ] 127.0.0.1 /index.php/Admin/Goods/getAttrValUpd?type_id=0&goods_id=104
INFO: [ app_begin ] --START--
INFO: Run Behavior\ReadHtmlCacheBehavior [ RunTime:0.002000s ]
INFO: [ app_begin ] --END-- [ RunTime:0.003000s ]
SQL: SHOW COLUMNS FROM `cz_auth` [ RunTime:0.0370s ]
SQL: SELECT * FROM `cz_auth` WHERE ( auth_level=0 )  [ RunTime:0.0030s ]
SQL: SELECT * FROM `cz_auth` WHERE ( auth_level=1 )  [ RunTime:0.0010s ]
SQL: SHOW COLUMNS FROM `cz_goods` [ RunTime:0.0020s ]
SQL: SELECT * FROM `cz_goods` WHERE `goods_id` = 104 LIMIT 1   [ RunTime:0.0000s ]
SQL: SHOW COLUMNS FROM `cz_goods_attr` [ RunTime:0.0080s ]
SQL: SELECT g.attr_id,g.attr_value,a.attr_name,a.attr_type,a.attr_opt FROM cz_goods_attr g INNER JOIN cz_attribute a on g.attr_id=a.attr_id  WHERE `goods_id` = '104'  [ RunTime:0.0250s ]
INFO: [ app_end ] --START--
INFO: Run Behavior\ShowPageTraceBehavior [ RunTime:0.001000s ]
INFO: [ app_end ] --END-- [ RunTime:0.002000s ]

[ 2017-05-02T20:35:28+08:00 ] 127.0.0.1 /index.php/Admin/Goods/getAttrValUpd
INFO: [ app_begin ] --START--
INFO: Run Behavior\ReadHtmlCacheBehavior [ RunTime:0.001000s ]
INFO: [ app_begin ] --END-- [ RunTime:0.002000s ]
SQL: SHOW COLUMNS FROM `cz_auth` [ RunTime:0.0070s ]
SQL: SELECT * FROM `cz_auth` WHERE ( auth_level=0 )  [ RunTime:0.0000s ]
SQL: SELECT * FROM `cz_auth` WHERE ( auth_level=1 )  [ RunTime:0.0010s ]
SQL: SHOW COLUMNS FROM `cz_goods` [ RunTime:0.0020s ]
SQL: SELECT * FROM `cz_goods` WHERE `goods_id` = 0 LIMIT 1   [ RunTime:0.0000s ]
SQL: SHOW COLUMNS FROM `cz_attribute` [ RunTime:0.0170s ]
SQL: SELECT * FROM `cz_attribute` WHERE `type_id` = 0  [ RunTime:0.0020s ]
INFO: [ app_end ] --START--
INFO: Run Behavior\ShowPageTraceBehavior [ RunTime:0.001000s ]
INFO: [ app_end ] --END-- [ RunTime:0.003000s ]

[ 2017-05-02T20:37:54+08:00 ] 127.0.0.1 /index.php/Admin/Goods/getAttrValUpd?type_id=0&goods_id=105
INFO: [ app_begin ] --START--
INFO: Run Behavior\ReadHtmlCacheBehavior [ RunTime:0.001000s ]
INFO: [ app_begin ] --END-- [ RunTime:0.001000s ]
SQL: SHOW COLUMNS FROM `cz_auth` [ RunTime:0.0180s ]
SQL: SELECT * FROM `cz_auth` WHERE ( auth_level=0 )  [ RunTime:0.0000s ]
SQL: SELECT * FROM `cz_auth` WHERE ( auth_level=1 )  [ RunTime:0.0010s ]
SQL: SHOW COLUMNS FROM `cz_goods` [ RunTime:0.0010s ]
SQL: SELECT * FROM `cz_goods` WHERE `goods_id` = 105 LIMIT 1   [ RunTime:0.0250s ]
SQL: SHOW COLUMNS FROM `cz_goods_attr` [ RunTime:0.0000s ]
SQL: SELECT g.attr_id,g.attr_value,a.attr_name,a.attr_type,a.attr_opt FROM cz_goods_attr g INNER JOIN cz_attribute a on g.attr_id=a.attr_id  WHERE `goods_id` = '105'  [ RunTime:0.0240s ]
INFO: [ app_end ] --START--
INFO: Run Behavior\ShowPageTraceBehavior [ RunTime:0.002001s ]
INFO: [ app_end ] --END-- [ RunTime:0.002001s ]

[ 2017-05-02T20:38:12+08:00 ] 127.0.0.1 /index.php/Admin/Goods/getAttrValUpd?type_id=0&goods_id=104
INFO: [ app_begin ] --START--
INFO: Run Behavior\ReadHtmlCacheBehavior [ RunTime:0.001000s ]
INFO: [ app_begin ] --END-- [ RunTime:0.002000s ]
SQL: SHOW COLUMNS FROM `cz_auth` [ RunTime:0.0080s ]
SQL: SELECT * FROM `cz_auth` WHERE ( auth_level=0 )  [ RunTime:0.0010s ]
SQL: SELECT * FROM `cz_auth` WHERE ( auth_level=1 )  [ RunTime:0.0000s ]
SQL: SHOW COLUMNS FROM `cz_goods` [ RunTime:0.0010s ]
SQL: SELECT * FROM `cz_goods` WHERE `goods_id` = 104 LIMIT 1   [ RunTime:0.0140s ]
SQL: SHOW COLUMNS FROM `cz_goods_attr` [ RunTime:0.0010s ]
SQL: SELECT g.attr_id,g.attr_value,a.attr_name,a.attr_type,a.attr_opt FROM cz_goods_attr g INNER JOIN cz_attribute a on g.attr_id=a.attr_id  WHERE `goods_id` = '104'  [ RunTime:0.0030s ]
INFO: [ app_end ] --START--
INFO: Run Behavior\ShowPageTraceBehavior [ RunTime:0.001000s ]
INFO: [ app_end ] --END-- [ RunTime:0.002000s ]

[ 2017-05-02T20:38:44+08:00 ] 127.0.0.1 /index.php/Admin/Goods/getAttrValUpd
INFO: [ app_begin ] --START--
INFO: Run Behavior\ReadHtmlCacheBehavior [ RunTime:0.000000s ]
INFO: [ app_begin ] --END-- [ RunTime:0.002000s ]
SQL: SHOW COLUMNS FROM `cz_auth` [ RunTime:0.0180s ]
SQL: SELECT * FROM `cz_auth` WHERE ( auth_level=0 )  [ RunTime:0.0010s ]
SQL: SELECT * FROM `cz_auth` WHERE ( auth_level=1 )  [ RunTime:0.0010s ]
SQL: SHOW COLUMNS FROM `cz_goods` [ RunTime:0.0020s ]
SQL: SELECT * FROM `cz_goods` WHERE `goods_id` = 0 LIMIT 1   [ RunTime:0.0010s ]
SQL: SHOW COLUMNS FROM `cz_attribute` [ RunTime:0.0280s ]
SQL: SELECT * FROM `cz_attribute` WHERE `type_id` = 0  [ RunTime:0.0010s ]
INFO: [ app_end ] --START--
INFO: Run Behavior\ShowPageTraceBehavior [ RunTime:0.003000s ]
INFO: [ app_end ] --END-- [ RunTime:0.003000s ]

[ 2017-05-02T20:38:55+08:00 ] 127.0.0.1 /index.php/Admin/Goods/getAttrValUpd
INFO: [ app_begin ] --START--
INFO: Run Behavior\ReadHtmlCacheBehavior [ RunTime:0.002001s ]
INFO: [ app_begin ] --END-- [ RunTime:0.003001s ]
SQL: SHOW COLUMNS FROM `cz_auth` [ RunTime:0.0550s ]
SQL: SELECT * FROM `cz_auth` WHERE ( auth_level=0 )  [ RunTime:0.0060s ]
SQL: SELECT * FROM `cz_auth` WHERE ( auth_level=1 )  [ RunTime:0.0010s ]
SQL: SHOW COLUMNS FROM `cz_goods` [ RunTime:0.0020s ]
SQL: SELECT * FROM `cz_goods` WHERE `goods_id` = 0 LIMIT 1   [ RunTime:0.0100s ]
SQL: SHOW COLUMNS FROM `cz_attribute` [ RunTime:0.0010s ]
SQL: SELECT * FROM `cz_attribute` WHERE `type_id` = 0  [ RunTime:0.0000s ]
INFO: [ app_end ] --START--
INFO: Run Behavior\ShowPageTraceBehavior [ RunTime:0.001000s ]
INFO: [ app_end ] --END-- [ RunTime:0.002000s ]

[ 2017-05-02T20:41:07+08:00 ] 127.0.0.1 /index.php/Admin/Goods/getAttrValUpd?type_id=0&goods_id=106
INFO: [ app_begin ] --START--
INFO: Run Behavior\ReadHtmlCacheBehavior [ RunTime:0.001000s ]
INFO: [ app_begin ] --END-- [ RunTime:0.002000s ]
SQL: SHOW COLUMNS FROM `cz_auth` [ RunTime:0.0140s ]
SQL: SELECT * FROM `cz_auth` WHERE ( auth_level=0 )  [ RunTime:0.0010s ]
SQL: SELECT * FROM `cz_auth` WHERE ( auth_level=1 )  [ RunTime:0.0010s ]
SQL: SHOW COLUMNS FROM `cz_goods` [ RunTime:0.0010s ]
SQL: SELECT * FROM `cz_goods` WHERE `goods_id` = 106 LIMIT 1   [ RunTime:0.0180s ]
SQL: SHOW COLUMNS FROM `cz_goods_attr` [ RunTime:0.0330s ]
SQL: SELECT g.attr_id,g.attr_value,a.attr_name,a.attr_type,a.attr_opt FROM cz_goods_attr g INNER JOIN cz_attribute a on g.attr_id=a.attr_id  WHERE `goods_id` = '106'  [ RunTime:0.0010s ]
INFO: [ app_end ] --START--
INFO: Run Behavior\ShowPageTraceBehavior [ RunTime:0.001001s ]
INFO: [ app_end ] --END-- [ RunTime:0.001001s ]

[ 2017-05-02T20:41:52+08:00 ] 127.0.0.1 /index.php/Admin/Goods/getAttrValUpd
INFO: [ app_begin ] --START--
INFO: Run Behavior\ReadHtmlCacheBehavior [ RunTime:0.001001s ]
INFO: [ app_begin ] --END-- [ RunTime:0.001001s ]
SQL: SHOW COLUMNS FROM `cz_auth` [ RunTime:0.0010s ]
SQL: SELECT * FROM `cz_auth` WHERE ( auth_level=0 )  [ RunTime:0.0130s ]
SQL: SELECT * FROM `cz_auth` WHERE ( auth_level=1 )  [ RunTime:0.0010s ]
SQL: SHOW COLUMNS FROM `cz_goods` [ RunTime:0.0010s ]
SQL: SELECT * FROM `cz_goods` WHERE `goods_id` = 0 LIMIT 1   [ RunTime:0.0090s ]
SQL: SHOW COLUMNS FROM `cz_attribute` [ RunTime:0.0020s ]
SQL: SELECT * FROM `cz_attribute` WHERE `type_id` = 0  [ RunTime:0.0010s ]
INFO: [ app_end ] --START--
INFO: Run Behavior\ShowPageTraceBehavior [ RunTime:0.004000s ]
INFO: [ app_end ] --END-- [ RunTime:0.004000s ]

[ 2017-05-02T20:43:44+08:00 ] 127.0.0.1 /index.php/Admin/Goods/getAttrValUpd?type_id=0&goods_id=107
INFO: [ app_begin ] --START--
INFO: Run Behavior\ReadHtmlCacheBehavior [ RunTime:0.002000s ]
INFO: [ app_begin ] --END-- [ RunTime:0.003000s ]
SQL: SHOW COLUMNS FROM `cz_auth` [ RunTime:0.0010s ]
SQL: SELECT * FROM `cz_auth` WHERE ( auth_level=0 )  [ RunTime:0.0010s ]
SQL: SELECT * FROM `cz_auth` WHERE ( auth_level=1 )  [ RunTime:0.0000s ]
SQL: SHOW COLUMNS FROM `cz_goods` [ RunTime:0.0030s ]
SQL: SELECT * FROM `cz_goods` WHERE `goods_id` = 107 LIMIT 1   [ RunTime:0.0000s ]
SQL: SHOW COLUMNS FROM `cz_goods_attr` [ RunTime:0.0010s ]
SQL: SELECT g.attr_id,g.attr_value,a.attr_name,a.attr_type,a.attr_opt FROM cz_goods_attr g INNER JOIN cz_attribute a on g.attr_id=a.attr_id  WHERE `goods_id` = '107'  [ RunTime:0.0010s ]
INFO: [ app_end ] --START--
INFO: Run Behavior\ShowPageTraceBehavior [ RunTime:0.001000s ]
INFO: [ app_end ] --END-- [ RunTime:0.001000s ]

[ 2017-05-02T20:44:04+08:00 ] 127.0.0.1 /index.php/Admin/Goods/getAttrValUpd
INFO: [ app_begin ] --START--
INFO: Run Behavior\ReadHtmlCacheBehavior [ RunTime:0.002000s ]
INFO: [ app_begin ] --END-- [ RunTime:0.003001s ]
SQL: SHOW COLUMNS FROM `cz_auth` [ RunTime:0.0110s ]
SQL: SELECT * FROM `cz_auth` WHERE ( auth_level=0 )  [ RunTime:0.0010s ]
SQL: SELECT * FROM `cz_auth` WHERE ( auth_level=1 )  [ RunTime:0.0010s ]
SQL: SHOW COLUMNS FROM `cz_goods` [ RunTime:0.0010s ]
SQL: SELECT * FROM `cz_goods` WHERE `goods_id` = 0 LIMIT 1   [ RunTime:0.0000s ]
SQL: SHOW COLUMNS FROM `cz_attribute` [ RunTime:0.0010s ]
SQL: SELECT * FROM `cz_attribute` WHERE `type_id` = 0  [ RunTime:0.0010s ]
INFO: [ app_end ] --START--
INFO: Run Behavior\ShowPageTraceBehavior [ RunTime:0.002000s ]
INFO: [ app_end ] --END-- [ RunTime:0.002000s ]

[ 2017-05-02T20:46:44+08:00 ] 127.0.0.1 /index.php/Admin/Goods/getAttrValUpd
INFO: [ app_begin ] --START--
INFO: Run Behavior\ReadHtmlCacheBehavior [ RunTime:0.001000s ]
INFO: [ app_begin ] --END-- [ RunTime:0.001000s ]
SQL: SHOW COLUMNS FROM `cz_auth` [ RunTime:0.0030s ]
SQL: SELECT * FROM `cz_auth` WHERE ( auth_level=0 )  [ RunTime:0.0010s ]
SQL: SELECT * FROM `cz_auth` WHERE ( auth_level=1 )  [ RunTime:0.0000s ]
SQL: SHOW COLUMNS FROM `cz_goods` [ RunTime:0.0020s ]
SQL: SELECT * FROM `cz_goods` WHERE `goods_id` = 0 LIMIT 1   [ RunTime:0.0070s ]
SQL: SHOW COLUMNS FROM `cz_attribute` [ RunTime:0.0020s ]
SQL: SELECT * FROM `cz_attribute` WHERE `type_id` = 0  [ RunTime:0.0010s ]
INFO: [ app_end ] --START--
INFO: Run Behavior\ShowPageTraceBehavior [ RunTime:0.001000s ]
INFO: [ app_end ] --END-- [ RunTime:0.001000s ]

[ 2017-05-02T20:48:57+08:00 ] 127.0.0.1 /index.php/Admin/Goods/getAttrValUpd?type_id=0&goods_id=108
INFO: [ app_begin ] --START--
INFO: Run Behavior\ReadHtmlCacheBehavior [ RunTime:0.001000s ]
INFO: [ app_begin ] --END-- [ RunTime:0.002000s ]
SQL: SHOW COLUMNS FROM `cz_auth` [ RunTime:0.0130s ]
SQL: SELECT * FROM `cz_auth` WHERE ( auth_level=0 )  [ RunTime:0.0010s ]
SQL: SELECT * FROM `cz_auth` WHERE ( auth_level=1 )  [ RunTime:0.0010s ]
SQL: SHOW COLUMNS FROM `cz_goods` [ RunTime:0.0010s ]
SQL: SELECT * FROM `cz_goods` WHERE `goods_id` = 108 LIMIT 1   [ RunTime:0.0010s ]
SQL: SHOW COLUMNS FROM `cz_goods_attr` [ RunTime:0.0010s ]
SQL: SELECT g.attr_id,g.attr_value,a.attr_name,a.attr_type,a.attr_opt FROM cz_goods_attr g INNER JOIN cz_attribute a on g.attr_id=a.attr_id  WHERE `goods_id` = '108'  [ RunTime:0.0010s ]
INFO: [ app_end ] --START--
INFO: Run Behavior\ShowPageTraceBehavior [ RunTime:0.002000s ]
INFO: [ app_end ] --END-- [ RunTime:0.003000s ]

[ 2017-05-02T20:53:54+08:00 ] 127.0.0.1 /index.php/Admin/Goods/getAttrValUpd
INFO: [ app_begin ] --START--
INFO: Run Behavior\ReadHtmlCacheBehavior [ RunTime:0.001000s ]
INFO: [ app_begin ] --END-- [ RunTime:0.002000s ]
SQL: SHOW COLUMNS FROM `cz_auth` [ RunTime:0.0010s ]
SQL: SELECT * FROM `cz_auth` WHERE ( auth_level=0 )  [ RunTime:0.0010s ]
SQL: SELECT * FROM `cz_auth` WHERE ( auth_level=1 )  [ RunTime:0.0010s ]
SQL: SHOW COLUMNS FROM `cz_goods` [ RunTime:0.0010s ]
SQL: SELECT * FROM `cz_goods` WHERE `goods_id` = 0 LIMIT 1   [ RunTime:0.0010s ]
SQL: SHOW COLUMNS FROM `cz_attribute` [ RunTime:0.0070s ]
SQL: SELECT * FROM `cz_attribute` WHERE `type_id` = 0  [ RunTime:0.0010s ]
INFO: [ app_end ] --START--
INFO: Run Behavior\ShowPageTraceBehavior [ RunTime:0.001000s ]
INFO: [ app_end ] --END-- [ RunTime:0.001000s ]

[ 2017-05-02T20:58:58+08:00 ] 127.0.0.1 /index.php/Admin/Goods/getAttrValUpd
INFO: [ app_begin ] --START--
INFO: Run Behavior\ReadHtmlCacheBehavior [ RunTime:0.002000s ]
INFO: [ app_begin ] --END-- [ RunTime:0.003000s ]
SQL: SHOW COLUMNS FROM `cz_auth` [ RunTime:0.0060s ]
SQL: SELECT * FROM `cz_auth` WHERE ( auth_level=0 )  [ RunTime:0.0010s ]
SQL: SELECT * FROM `cz_auth` WHERE ( auth_level=1 )  [ RunTime:0.0000s ]
SQL: SHOW COLUMNS FROM `cz_goods` [ RunTime:0.0010s ]
SQL: SELECT * FROM `cz_goods` WHERE `goods_id` = 0 LIMIT 1   [ RunTime:0.0010s ]
SQL: SHOW COLUMNS FROM `cz_attribute` [ RunTime:0.0010s ]
SQL: SELECT * FROM `cz_attribute` WHERE `type_id` = 0  [ RunTime:0.0010s ]
INFO: [ app_end ] --START--
INFO: Run Behavior\ShowPageTraceBehavior [ RunTime:0.001000s ]
INFO: [ app_end ] --END-- [ RunTime:0.001000s ]

[ 2017-05-02T21:00:07+08:00 ] 127.0.0.1 /index.php/Admin/Goods/getAttrValUpd
INFO: [ app_begin ] --START--
INFO: Run Behavior\ReadHtmlCacheBehavior [ RunTime:0.001000s ]
INFO: [ app_begin ] --END-- [ RunTime:0.002001s ]
SQL: SHOW COLUMNS FROM `cz_auth` [ RunTime:0.0060s ]
SQL: SELECT * FROM `cz_auth` WHERE ( auth_level=0 )  [ RunTime:0.0010s ]
SQL: SELECT * FROM `cz_auth` WHERE ( auth_level=1 )  [ RunTime:0.0010s ]
SQL: SHOW COLUMNS FROM `cz_goods` [ RunTime:0.0020s ]
SQL: SELECT * FROM `cz_goods` WHERE `goods_id` = 0 LIMIT 1   [ RunTime:0.0040s ]
SQL: SHOW COLUMNS FROM `cz_attribute` [ RunTime:0.0010s ]
SQL: SELECT * FROM `cz_attribute` WHERE `type_id` = 0  [ RunTime:0.0020s ]
INFO: [ app_end ] --START--
INFO: Run Behavior\ShowPageTraceBehavior [ RunTime:0.001000s ]
INFO: [ app_end ] --END-- [ RunTime:0.001000s ]

[ 2017-05-02T21:02:12+08:00 ] 127.0.0.1 /index.php/Admin/Goods/getAttrValUpd?type_id=0&goods_id=109
INFO: [ app_begin ] --START--
INFO: Run Behavior\ReadHtmlCacheBehavior [ RunTime:0.002000s ]
INFO: [ app_begin ] --END-- [ RunTime:0.003000s ]
SQL: SHOW COLUMNS FROM `cz_auth` [ RunTime:0.0010s ]
SQL: SELECT * FROM `cz_auth` WHERE ( auth_level=0 )  [ RunTime:0.0010s ]
SQL: SELECT * FROM `cz_auth` WHERE ( auth_level=1 )  [ RunTime:0.0010s ]
SQL: SHOW COLUMNS FROM `cz_goods` [ RunTime:0.0010s ]
SQL: SELECT * FROM `cz_goods` WHERE `goods_id` = 109 LIMIT 1   [ RunTime:0.0010s ]
SQL: SHOW COLUMNS FROM `cz_goods_attr` [ RunTime:0.0020s ]
SQL: SELECT g.attr_id,g.attr_value,a.attr_name,a.attr_type,a.attr_opt FROM cz_goods_attr g INNER JOIN cz_attribute a on g.attr_id=a.attr_id  WHERE `goods_id` = '109'  [ RunTime:0.0010s ]
INFO: [ app_end ] --START--
INFO: Run Behavior\ShowPageTraceBehavior [ RunTime:0.001000s ]
INFO: [ app_end ] --END-- [ RunTime:0.001000s ]

[ 2017-05-02T21:47:43+08:00 ] 127.0.0.1 /index.php/Admin/Goods/getAttrValUpd?type_id=0&goods_id=109
INFO: [ app_begin ] --START--
INFO: Run Behavior\ReadHtmlCacheBehavior [ RunTime:0.002000s ]
INFO: [ app_begin ] --END-- [ RunTime:0.002000s ]
SQL: SHOW COLUMNS FROM `cz_auth` [ RunTime:0.0010s ]
SQL: SELECT * FROM `cz_auth` WHERE ( auth_level=0 )  [ RunTime:0.0010s ]
SQL: SELECT * FROM `cz_auth` WHERE ( auth_level=1 )  [ RunTime:0.0000s ]
SQL: SHOW COLUMNS FROM `cz_goods` [ RunTime:0.0010s ]
SQL: SELECT * FROM `cz_goods` WHERE `goods_id` = 109 LIMIT 1   [ RunTime:0.0010s ]
SQL: SHOW COLUMNS FROM `cz_goods_attr` [ RunTime:0.0010s ]
SQL: SELECT g.attr_id,g.attr_value,a.attr_name,a.attr_type,a.attr_opt FROM cz_goods_attr g INNER JOIN cz_attribute a on g.attr_id=a.attr_id  WHERE `goods_id` = '109'  [ RunTime:0.0180s ]
INFO: [ app_end ] --START--
INFO: Run Behavior\ShowPageTraceBehavior [ RunTime:0.001000s ]
INFO: [ app_end ] --END-- [ RunTime:0.001000s ]

[ 2017-05-02T21:49:32+08:00 ] 127.0.0.1 /index.php/Admin/Goods/getAttrValUpd
INFO: [ app_begin ] --START--
INFO: Run Behavior\ReadHtmlCacheBehavior [ RunTime:0.002000s ]
INFO: [ app_begin ] --END-- [ RunTime:0.003001s ]
SQL: SHOW COLUMNS FROM `cz_auth` [ RunTime:0.0310s ]
SQL: SELECT * FROM `cz_auth` WHERE ( auth_level=0 )  [ RunTime:0.0070s ]
SQL: SELECT * FROM `cz_auth` WHERE ( auth_level=1 )  [ RunTime:0.0010s ]
SQL: SHOW COLUMNS FROM `cz_goods` [ RunTime:0.0010s ]
SQL: SELECT * FROM `cz_goods` WHERE `goods_id` = 0 LIMIT 1   [ RunTime:0.0010s ]
SQL: SHOW COLUMNS FROM `cz_attribute` [ RunTime:0.0010s ]
SQL: SELECT * FROM `cz_attribute` WHERE `type_id` = 0  [ RunTime:0.0010s ]
INFO: [ app_end ] --START--
INFO: Run Behavior\ShowPageTraceBehavior [ RunTime:0.002000s ]
INFO: [ app_end ] --END-- [ RunTime:0.002000s ]

[ 2017-05-02T21:56:00+08:00 ] 127.0.0.1 /index.php/Admin/Goods/getAttrValUpd
INFO: [ app_begin ] --START--
INFO: Run Behavior\ReadHtmlCacheBehavior [ RunTime:0.001000s ]
INFO: [ app_begin ] --END-- [ RunTime:0.003000s ]
SQL: SHOW COLUMNS FROM `cz_auth` [ RunTime:0.0000s ]
SQL: SELECT * FROM `cz_auth` WHERE ( auth_level=0 )  [ RunTime:0.0010s ]
SQL: SELECT * FROM `cz_auth` WHERE ( auth_level=1 )  [ RunTime:0.0010s ]
SQL: SHOW COLUMNS FROM `cz_goods` [ RunTime:0.0020s ]
SQL: SELECT * FROM `cz_goods` WHERE `goods_id` = 0 LIMIT 1   [ RunTime:0.0010s ]
SQL: SHOW COLUMNS FROM `cz_attribute` [ RunTime:0.0010s ]
SQL: SELECT * FROM `cz_attribute` WHERE `type_id` = 0  [ RunTime:0.0160s ]
INFO: [ app_end ] --START--
INFO: Run Behavior\ShowPageTraceBehavior [ RunTime:0.002000s ]
INFO: [ app_end ] --END-- [ RunTime:0.002000s ]

[ 2017-05-02T22:11:53+08:00 ] 127.0.0.1 /index.php/Admin/Goods/getAttrValUpd
INFO: [ app_begin ] --START--
INFO: Run Behavior\ReadHtmlCacheBehavior [ RunTime:0.001000s ]
INFO: [ app_begin ] --END-- [ RunTime:0.002000s ]
SQL: SHOW COLUMNS FROM `cz_auth` [ RunTime:0.0240s ]
SQL: SELECT * FROM `cz_auth` WHERE ( auth_level=0 )  [ RunTime:0.0200s ]
SQL: SELECT * FROM `cz_auth` WHERE ( auth_level=1 )  [ RunTime:0.0010s ]
SQL: SHOW COLUMNS FROM `cz_goods` [ RunTime:0.0140s ]
SQL: SELECT * FROM `cz_goods` WHERE `goods_id` = 0 LIMIT 1   [ RunTime:0.0000s ]
SQL: SHOW COLUMNS FROM `cz_attribute` [ RunTime:0.0470s ]
SQL: SELECT * FROM `cz_attribute` WHERE `type_id` = 0  [ RunTime:0.0000s ]
INFO: [ app_end ] --START--
INFO: Run Behavior\ShowPageTraceBehavior [ RunTime:0.001000s ]
INFO: [ app_end ] --END-- [ RunTime:0.001000s ]

[ 2017-05-02T22:14:24+08:00 ] 127.0.0.1 /index.php/Admin/Goods/getAttrValUpd?type_id=2&goods_id=103
INFO: [ app_begin ] --START--
INFO: Run Behavior\ReadHtmlCacheBehavior [ RunTime:0.001000s ]
INFO: [ app_begin ] --END-- [ RunTime:0.001000s ]
SQL: SHOW COLUMNS FROM `cz_auth` [ RunTime:0.0260s ]
SQL: SELECT * FROM `cz_auth` WHERE ( auth_level=0 )  [ RunTime:0.0020s ]
SQL: SELECT * FROM `cz_auth` WHERE ( auth_level=1 )  [ RunTime:0.0000s ]
SQL: SHOW COLUMNS FROM `cz_goods` [ RunTime:0.0010s ]
SQL: SELECT * FROM `cz_goods` WHERE `goods_id` = 103 LIMIT 1   [ RunTime:0.0000s ]
SQL: SHOW COLUMNS FROM `cz_goods_attr` [ RunTime:0.0010s ]
SQL: SELECT g.attr_id,g.attr_value,a.attr_name,a.attr_type,a.attr_opt FROM cz_goods_attr g INNER JOIN cz_attribute a on g.attr_id=a.attr_id  WHERE `goods_id` = '103'  [ RunTime:0.0630s ]
INFO: [ app_end ] --START--
INFO: Run Behavior\ShowPageTraceBehavior [ RunTime:0.002000s ]
INFO: [ app_end ] --END-- [ RunTime:0.002000s ]

[ 2017-05-02T22:32:57+08:00 ] 127.0.0.1 /index.php/Admin/Goods/getAttrValUpd?type_id=2&goods_id=103
INFO: [ app_begin ] --START--
INFO: Run Behavior\ReadHtmlCacheBehavior [ RunTime:0.001000s ]
INFO: [ app_begin ] --END-- [ RunTime:0.002000s ]
SQL: SHOW COLUMNS FROM `cz_auth` [ RunTime:0.0080s ]
SQL: SELECT * FROM `cz_auth` WHERE ( auth_level=0 )  [ RunTime:0.0010s ]
SQL: SELECT * FROM `cz_auth` WHERE ( auth_level=1 )  [ RunTime:0.0010s ]
SQL: SHOW COLUMNS FROM `cz_goods` [ RunTime:0.0630s ]
SQL: SELECT * FROM `cz_goods` WHERE `goods_id` = 103 LIMIT 1   [ RunTime:0.0010s ]
SQL: SHOW COLUMNS FROM `cz_goods_attr` [ RunTime:0.0050s ]
SQL: SELECT g.attr_id,g.attr_value,a.attr_name,a.attr_type,a.attr_opt FROM cz_goods_attr g INNER JOIN cz_attribute a on g.attr_id=a.attr_id  WHERE `goods_id` = '103'  [ RunTime:0.0100s ]
INFO: [ app_end ] --START--
INFO: Run Behavior\ShowPageTraceBehavior [ RunTime:0.001000s ]
INFO: [ app_end ] --END-- [ RunTime:0.001000s ]

[ 2017-05-02T22:33:03+08:00 ] 127.0.0.1 /index.php/Admin/Goods/getAttrValUpd?type_id=0&goods_id=103
INFO: [ app_begin ] --START--
INFO: Run Behavior\ReadHtmlCacheBehavior [ RunTime:0.001000s ]
INFO: [ app_begin ] --END-- [ RunTime:0.002000s ]
SQL: SHOW COLUMNS FROM `cz_auth` [ RunTime:0.0190s ]
SQL: SELECT * FROM `cz_auth` WHERE ( auth_level=0 )  [ RunTime:0.0000s ]
SQL: SELECT * FROM `cz_auth` WHERE ( auth_level=1 )  [ RunTime:0.0010s ]
SQL: SHOW COLUMNS FROM `cz_goods` [ RunTime:0.0010s ]
SQL: SELECT * FROM `cz_goods` WHERE `goods_id` = 103 LIMIT 1   [ RunTime:0.0120s ]
SQL: SHOW COLUMNS FROM `cz_attribute` [ RunTime:0.0010s ]
SQL: SELECT * FROM `cz_attribute` WHERE `type_id` = 0  [ RunTime:0.0000s ]
INFO: [ app_end ] --START--
INFO: Run Behavior\ShowPageTraceBehavior [ RunTime:0.001000s ]
INFO: [ app_end ] --END-- [ RunTime:0.001000s ]

[ 2017-05-02T22:33:04+08:00 ] 127.0.0.1 /index.php/Admin/Goods/getAttrValUpd?type_id=2&goods_id=103
INFO: [ app_begin ] --START--
INFO: Run Behavior\ReadHtmlCacheBehavior [ RunTime:0.002000s ]
INFO: [ app_begin ] --END-- [ RunTime:0.003000s ]
SQL: SHOW COLUMNS FROM `cz_auth` [ RunTime:0.0010s ]
SQL: SELECT * FROM `cz_auth` WHERE ( auth_level=0 )  [ RunTime:0.0000s ]
SQL: SELECT * FROM `cz_auth` WHERE ( auth_level=1 )  [ RunTime:0.0000s ]
SQL: SHOW COLUMNS FROM `cz_goods` [ RunTime:0.0280s ]
SQL: SELECT * FROM `cz_goods` WHERE `goods_id` = 103 LIMIT 1   [ RunTime:0.0000s ]
SQL: SHOW COLUMNS FROM `cz_goods_attr` [ RunTime:0.0130s ]
SQL: SELECT g.attr_id,g.attr_value,a.attr_name,a.attr_type,a.attr_opt FROM cz_goods_attr g INNER JOIN cz_attribute a on g.attr_id=a.attr_id  WHERE `goods_id` = '103'  [ RunTime:0.0000s ]
INFO: [ app_end ] --START--
INFO: Run Behavior\ShowPageTraceBehavior [ RunTime:0.001000s ]
INFO: [ app_end ] --END-- [ RunTime:0.001000s ]

[ 2017-05-02T22:33:10+08:00 ] 127.0.0.1 /index.php/Admin/Goods/getAttrValUpd?type_id=2&goods_id=103
INFO: [ app_begin ] --START--
INFO: Run Behavior\ReadHtmlCacheBehavior [ RunTime:0.001000s ]
INFO: [ app_begin ] --END-- [ RunTime:0.004000s ]
SQL: SHOW COLUMNS FROM `cz_auth` [ RunTime:0.0020s ]
SQL: SELECT * FROM `cz_auth` WHERE ( auth_level=0 )  [ RunTime:0.0000s ]
SQL: SELECT * FROM `cz_auth` WHERE ( auth_level=1 )  [ RunTime:0.0010s ]
SQL: SHOW COLUMNS FROM `cz_goods` [ RunTime:0.0010s ]
SQL: SELECT * FROM `cz_goods` WHERE `goods_id` = 103 LIMIT 1   [ RunTime:0.0010s ]
SQL: SHOW COLUMNS FROM `cz_goods_attr` [ RunTime:0.0100s ]
SQL: SELECT g.attr_id,g.attr_value,a.attr_name,a.attr_type,a.attr_opt FROM cz_goods_attr g INNER JOIN cz_attribute a on g.attr_id=a.attr_id  WHERE `goods_id` = '103'  [ RunTime:0.0190s ]
INFO: [ app_end ] --START--
INFO: Run Behavior\ShowPageTraceBehavior [ RunTime:0.001000s ]
INFO: [ app_end ] --END-- [ RunTime:0.002000s ]

[ 2017-05-02T22:33:13+08:00 ] 127.0.0.1 /index.php/Admin/Goods/getAttrValUpd?type_id=3&goods_id=103
INFO: [ app_begin ] --START--
INFO: Run Behavior\ReadHtmlCacheBehavior [ RunTime:0.001000s ]
INFO: [ app_begin ] --END-- [ RunTime:0.002000s ]
SQL: SHOW COLUMNS FROM `cz_auth` [ RunTime:0.0200s ]
SQL: SELECT * FROM `cz_auth` WHERE ( auth_level=0 )  [ RunTime:0.0000s ]
SQL: SELECT * FROM `cz_auth` WHERE ( auth_level=1 )  [ RunTime:0.0000s ]
SQL: SHOW COLUMNS FROM `cz_goods` [ RunTime:0.0100s ]
SQL: SELECT * FROM `cz_goods` WHERE `goods_id` = 103 LIMIT 1   [ RunTime:0.0000s ]
SQL: SHOW COLUMNS FROM `cz_attribute` [ RunTime:0.0000s ]
SQL: SELECT * FROM `cz_attribute` WHERE `type_id` = 3  [ RunTime:0.0000s ]
INFO: [ app_end ] --START--
INFO: Run Behavior\ShowPageTraceBehavior [ RunTime:0.000000s ]
INFO: [ app_end ] --END-- [ RunTime:0.000000s ]

[ 2017-05-02T22:33:15+08:00 ] 127.0.0.1 /index.php/Admin/Goods/getAttrValUpd?type_id=2&goods_id=103
INFO: [ app_begin ] --START--
INFO: Run Behavior\ReadHtmlCacheBehavior [ RunTime:0.001001s ]
INFO: [ app_begin ] --END-- [ RunTime:0.002001s ]
SQL: SHOW COLUMNS FROM `cz_auth` [ RunTime:0.0100s ]
SQL: SELECT * FROM `cz_auth` WHERE ( auth_level=0 )  [ RunTime:0.0000s ]
SQL: SELECT * FROM `cz_auth` WHERE ( auth_level=1 )  [ RunTime:0.0000s ]
SQL: SHOW COLUMNS FROM `cz_goods` [ RunTime:0.0000s ]
SQL: SELECT * FROM `cz_goods` WHERE `goods_id` = 103 LIMIT 1   [ RunTime:0.0000s ]
SQL: SHOW COLUMNS FROM `cz_goods_attr` [ RunTime:0.0100s ]
SQL: SELECT g.attr_id,g.attr_value,a.attr_name,a.attr_type,a.attr_opt FROM cz_goods_attr g INNER JOIN cz_attribute a on g.attr_id=a.attr_id  WHERE `goods_id` = '103'  [ RunTime:0.0200s ]
INFO: [ app_end ] --START--
INFO: Run Behavior\ShowPageTraceBehavior [ RunTime:0.000000s ]
INFO: [ app_end ] --END-- [ RunTime:0.000000s ]

[ 2017-05-02T22:33:21+08:00 ] 127.0.0.1 /index.php/Admin/Goods/getAttrValUpd?type_id=4&goods_id=103
INFO: [ app_begin ] --START--
INFO: Run Behavior\ReadHtmlCacheBehavior [ RunTime:0.001000s ]
INFO: [ app_begin ] --END-- [ RunTime:0.002001s ]
SQL: SHOW COLUMNS FROM `cz_auth` [ RunTime:0.0080s ]
SQL: SELECT * FROM `cz_auth` WHERE ( auth_level=0 )  [ RunTime:0.0010s ]
SQL: SELECT * FROM `cz_auth` WHERE ( auth_level=1 )  [ RunTime:0.0010s ]
SQL: SHOW COLUMNS FROM `cz_goods` [ RunTime:0.0010s ]
SQL: SELECT * FROM `cz_goods` WHERE `goods_id` = 103 LIMIT 1   [ RunTime:0.0010s ]
SQL: SHOW COLUMNS FROM `cz_attribute` [ RunTime:0.0010s ]
SQL: SELECT * FROM `cz_attribute` WHERE `type_id` = 4  [ RunTime:0.0010s ]
INFO: [ app_end ] --START--
INFO: Run Behavior\ShowPageTraceBehavior [ RunTime:0.002001s ]
INFO: [ app_end ] --END-- [ RunTime:0.002001s ]

[ 2017-05-02T22:33:37+08:00 ] 127.0.0.1 /index.php/Admin/Goods/getAttrValUpd?type_id=2&goods_id=103
INFO: [ app_begin ] --START--
INFO: Run Behavior\ReadHtmlCacheBehavior [ RunTime:0.001000s ]
INFO: [ app_begin ] --END-- [ RunTime:0.002000s ]
SQL: SHOW COLUMNS FROM `cz_auth` [ RunTime:0.0100s ]
SQL: SELECT * FROM `cz_auth` WHERE ( auth_level=0 )  [ RunTime:0.0000s ]
SQL: SELECT * FROM `cz_auth` WHERE ( auth_level=1 )  [ RunTime:0.0000s ]
SQL: SHOW COLUMNS FROM `cz_goods` [ RunTime:0.0010s ]
SQL: SELECT * FROM `cz_goods` WHERE `goods_id` = 103 LIMIT 1   [ RunTime:0.0070s ]
SQL: SHOW COLUMNS FROM `cz_goods_attr` [ RunTime:0.0100s ]
SQL: SELECT g.attr_id,g.attr_value,a.attr_name,a.attr_type,a.attr_opt FROM cz_goods_attr g INNER JOIN cz_attribute a on g.attr_id=a.attr_id  WHERE `goods_id` = '103'  [ RunTime:0.0100s ]
INFO: [ app_end ] --START--
INFO: Run Behavior\ShowPageTraceBehavior [ RunTime:0.000000s ]
INFO: [ app_end ] --END-- [ RunTime:0.000000s ]

[ 2017-05-02T22:33:42+08:00 ] 127.0.0.1 /index.php/Admin/Goods/getAttrValUpd
INFO: [ app_begin ] --START--
INFO: Run Behavior\ReadHtmlCacheBehavior [ RunTime:0.001000s ]
INFO: [ app_begin ] --END-- [ RunTime:0.001000s ]
SQL: SHOW COLUMNS FROM `cz_auth` [ RunTime:0.0000s ]
SQL: SELECT * FROM `cz_auth` WHERE ( auth_level=0 )  [ RunTime:0.0010s ]
SQL: SELECT * FROM `cz_auth` WHERE ( auth_level=1 )  [ RunTime:0.0000s ]
SQL: SHOW COLUMNS FROM `cz_goods` [ RunTime:0.0010s ]
SQL: SELECT * FROM `cz_goods` WHERE `goods_id` = 0 LIMIT 1   [ RunTime:0.0000s ]
SQL: SHOW COLUMNS FROM `cz_attribute` [ RunTime:0.0010s ]
SQL: SELECT * FROM `cz_attribute` WHERE `type_id` = 0  [ RunTime:0.0010s ]
INFO: [ app_end ] --START--
INFO: Run Behavior\ShowPageTraceBehavior [ RunTime:0.001000s ]
INFO: [ app_end ] --END-- [ RunTime:0.001000s ]

[ 2017-05-02T22:34:33+08:00 ] 127.0.0.1 /index.php/Admin/Attribute/getAttr?type_id=4
INFO: [ app_begin ] --START--
INFO: Run Behavior\ReadHtmlCacheBehavior [ RunTime:0.001000s ]
INFO: [ app_begin ] --END-- [ RunTime:0.001000s ]
SQL: SHOW COLUMNS FROM `cz_auth` [ RunTime:0.0250s ]
SQL: SELECT * FROM `cz_auth` WHERE ( auth_level=0 )  [ RunTime:0.0010s ]
SQL: SELECT * FROM `cz_auth` WHERE ( auth_level=1 )  [ RunTime:0.0000s ]
SQL: SHOW COLUMNS FROM `cz_attribute` [ RunTime:0.0010s ]
SQL: SHOW COLUMNS FROM `cz_attribute` [ RunTime:0.0010s ]
SQL: SELECT * FROM `cz_attribute` WHERE `type_id` = 4  [ RunTime:0.0000s ]
SQL: SELECT * FROM `cz_attribute` WHERE `type_id` = 4 ORDER BY type_id LIMIT 0,15   [ RunTime:0.0030s ]
INFO: [ app_end ] --START--
INFO: Run Behavior\ShowPageTraceBehavior [ RunTime:0.001000s ]
INFO: [ app_end ] --END-- [ RunTime:0.001000s ]

[ 2017-05-02T22:34:35+08:00 ] 127.0.0.1 /index.php/Admin/Attribute/getAttr?type_id=3
INFO: [ app_begin ] --START--
INFO: Run Behavior\ReadHtmlCacheBehavior [ RunTime:0.001000s ]
INFO: [ app_begin ] --END-- [ RunTime:0.002000s ]
SQL: SHOW COLUMNS FROM `cz_auth` [ RunTime:0.0620s ]
SQL: SELECT * FROM `cz_auth` WHERE ( auth_level=0 )  [ RunTime:0.0120s ]
SQL: SELECT * FROM `cz_auth` WHERE ( auth_level=1 )  [ RunTime:0.0010s ]
SQL: SHOW COLUMNS FROM `cz_attribute` [ RunTime:0.0010s ]
SQL: SHOW COLUMNS FROM `cz_attribute` [ RunTime:0.0010s ]
SQL: SELECT * FROM `cz_attribute` WHERE `type_id` = 3  [ RunTime:0.0010s ]
SQL: SELECT * FROM `cz_attribute` WHERE `type_id` = 3 ORDER BY type_id LIMIT 0,15   [ RunTime:0.0040s ]
INFO: [ app_end ] --START--
INFO: Run Behavior\ShowPageTraceBehavior [ RunTime:0.003000s ]
INFO: [ app_end ] --END-- [ RunTime:0.003000s ]

[ 2017-05-02T22:34:37+08:00 ] 127.0.0.1 /index.php/Admin/Attribute/getAttr?type_id=2
INFO: [ app_begin ] --START--
INFO: Run Behavior\ReadHtmlCacheBehavior [ RunTime:0.001000s ]
INFO: [ app_begin ] --END-- [ RunTime:0.001000s ]
SQL: SHOW COLUMNS FROM `cz_auth` [ RunTime:0.0270s ]
SQL: SELECT * FROM `cz_auth` WHERE ( auth_level=0 )  [ RunTime:0.0000s ]
SQL: SELECT * FROM `cz_auth` WHERE ( auth_level=1 )  [ RunTime:0.0020s ]
SQL: SHOW COLUMNS FROM `cz_attribute` [ RunTime:0.0000s ]
SQL: SHOW COLUMNS FROM `cz_attribute` [ RunTime:0.0000s ]
SQL: SELECT * FROM `cz_attribute` WHERE `type_id` = 2  [ RunTime:0.0100s ]
SQL: SELECT * FROM `cz_attribute` WHERE `type_id` = 2 ORDER BY type_id LIMIT 0,15   [ RunTime:0.0000s ]
INFO: [ app_end ] --START--
INFO: Run Behavior\ShowPageTraceBehavior [ RunTime:0.000000s ]
INFO: [ app_end ] --END-- [ RunTime:0.000000s ]

[ 2017-05-02T22:34:44+08:00 ] 127.0.0.1 /index.php/Admin/Attribute/getAttr?type_id=5
INFO: [ app_begin ] --START--
INFO: Run Behavior\ReadHtmlCacheBehavior [ RunTime:0.002000s ]
INFO: [ app_begin ] --END-- [ RunTime:0.003000s ]
SQL: SHOW COLUMNS FROM `cz_auth` [ RunTime:0.0060s ]
SQL: SELECT * FROM `cz_auth` WHERE ( auth_level=0 )  [ RunTime:0.0000s ]
SQL: SELECT * FROM `cz_auth` WHERE ( auth_level=1 )  [ RunTime:0.0000s ]
SQL: SHOW COLUMNS FROM `cz_attribute` [ RunTime:0.0000s ]
SQL: SHOW COLUMNS FROM `cz_attribute` [ RunTime:0.0000s ]
SQL: SELECT * FROM `cz_attribute` WHERE `type_id` = 5  [ RunTime:0.0010s ]
SQL: SELECT * FROM `cz_attribute` WHERE `type_id` = 5 ORDER BY type_id LIMIT 0,15   [ RunTime:0.0010s ]
INFO: [ app_end ] --START--
INFO: Run Behavior\ShowPageTraceBehavior [ RunTime:0.001000s ]
INFO: [ app_end ] --END-- [ RunTime:0.002000s ]

[ 2017-05-02T22:34:46+08:00 ] 127.0.0.1 /index.php/Admin/Attribute/getAttr?type_id=6
INFO: [ app_begin ] --START--
INFO: Run Behavior\ReadHtmlCacheBehavior [ RunTime:0.001000s ]
INFO: [ app_begin ] --END-- [ RunTime:0.002000s ]
SQL: SHOW COLUMNS FROM `cz_auth` [ RunTime:0.0050s ]
SQL: SELECT * FROM `cz_auth` WHERE ( auth_level=0 )  [ RunTime:0.0000s ]
SQL: SELECT * FROM `cz_auth` WHERE ( auth_level=1 )  [ RunTime:0.0000s ]
SQL: SHOW COLUMNS FROM `cz_attribute` [ RunTime:0.0010s ]
SQL: SHOW COLUMNS FROM `cz_attribute` [ RunTime:0.0000s ]
SQL: SELECT * FROM `cz_attribute` WHERE `type_id` = 6  [ RunTime:0.0000s ]
SQL: SELECT * FROM `cz_attribute` WHERE `type_id` = 6 ORDER BY type_id LIMIT 0,15   [ RunTime:0.0000s ]
INFO: [ app_end ] --START--
INFO: Run Behavior\ShowPageTraceBehavior [ RunTime:0.000000s ]
INFO: [ app_end ] --END-- [ RunTime:0.000000s ]

[ 2017-05-02T22:34:48+08:00 ] 127.0.0.1 /index.php/Admin/Attribute/getAttr?type_id=2
INFO: [ app_begin ] --START--
INFO: Run Behavior\ReadHtmlCacheBehavior [ RunTime:0.001001s ]
INFO: [ app_begin ] --END-- [ RunTime:0.001001s ]
SQL: SHOW COLUMNS FROM `cz_auth` [ RunTime:0.0000s ]
SQL: SELECT * FROM `cz_auth` WHERE ( auth_level=0 )  [ RunTime:0.0100s ]
SQL: SELECT * FROM `cz_auth` WHERE ( auth_level=1 )  [ RunTime:0.0000s ]
SQL: SHOW COLUMNS FROM `cz_attribute` [ RunTime:0.0100s ]
SQL: SHOW COLUMNS FROM `cz_attribute` [ RunTime:0.0000s ]
SQL: SELECT * FROM `cz_attribute` WHERE `type_id` = 2  [ RunTime:0.0300s ]
SQL: SELECT * FROM `cz_attribute` WHERE `type_id` = 2 ORDER BY type_id LIMIT 0,15   [ RunTime:0.0000s ]
INFO: [ app_end ] --START--
INFO: Run Behavior\ShowPageTraceBehavior [ RunTime:0.000000s ]
INFO: [ app_end ] --END-- [ RunTime:0.000000s ]

[ 2017-05-02T22:48:59+08:00 ] 127.0.0.1 /index.php/Admin/Goods/getAttrValUpd?type_id=2&goods_id=103
INFO: [ app_begin ] --START--
INFO: Run Behavior\ReadHtmlCacheBehavior [ RunTime:0.002000s ]
INFO: [ app_begin ] --END-- [ RunTime:0.004001s ]
SQL: SHOW COLUMNS FROM `cz_auth` [ RunTime:0.0080s ]
SQL: SELECT * FROM `cz_auth` WHERE ( auth_level=0 )  [ RunTime:0.0000s ]
SQL: SELECT * FROM `cz_auth` WHERE ( auth_level=1 )  [ RunTime:0.0000s ]
SQL: SHOW COLUMNS FROM `cz_goods` [ RunTime:0.0010s ]
SQL: SELECT * FROM `cz_goods` WHERE `goods_id` = 103 LIMIT 1   [ RunTime:0.0010s ]
SQL: SHOW COLUMNS FROM `cz_goods_attr` [ RunTime:0.0010s ]
SQL: SELECT g.attr_id,g.attr_value,a.attr_name,a.attr_type,a.attr_opt FROM cz_goods_attr g INNER JOIN cz_attribute a on g.attr_id=a.attr_id  WHERE `goods_id` = '103'  [ RunTime:0.0010s ]
INFO: [ app_end ] --START--
INFO: Run Behavior\ShowPageTraceBehavior [ RunTime:0.002000s ]
INFO: [ app_end ] --END-- [ RunTime:0.002000s ]

[ 2017-05-02T23:03:21+08:00 ] 127.0.0.1 /index.php/Admin/Goods/getAttrValUpd
INFO: [ app_begin ] --START--
INFO: Run Behavior\ReadHtmlCacheBehavior [ RunTime:0.000000s ]
INFO: [ app_begin ] --END-- [ RunTime:0.001000s ]
SQL: SHOW COLUMNS FROM `cz_auth` [ RunTime:0.0480s ]
SQL: SELECT * FROM `cz_auth` WHERE ( auth_level=0 )  [ RunTime:0.0010s ]
SQL: SELECT * FROM `cz_auth` WHERE ( auth_level=1 )  [ RunTime:0.0010s ]
SQL: SHOW COLUMNS FROM `cz_goods` [ RunTime:0.0010s ]
SQL: SELECT * FROM `cz_goods` WHERE `goods_id` = 0 LIMIT 1   [ RunTime:0.0010s ]
SQL: SHOW COLUMNS FROM `cz_attribute` [ RunTime:0.0010s ]
SQL: SELECT * FROM `cz_attribute` WHERE `type_id` = 0  [ RunTime:0.0000s ]
INFO: [ app_end ] --START--
INFO: Run Behavior\ShowPageTraceBehavior [ RunTime:0.002001s ]
INFO: [ app_end ] --END-- [ RunTime:0.002001s ]

[ 2017-05-02T23:03:36+08:00 ] 127.0.0.1 /index.php/Admin/Goods/getAttrValUpd?type_id=2&goods_id=103
INFO: [ app_begin ] --START--
INFO: Run Behavior\ReadHtmlCacheBehavior [ RunTime:0.001001s ]
INFO: [ app_begin ] --END-- [ RunTime:0.003001s ]
SQL: SHOW COLUMNS FROM `cz_auth` [ RunTime:0.0240s ]
SQL: SELECT * FROM `cz_auth` WHERE ( auth_level=0 )  [ RunTime:0.0010s ]
SQL: SELECT * FROM `cz_auth` WHERE ( auth_level=1 )  [ RunTime:0.0010s ]
SQL: SHOW COLUMNS FROM `cz_goods` [ RunTime:0.0050s ]
SQL: SELECT * FROM `cz_goods` WHERE `goods_id` = 103 LIMIT 1   [ RunTime:0.0000s ]
SQL: SHOW COLUMNS FROM `cz_goods_attr` [ RunTime:0.0050s ]
SQL: SELECT g.attr_id,g.attr_value,a.attr_name,a.attr_type,a.attr_opt FROM cz_goods_attr g INNER JOIN cz_attribute a on g.attr_id=a.attr_id  WHERE `goods_id` = '103'  [ RunTime:0.0010s ]
INFO: [ app_end ] --START--
INFO: Run Behavior\ShowPageTraceBehavior [ RunTime:0.002000s ]
INFO: [ app_end ] --END-- [ RunTime:0.002000s ]

[ 2017-05-02T23:10:04+08:00 ] 127.0.0.1 /index.php/Admin/Goods/getAttrValUpd?type_id=0&goods_id=104
INFO: [ app_begin ] --START--
INFO: Run Behavior\ReadHtmlCacheBehavior [ RunTime:0.001000s ]
INFO: [ app_begin ] --END-- [ RunTime:0.003000s ]
SQL: SHOW COLUMNS FROM `cz_auth` [ RunTime:0.0020s ]
SQL: SELECT * FROM `cz_auth` WHERE ( auth_level=0 )  [ RunTime:0.0010s ]
SQL: SELECT * FROM `cz_auth` WHERE ( auth_level=1 )  [ RunTime:0.0000s ]
SQL: SHOW COLUMNS FROM `cz_goods` [ RunTime:0.0030s ]
SQL: SELECT * FROM `cz_goods` WHERE `goods_id` = 104 LIMIT 1   [ RunTime:0.0050s ]
SQL: SHOW COLUMNS FROM `cz_goods_attr` [ RunTime:0.0310s ]
SQL: SELECT g.attr_id,g.attr_value,a.attr_name,a.attr_type,a.attr_opt FROM cz_goods_attr g INNER JOIN cz_attribute a on g.attr_id=a.attr_id  WHERE `goods_id` = '104'  [ RunTime:0.0010s ]
INFO: [ app_end ] --START--
INFO: Run Behavior\ShowPageTraceBehavior [ RunTime:0.002000s ]
INFO: [ app_end ] --END-- [ RunTime:0.002000s ]

[ 2017-05-02T23:10:21+08:00 ] 127.0.0.1 /index.php/Admin/Goods/getAttrValUpd?type_id=0&goods_id=104
INFO: [ app_begin ] --START--
INFO: Run Behavior\ReadHtmlCacheBehavior [ RunTime:0.001000s ]
INFO: [ app_begin ] --END-- [ RunTime:0.003000s ]
SQL: SHOW COLUMNS FROM `cz_auth` [ RunTime:0.0040s ]
SQL: SELECT * FROM `cz_auth` WHERE ( auth_level=0 )  [ RunTime:0.0000s ]
SQL: SELECT * FROM `cz_auth` WHERE ( auth_level=1 )  [ RunTime:0.0010s ]
SQL: SHOW COLUMNS FROM `cz_goods` [ RunTime:0.0020s ]
SQL: SELECT * FROM `cz_goods` WHERE `goods_id` = 104 LIMIT 1   [ RunTime:0.0010s ]
SQL: SHOW COLUMNS FROM `cz_goods_attr` [ RunTime:0.0190s ]
SQL: SELECT g.attr_id,g.attr_value,a.attr_name,a.attr_type,a.attr_opt FROM cz_goods_attr g INNER JOIN cz_attribute a on g.attr_id=a.attr_id  WHERE `goods_id` = '104'  [ RunTime:0.0000s ]
INFO: [ app_end ] --START--
INFO: Run Behavior\ShowPageTraceBehavior [ RunTime:0.001000s ]
INFO: [ app_end ] --END-- [ RunTime:0.001000s ]

[ 2017-05-02T23:25:23+08:00 ] 127.0.0.1 /index.php/Admin/Goods/getAttrValUpd?type_id=2&goods_id=104
INFO: [ app_begin ] --START--
INFO: Run Behavior\ReadHtmlCacheBehavior [ RunTime:0.001000s ]
INFO: [ app_begin ] --END-- [ RunTime:0.002000s ]
SQL: SHOW COLUMNS FROM `cz_auth` [ RunTime:0.0312s ]
SQL: SELECT * FROM `cz_auth` WHERE ( auth_level=0 )  [ RunTime:0.0000s ]
SQL: SELECT * FROM `cz_auth` WHERE ( auth_level=1 )  [ RunTime:0.0000s ]
SQL: SHOW COLUMNS FROM `cz_goods` [ RunTime:0.0156s ]
SQL: SELECT * FROM `cz_goods` WHERE `goods_id` = 104 LIMIT 1   [ RunTime:0.0000s ]
SQL: SHOW COLUMNS FROM `cz_attribute` [ RunTime:0.0000s ]
SQL: SELECT * FROM `cz_attribute` WHERE `type_id` = 2  [ RunTime:0.0000s ]
INFO: [ app_end ] --START--
INFO: Run Behavior\ShowPageTraceBehavior [ RunTime:0.015600s ]
INFO: [ app_end ] --END-- [ RunTime:0.015600s ]

