[ 2017-06-23T09:36:14+08:00 ] 127.0.0.1 /index.php/Admin/Manage/login
INFO: [ app_begin ] --START--
INFO: Run Behavior\ReadHtmlCacheBehavior [ RunTime:0.000000s ]
INFO: [ app_begin ] --END-- [ RunTime:0.001000s ]
NOTIC: [8] Undefined index: mg_name E:\wamp64\www\onlineshop\App\Admin\Controller\BaseController.class.php 第 16 行.
SQL: SHOW COLUMNS FROM `cz_manager` [ RunTime:0.1010s ]
SQL: SELECT * FROM `cz_manager` WHERE `mg_name` = 'admin' LIMIT 1   [ RunTime:0.0110s ]
SQL: SELECT * FROM `cz_manager` WHERE `mg_name` = 'admin' AND `mg_pwd` = '21232f297a57a5a743894a0e4a801fc3' LIMIT 1   [ RunTime:0.0010s ]
INFO: [ app_end ] --START--
INFO: Run Behavior\ShowPageTraceBehavior [ RunTime:0.002000s ]
INFO: [ app_end ] --END-- [ RunTime:0.002000s ]

[ 2017-06-23T09:36:21+08:00 ] 127.0.0.1 /index.php/Admin/Goods/getAttrValUpd
INFO: [ app_begin ] --START--
INFO: Run Behavior\ReadHtmlCacheBehavior [ RunTime:0.000000s ]
INFO: [ app_begin ] --END-- [ RunTime:0.001000s ]
SQL: SHOW COLUMNS FROM `cz_auth` [ RunTime:0.0020s ]
SQL: SELECT * FROM `cz_auth` WHERE ( auth_level=0 )  [ RunTime:0.0000s ]
SQL: SELECT * FROM `cz_auth` WHERE ( auth_level=1 )  [ RunTime:0.0010s ]
SQL: SHOW COLUMNS FROM `cz_goods` [ RunTime:0.0010s ]
SQL: SELECT * FROM `cz_goods` WHERE `goods_id` = 0 LIMIT 1   [ RunTime:0.0010s ]
SQL: SHOW COLUMNS FROM `cz_attribute` [ RunTime:0.0400s ]
SQL: SELECT * FROM `cz_attribute` WHERE `type_id` = 0  [ RunTime:0.0010s ]
INFO: [ app_end ] --START--
INFO: Run Behavior\ShowPageTraceBehavior [ RunTime:0.001000s ]
INFO: [ app_end ] --END-- [ RunTime:0.002000s ]

[ 2017-06-23T10:19:02+08:00 ] 127.0.0.1 /index.php/Admin/Goods/getAttrValUpd?type_id=2&goods_id=104
INFO: [ app_begin ] --START--
INFO: Run Behavior\ReadHtmlCacheBehavior [ RunTime:0.001000s ]
INFO: [ app_begin ] --END-- [ RunTime:0.001000s ]
SQL: SHOW COLUMNS FROM `cz_auth` [ RunTime:0.0160s ]
SQL: SELECT * FROM `cz_auth` WHERE ( auth_level=0 )  [ RunTime:0.0010s ]
SQL: SELECT * FROM `cz_auth` WHERE ( auth_level=1 )  [ RunTime:0.0010s ]
SQL: SHOW COLUMNS FROM `cz_goods` [ RunTime:0.0010s ]
SQL: SELECT * FROM `cz_goods` WHERE `goods_id` = 104 LIMIT 1   [ RunTime:0.0010s ]
SQL: SHOW COLUMNS FROM `cz_goods_attr` [ RunTime:0.0010s ]
SQL: SELECT g.attr_id,g.attr_value,a.attr_name,a.attr_type,a.attr_opt FROM cz_goods_attr g INNER JOIN cz_attribute a on g.attr_id=a.attr_id  WHERE `goods_id` = '104'  [ RunTime:0.0890s ]
INFO: [ app_end ] --START--
INFO: Run Behavior\ShowPageTraceBehavior [ RunTime:0.001000s ]
INFO: [ app_end ] --END-- [ RunTime:0.002000s ]

[ 2017-06-23T12:21:46+08:00 ] 127.0.0.1 /index.php/Admin/Goods/getAttrValUpd?type_id=2&goods_id=104
INFO: [ app_begin ] --START--
INFO: Run Behavior\ReadHtmlCacheBehavior [ RunTime:0.002000s ]
INFO: [ app_begin ] --END-- [ RunTime:0.003000s ]
SQL: SHOW COLUMNS FROM `cz_auth` [ RunTime:0.0820s ]
SQL: SELECT * FROM `cz_auth` WHERE ( auth_level=0 )  [ RunTime:0.0000s ]
SQL: SELECT * FROM `cz_auth` WHERE ( auth_level=1 )  [ RunTime:0.0010s ]
SQL: SHOW COLUMNS FROM `cz_goods` [ RunTime:0.0010s ]
SQL: SELECT * FROM `cz_goods` WHERE `goods_id` = 104 LIMIT 1   [ RunTime:0.0010s ]
SQL: SHOW COLUMNS FROM `cz_goods_attr` [ RunTime:0.0010s ]
SQL: SELECT g.attr_id,g.attr_value,a.attr_name,a.attr_type,a.attr_opt FROM cz_goods_attr g INNER JOIN cz_attribute a on g.attr_id=a.attr_id  WHERE `goods_id` = '104'  [ RunTime:0.0010s ]
INFO: [ app_end ] --START--
INFO: Run Behavior\ShowPageTraceBehavior [ RunTime:0.001000s ]
INFO: [ app_end ] --END-- [ RunTime:0.001000s ]

[ 2017-06-23T12:22:50+08:00 ] 127.0.0.1 /index.php/Admin/Goods/getAttrValUpd
INFO: [ app_begin ] --START--
INFO: Run Behavior\ReadHtmlCacheBehavior [ RunTime:0.002000s ]
INFO: [ app_begin ] --END-- [ RunTime:0.003001s ]
SQL: SHOW COLUMNS FROM `cz_auth` [ RunTime:0.0010s ]
SQL: SELECT * FROM `cz_auth` WHERE ( auth_level=0 )  [ RunTime:0.0000s ]
SQL: SELECT * FROM `cz_auth` WHERE ( auth_level=1 )  [ RunTime:0.0000s ]
SQL: SHOW COLUMNS FROM `cz_goods` [ RunTime:0.0010s ]
SQL: SELECT * FROM `cz_goods` WHERE `goods_id` = 0 LIMIT 1   [ RunTime:0.0010s ]
SQL: SHOW COLUMNS FROM `cz_attribute` [ RunTime:0.0010s ]
SQL: SELECT * FROM `cz_attribute` WHERE `type_id` = 0  [ RunTime:0.0010s ]
INFO: [ app_end ] --START--
INFO: Run Behavior\ShowPageTraceBehavior [ RunTime:0.001000s ]
INFO: [ app_end ] --END-- [ RunTime:0.002000s ]

[ 2017-06-23T12:29:47+08:00 ] 127.0.0.1 /index.php/Admin/Goods/getAttrValUpd?type_id=0&goods_id=111
INFO: [ app_begin ] --START--
INFO: Run Behavior\ReadHtmlCacheBehavior [ RunTime:0.003000s ]
INFO: [ app_begin ] --END-- [ RunTime:0.004001s ]
SQL: SHOW COLUMNS FROM `cz_auth` [ RunTime:0.0100s ]
SQL: SELECT * FROM `cz_auth` WHERE ( auth_level=0 )  [ RunTime:0.0010s ]
SQL: SELECT * FROM `cz_auth` WHERE ( auth_level=1 )  [ RunTime:0.0000s ]
SQL: SHOW COLUMNS FROM `cz_goods` [ RunTime:0.0010s ]
SQL: SELECT * FROM `cz_goods` WHERE `goods_id` = 111 LIMIT 1   [ RunTime:0.0000s ]
SQL: SHOW COLUMNS FROM `cz_goods_attr` [ RunTime:0.0010s ]
SQL: SELECT g.attr_id,g.attr_value,a.attr_name,a.attr_type,a.attr_opt FROM cz_goods_attr g INNER JOIN cz_attribute a on g.attr_id=a.attr_id  WHERE `goods_id` = '111'  [ RunTime:0.0010s ]
INFO: [ app_end ] --START--
INFO: Run Behavior\ShowPageTraceBehavior [ RunTime:0.001000s ]
INFO: [ app_end ] --END-- [ RunTime:0.001000s ]

[ 2017-06-23T12:30:31+08:00 ] 127.0.0.1 /index.php/Admin/Goods/upd
ERR: SQLSTATE[23000]: Integrity constraint violation: 1048 Column 'goods_id' cannot be null

[ 2017-06-23T12:30:39+08:00 ] 127.0.0.1 /index.php/Admin/Goods/getAttrValUpd?type_id=0&goods_id=111
INFO: [ app_begin ] --START--
INFO: Run Behavior\ReadHtmlCacheBehavior [ RunTime:0.001000s ]
INFO: [ app_begin ] --END-- [ RunTime:0.001000s ]
SQL: SHOW COLUMNS FROM `cz_auth` [ RunTime:0.0010s ]
SQL: SELECT * FROM `cz_auth` WHERE ( auth_level=0 )  [ RunTime:0.0010s ]
SQL: SELECT * FROM `cz_auth` WHERE ( auth_level=1 )  [ RunTime:0.0000s ]
SQL: SHOW COLUMNS FROM `cz_goods` [ RunTime:0.0010s ]
SQL: SELECT * FROM `cz_goods` WHERE `goods_id` = 111 LIMIT 1   [ RunTime:0.0010s ]
SQL: SHOW COLUMNS FROM `cz_goods_attr` [ RunTime:0.0010s ]
SQL: SELECT g.attr_id,g.attr_value,a.attr_name,a.attr_type,a.attr_opt FROM cz_goods_attr g INNER JOIN cz_attribute a on g.attr_id=a.attr_id  WHERE `goods_id` = '111'  [ RunTime:0.0000s ]
INFO: [ app_end ] --START--
INFO: Run Behavior\ShowPageTraceBehavior [ RunTime:0.000000s ]
INFO: [ app_end ] --END-- [ RunTime:0.001000s ]

[ 2017-06-23T12:34:59+08:00 ] 127.0.0.1 /index.php/Admin/Goods/getAttrValUpd?type_id=0&goods_id=111
INFO: [ app_begin ] --START--
INFO: Run Behavior\ReadHtmlCacheBehavior [ RunTime:0.002000s ]
INFO: [ app_begin ] --END-- [ RunTime:0.003000s ]
SQL: SHOW COLUMNS FROM `cz_auth` [ RunTime:0.0010s ]
SQL: SELECT * FROM `cz_auth` WHERE ( auth_level=0 )  [ RunTime:0.0000s ]
SQL: SELECT * FROM `cz_auth` WHERE ( auth_level=1 )  [ RunTime:0.0350s ]
SQL: SHOW COLUMNS FROM `cz_goods` [ RunTime:0.0010s ]
SQL: SELECT * FROM `cz_goods` WHERE `goods_id` = 111 LIMIT 1   [ RunTime:0.0010s ]
SQL: SHOW COLUMNS FROM `cz_goods_attr` [ RunTime:0.0010s ]
SQL: SELECT g.attr_id,g.attr_value,a.attr_name,a.attr_type,a.attr_opt FROM cz_goods_attr g INNER JOIN cz_attribute a on g.attr_id=a.attr_id  WHERE `goods_id` = '111'  [ RunTime:0.0010s ]
INFO: [ app_end ] --START--
INFO: Run Behavior\ShowPageTraceBehavior [ RunTime:0.002000s ]
INFO: [ app_end ] --END-- [ RunTime:0.002000s ]

[ 2017-06-23T12:35:08+08:00 ] 127.0.0.1 /index.php/Admin/Goods/upd
ERR: SQLSTATE[23000]: Integrity constraint violation: 1048 Column 'goods_id' cannot be null

[ 2017-06-23T12:43:46+08:00 ] 127.0.0.1 /index.php/Admin/Goods/getAttrValUpd?type_id=0&goods_id=111
INFO: [ app_begin ] --START--
INFO: Run Behavior\ReadHtmlCacheBehavior [ RunTime:0.002000s ]
INFO: [ app_begin ] --END-- [ RunTime:0.003000s ]
SQL: SHOW COLUMNS FROM `cz_auth` [ RunTime:0.0320s ]
SQL: SELECT * FROM `cz_auth` WHERE ( auth_level=0 )  [ RunTime:0.0000s ]
SQL: SELECT * FROM `cz_auth` WHERE ( auth_level=1 )  [ RunTime:0.0000s ]

[ 2017-06-23T12:43:54+08:00 ] 127.0.0.1 /index.php/Admin/Goods/getAttrValUpd?type_id=0&goods_id=111
INFO: [ app_begin ] --START--
INFO: Run Behavior\ReadHtmlCacheBehavior [ RunTime:0.001000s ]
INFO: [ app_begin ] --END-- [ RunTime:0.003000s ]
SQL: SHOW COLUMNS FROM `cz_auth` [ RunTime:0.0230s ]
SQL: SELECT * FROM `cz_auth` WHERE ( auth_level=0 )  [ RunTime:0.0010s ]
SQL: SELECT * FROM `cz_auth` WHERE ( auth_level=1 )  [ RunTime:0.0000s ]

[ 2017-06-23T12:44:06+08:00 ] 127.0.0.1 /index.php/Admin/Goods/upd
ERR: SQLSTATE[23000]: Integrity constraint violation: 1048 Column 'goods_id' cannot be null

[ 2017-06-23T12:50:01+08:00 ] 127.0.0.1 /index.php/Admin/Goods/getAttrValUpd?type_id=0&goods_id=111
INFO: [ app_begin ] --START--
INFO: Run Behavior\ReadHtmlCacheBehavior [ RunTime:0.001000s ]
INFO: [ app_begin ] --END-- [ RunTime:0.002000s ]
SQL: SHOW COLUMNS FROM `cz_auth` [ RunTime:0.0260s ]
SQL: SELECT * FROM `cz_auth` WHERE ( auth_level=0 )  [ RunTime:0.0010s ]
SQL: SELECT * FROM `cz_auth` WHERE ( auth_level=1 )  [ RunTime:0.0000s ]
SQL: SHOW COLUMNS FROM `cz_goods` [ RunTime:0.0010s ]
SQL: SELECT * FROM `cz_goods` WHERE `goods_id` = 111 LIMIT 1   [ RunTime:0.0010s ]
SQL: SHOW COLUMNS FROM `cz_goods_attr` [ RunTime:0.0040s ]
SQL: SELECT g.attr_id,g.attr_value,a.attr_name,a.attr_type,a.attr_opt FROM cz_goods_attr g INNER JOIN cz_attribute a on g.attr_id=a.attr_id  WHERE `goods_id` = '111'  [ RunTime:0.0010s ]
INFO: [ app_end ] --START--
INFO: Run Behavior\ShowPageTraceBehavior [ RunTime:0.002000s ]
INFO: [ app_end ] --END-- [ RunTime:0.002000s ]

[ 2017-06-23T12:55:28+08:00 ] 127.0.0.1 /index.php/Admin/Goods/getAttrValUpd
INFO: [ app_begin ] --START--
INFO: Run Behavior\ReadHtmlCacheBehavior [ RunTime:0.001000s ]
INFO: [ app_begin ] --END-- [ RunTime:0.002000s ]
SQL: SHOW COLUMNS FROM `cz_auth` [ RunTime:0.0010s ]
SQL: SELECT * FROM `cz_auth` WHERE ( auth_level=0 )  [ RunTime:0.0020s ]
SQL: SELECT * FROM `cz_auth` WHERE ( auth_level=1 )  [ RunTime:0.0010s ]
SQL: SHOW COLUMNS FROM `cz_goods` [ RunTime:0.0010s ]
SQL: SELECT * FROM `cz_goods` WHERE `goods_id` = 0 LIMIT 1   [ RunTime:0.0340s ]
SQL: SHOW COLUMNS FROM `cz_attribute` [ RunTime:0.0010s ]
SQL: SELECT * FROM `cz_attribute` WHERE `type_id` = 0  [ RunTime:0.0220s ]
INFO: [ app_end ] --START--
INFO: Run Behavior\ShowPageTraceBehavior [ RunTime:0.003000s ]
INFO: [ app_end ] --END-- [ RunTime:0.004000s ]

[ 2017-06-23T12:56:32+08:00 ] 127.0.0.1 /index.php/Admin/Goods/getAttrValUpd
INFO: [ app_begin ] --START--
INFO: Run Behavior\ReadHtmlCacheBehavior [ RunTime:0.002000s ]
INFO: [ app_begin ] --END-- [ RunTime:0.003000s ]
SQL: SHOW COLUMNS FROM `cz_auth` [ RunTime:0.0010s ]
SQL: SELECT * FROM `cz_auth` WHERE ( auth_level=0 )  [ RunTime:0.0000s ]
SQL: SELECT * FROM `cz_auth` WHERE ( auth_level=1 )  [ RunTime:0.0090s ]
SQL: SHOW COLUMNS FROM `cz_goods` [ RunTime:0.0020s ]
SQL: SELECT * FROM `cz_goods` WHERE `goods_id` = 0 LIMIT 1   [ RunTime:0.0010s ]
SQL: SHOW COLUMNS FROM `cz_attribute` [ RunTime:0.0010s ]
SQL: SELECT * FROM `cz_attribute` WHERE `type_id` = 0  [ RunTime:0.0010s ]
INFO: [ app_end ] --START--
INFO: Run Behavior\ShowPageTraceBehavior [ RunTime:0.001000s ]
INFO: [ app_end ] --END-- [ RunTime:0.002000s ]

[ 2017-06-23T12:59:35+08:00 ] 127.0.0.1 /index.php/Admin/Goods/getAttrValUpd
INFO: [ app_begin ] --START--
INFO: Run Behavior\ReadHtmlCacheBehavior [ RunTime:0.001000s ]
INFO: [ app_begin ] --END-- [ RunTime:0.004000s ]
SQL: SHOW COLUMNS FROM `cz_auth` [ RunTime:0.0010s ]
SQL: SELECT * FROM `cz_auth` WHERE ( auth_level=0 )  [ RunTime:0.0020s ]
SQL: SELECT * FROM `cz_auth` WHERE ( auth_level=1 )  [ RunTime:0.0010s ]
SQL: SHOW COLUMNS FROM `cz_goods` [ RunTime:0.0010s ]
SQL: SELECT * FROM `cz_goods` WHERE `goods_id` = 0 LIMIT 1   [ RunTime:0.0000s ]
SQL: SHOW COLUMNS FROM `cz_attribute` [ RunTime:0.0010s ]
SQL: SELECT * FROM `cz_attribute` WHERE `type_id` = 0  [ RunTime:0.0000s ]
INFO: [ app_end ] --START--
INFO: Run Behavior\ShowPageTraceBehavior [ RunTime:0.001000s ]
INFO: [ app_end ] --END-- [ RunTime:0.001000s ]

[ 2017-06-23T20:29:18+08:00 ] 127.0.0.1 /index.php/Admin/Order/look
ERR: 非法操作:look

[ 2017-06-23T20:29:28+08:00 ] 127.0.0.1 /index.php/Admin/Goods/getAttrValUpd
INFO: [ app_begin ] --START--
INFO: Run Behavior\ReadHtmlCacheBehavior [ RunTime:0.001000s ]
INFO: [ app_begin ] --END-- [ RunTime:0.002000s ]
NOTIC: [8] Undefined index: mg_name E:\wamp64\www\onlineshop\App\Admin\Controller\BaseController.class.php 第 16 行.
SQL: SHOW COLUMNS FROM `cz_goods` [ RunTime:0.0780s ]
SQL: SELECT * FROM `cz_goods` WHERE `goods_id` = 0 LIMIT 1   [ RunTime:0.1870s ]
SQL: SHOW COLUMNS FROM `cz_attribute` [ RunTime:0.0430s ]
SQL: SELECT * FROM `cz_attribute` WHERE `type_id` = 0  [ RunTime:0.1660s ]
INFO: [ app_end ] --START--
INFO: Run Behavior\ShowPageTraceBehavior [ RunTime:0.001000s ]
INFO: [ app_end ] --END-- [ RunTime:0.002000s ]

[ 2017-06-23T20:29:59+08:00 ] 127.0.0.1 /index.php/Admin/Manage/login
INFO: [ app_begin ] --START--
INFO: Run Behavior\ReadHtmlCacheBehavior [ RunTime:0.001000s ]
INFO: [ app_begin ] --END-- [ RunTime:0.002000s ]
NOTIC: [8] Undefined index: mg_name E:\wamp64\www\onlineshop\App\Admin\Controller\BaseController.class.php 第 16 行.
SQL: SHOW COLUMNS FROM `cz_manager` [ RunTime:0.0280s ]
SQL: SELECT * FROM `cz_manager` WHERE `mg_name` = 'admin' LIMIT 1   [ RunTime:0.0410s ]
SQL: SELECT * FROM `cz_manager` WHERE `mg_name` = 'admin' AND `mg_pwd` = '21232f297a57a5a743894a0e4a801fc3' LIMIT 1   [ RunTime:0.0120s ]
INFO: [ app_end ] --START--
INFO: Run Behavior\ShowPageTraceBehavior [ RunTime:0.002000s ]
INFO: [ app_end ] --END-- [ RunTime:0.003000s ]

[ 2017-06-23T20:30:05+08:00 ] 127.0.0.1 /index.php/Admin/Goods/getAttrValUpd
INFO: [ app_begin ] --START--
INFO: Run Behavior\ReadHtmlCacheBehavior [ RunTime:0.001000s ]
INFO: [ app_begin ] --END-- [ RunTime:0.001000s ]
SQL: SHOW COLUMNS FROM `cz_auth` [ RunTime:0.0410s ]
SQL: SELECT * FROM `cz_auth` WHERE ( auth_level=0 )  [ RunTime:0.0010s ]
SQL: SELECT * FROM `cz_auth` WHERE ( auth_level=1 )  [ RunTime:0.0020s ]
SQL: SHOW COLUMNS FROM `cz_goods` [ RunTime:0.0290s ]
SQL: SELECT * FROM `cz_goods` WHERE `goods_id` = 0 LIMIT 1   [ RunTime:0.0090s ]
SQL: SHOW COLUMNS FROM `cz_attribute` [ RunTime:0.0200s ]
SQL: SELECT * FROM `cz_attribute` WHERE `type_id` = 0  [ RunTime:0.0000s ]
INFO: [ app_end ] --START--
INFO: Run Behavior\ShowPageTraceBehavior [ RunTime:0.001000s ]
INFO: [ app_end ] --END-- [ RunTime:0.001000s ]

