[ 2017-05-02T00:33:29+08:00 ] 127.0.0.1 /index.php/Manage/login.html
ERR: 无法加载控制器:Manage

[ 2017-05-02T00:33:43+08:00 ] 127.0.0.1 /index.php/Manage/login.html
ERR: 无法加载控制器:Manage

[ 2017-05-02T10:15:58+08:00 ] 127.0.0.1 /index.php/User/checkCode?checkCode=ry4r
INFO: [ app_begin ] --START--
INFO: Run Behavior\ReadHtmlCacheBehavior [ RunTime:0.001000s ]
INFO: [ app_begin ] --END-- [ RunTime:0.002000s ]
INFO: [ app_end ] --START--
INFO: Run Behavior\ShowPageTraceBehavior [ RunTime:0.001000s ]
INFO: [ app_end ] --END-- [ RunTime:0.001000s ]

[ 2017-05-02T10:15:58+08:00 ] 127.0.0.1 /index.php/User/login
INFO: [ app_begin ] --START--
INFO: Run Behavior\ReadHtmlCacheBehavior [ RunTime:0.000000s ]
INFO: [ app_begin ] --END-- [ RunTime:0.001000s ]
SQL: SHOW COLUMNS FROM `cz_user` [ RunTime:0.0020s ]
INFO: [ app_end ] --START--
INFO: Run Behavior\ShowPageTraceBehavior [ RunTime:0.001000s ]
INFO: [ app_end ] --END-- [ RunTime:0.001000s ]

[ 2017-05-02T10:15:58+08:00 ] 127.0.0.1 /index.php/User/undefined
ERR: 非法操作:undefined

[ 2017-05-02T10:18:18+08:00 ] 127.0.0.1 /index.php/User/checkCode?checkCode=jem2
INFO: [ app_begin ] --START--
INFO: Run Behavior\ReadHtmlCacheBehavior [ RunTime:0.001001s ]
INFO: [ app_begin ] --END-- [ RunTime:0.002001s ]
INFO: [ app_end ] --START--
INFO: Run Behavior\ShowPageTraceBehavior [ RunTime:0.000000s ]
INFO: [ app_end ] --END-- [ RunTime:0.001000s ]

[ 2017-05-02T10:18:18+08:00 ] 127.0.0.1 /index.php/User/login
INFO: [ app_begin ] --START--
INFO: Run Behavior\ReadHtmlCacheBehavior [ RunTime:0.001000s ]
INFO: [ app_begin ] --END-- [ RunTime:0.001000s ]
SQL: SHOW COLUMNS FROM `cz_user` [ RunTime:0.0010s ]
INFO: [ app_end ] --START--
INFO: Run Behavior\ShowPageTraceBehavior [ RunTime:0.001001s ]
INFO: [ app_end ] --END-- [ RunTime:0.001001s ]

[ 2017-05-02T10:18:18+08:00 ] 127.0.0.1 /index.php/User/undefined
ERR: 非法操作:undefined

[ 2017-05-02T10:20:03+08:00 ] 127.0.0.1 /index.php/User/checkCode?checkCode=dq2d
INFO: [ app_begin ] --START--
INFO: Run Behavior\ReadHtmlCacheBehavior [ RunTime:0.000000s ]
INFO: [ app_begin ] --END-- [ RunTime:0.001000s ]
INFO: [ app_end ] --START--
INFO: Run Behavior\ShowPageTraceBehavior [ RunTime:0.000000s ]
INFO: [ app_end ] --END-- [ RunTime:0.000000s ]

[ 2017-05-02T10:21:16+08:00 ] 127.0.0.1 /index.php/User/login
INFO: [ app_begin ] --START--
INFO: Run Behavior\ReadHtmlCacheBehavior [ RunTime:0.001000s ]
INFO: [ app_begin ] --END-- [ RunTime:0.002000s ]
SQL: SHOW COLUMNS FROM `cz_user` [ RunTime:0.0020s ]

[ 2017-05-02T10:28:03+08:00 ] 127.0.0.1 /index.php/User/login
INFO: [ app_begin ] --START--
INFO: Run Behavior\ReadHtmlCacheBehavior [ RunTime:0.002000s ]
INFO: [ app_begin ] --END-- [ RunTime:0.002000s ]
SQL: SHOW COLUMNS FROM `cz_user` [ RunTime:0.0010s ]
INFO: [ app_end ] --START--
INFO: Run Behavior\ShowPageTraceBehavior [ RunTime:0.001000s ]
INFO: [ app_end ] --END-- [ RunTime:0.002001s ]

[ 2017-05-02T10:28:21+08:00 ] 127.0.0.1 /index.php/User/login
INFO: [ app_begin ] --START--
INFO: Run Behavior\ReadHtmlCacheBehavior [ RunTime:0.001000s ]
INFO: [ app_begin ] --END-- [ RunTime:0.002000s ]
SQL: SHOW COLUMNS FROM `cz_user` [ RunTime:0.0010s ]
SQL: SELECT * FROM `cz_user` WHERE `user_name` = 'json' LIMIT 1   [ RunTime:0.0010s ]
SQL: SELECT * FROM `cz_user` WHERE `user_name` = 'json' AND `user_pwd` = 'c20ad4d76fe97759aa27a0c99bff6710' LIMIT 1   [ RunTime:0.0000s ]
INFO: [ app_end ] --START--
INFO: Run Behavior\ShowPageTraceBehavior [ RunTime:0.001000s ]
INFO: [ app_end ] --END-- [ RunTime:0.002000s ]

[ 2017-05-02T10:28:34+08:00 ] 127.0.0.1 /index.php/User/login
INFO: [ app_begin ] --START--
INFO: Run Behavior\ReadHtmlCacheBehavior [ RunTime:0.001000s ]
INFO: [ app_begin ] --END-- [ RunTime:0.001000s ]
SQL: SHOW COLUMNS FROM `cz_user` [ RunTime:0.0010s ]
INFO: [ app_end ] --START--
INFO: Run Behavior\ShowPageTraceBehavior [ RunTime:0.001000s ]
INFO: [ app_end ] --END-- [ RunTime:0.001000s ]

[ 2017-05-02T10:28:47+08:00 ] 127.0.0.1 /index.php/User/login
INFO: [ app_begin ] --START--
INFO: Run Behavior\ReadHtmlCacheBehavior [ RunTime:0.001000s ]
INFO: [ app_begin ] --END-- [ RunTime:0.002000s ]
SQL: SHOW COLUMNS FROM `cz_user` [ RunTime:0.0010s ]
SQL: SELECT * FROM `cz_user` WHERE `user_name` = 'json1' LIMIT 1   [ RunTime:0.0010s ]
SQL: SELECT * FROM `cz_user` WHERE `user_pwd` = 'c4ca4238a0b923820dcc509a6f75849b' LIMIT 1   [ RunTime:0.0010s ]
INFO: [ app_end ] --START--
INFO: Run Behavior\ShowPageTraceBehavior [ RunTime:0.001000s ]
INFO: [ app_end ] --END-- [ RunTime:0.001000s ]

[ 2017-05-02T10:29:02+08:00 ] 127.0.0.1 /index.php/User/login
INFO: [ app_begin ] --START--
INFO: Run Behavior\ReadHtmlCacheBehavior [ RunTime:0.001000s ]
INFO: [ app_begin ] --END-- [ RunTime:0.002000s ]
SQL: SHOW COLUMNS FROM `cz_user` [ RunTime:0.0010s ]
INFO: [ app_end ] --START--
INFO: Run Behavior\ShowPageTraceBehavior [ RunTime:0.001000s ]
INFO: [ app_end ] --END-- [ RunTime:0.001000s ]

[ 2017-05-02T10:29:11+08:00 ] 127.0.0.1 /index.php/User/login
INFO: [ app_begin ] --START--
INFO: Run Behavior\ReadHtmlCacheBehavior [ RunTime:0.001000s ]
INFO: [ app_begin ] --END-- [ RunTime:0.002000s ]
SQL: SHOW COLUMNS FROM `cz_user` [ RunTime:0.0010s ]
SQL: SELECT * FROM `cz_user` WHERE `user_name` = 'json' LIMIT 1   [ RunTime:0.0000s ]
SQL: SELECT * FROM `cz_user` WHERE `user_name` = 'json' AND `user_pwd` = 'e10adc3949ba59abbe56e057f20f883e' LIMIT 1   [ RunTime:0.0000s ]
INFO: [ app_end ] --START--
INFO: Run Behavior\ShowPageTraceBehavior [ RunTime:0.001001s ]
INFO: [ app_end ] --END-- [ RunTime:0.001001s ]

[ 2017-05-02T10:35:29+08:00 ] 127.0.0.1 /index.php/User/login
INFO: [ app_begin ] --START--
INFO: Run Behavior\ReadHtmlCacheBehavior [ RunTime:0.001000s ]
INFO: [ app_begin ] --END-- [ RunTime:0.001000s ]
SQL: SHOW COLUMNS FROM `cz_user` [ RunTime:0.0020s ]
INFO: [ app_end ] --START--
INFO: Run Behavior\ShowPageTraceBehavior [ RunTime:0.001000s ]
INFO: [ app_end ] --END-- [ RunTime:0.001000s ]

[ 2017-05-02T10:36:15+08:00 ] 127.0.0.1 /index.php/User/login
INFO: [ app_begin ] --START--
INFO: Run Behavior\ReadHtmlCacheBehavior [ RunTime:0.001000s ]
INFO: [ app_begin ] --END-- [ RunTime:0.002000s ]
SQL: SHOW COLUMNS FROM `cz_user` [ RunTime:0.0020s ]
INFO: [ app_end ] --START--
INFO: Run Behavior\ShowPageTraceBehavior [ RunTime:0.001000s ]
INFO: [ app_end ] --END-- [ RunTime:0.001000s ]

[ 2017-05-02T10:36:45+08:00 ] 127.0.0.1 /index.php/User/login
INFO: [ app_begin ] --START--
INFO: Run Behavior\ReadHtmlCacheBehavior [ RunTime:0.001000s ]
INFO: [ app_begin ] --END-- [ RunTime:0.002000s ]
SQL: SHOW COLUMNS FROM `cz_user` [ RunTime:0.0010s ]
SQL: SELECT * FROM `cz_user` WHERE `user_name` = '12' LIMIT 1   [ RunTime:0.0010s ]
SQL: SELECT * FROM `cz_user` WHERE `user_pwd` = 'c20ad4d76fe97759aa27a0c99bff6710' LIMIT 1   [ RunTime:0.0000s ]
INFO: [ app_end ] --START--
INFO: Run Behavior\ShowPageTraceBehavior [ RunTime:0.001001s ]
INFO: [ app_end ] --END-- [ RunTime:0.001001s ]

[ 2017-05-02T10:37:35+08:00 ] 127.0.0.1 /index.php/User/login
INFO: [ app_begin ] --START--
INFO: Run Behavior\ReadHtmlCacheBehavior [ RunTime:0.001000s ]
INFO: [ app_begin ] --END-- [ RunTime:0.001000s ]
SQL: SHOW COLUMNS FROM `cz_user` [ RunTime:0.0000s ]
INFO: [ app_end ] --START--
INFO: Run Behavior\ShowPageTraceBehavior [ RunTime:0.000000s ]
INFO: [ app_end ] --END-- [ RunTime:0.000000s ]

[ 2017-05-02T10:37:48+08:00 ] 127.0.0.1 /index.php/User/login
INFO: [ app_begin ] --START--
INFO: Run Behavior\ReadHtmlCacheBehavior [ RunTime:0.001000s ]
INFO: [ app_begin ] --END-- [ RunTime:0.002000s ]
SQL: SHOW COLUMNS FROM `cz_user` [ RunTime:0.0000s ]
SQL: SELECT * FROM `cz_user` WHERE `user_name` = 'json' LIMIT 1   [ RunTime:0.0000s ]
SQL: SELECT * FROM `cz_user` WHERE `user_name` = 'json' AND `user_pwd` = 'c20ad4d76fe97759aa27a0c99bff6710' LIMIT 1   [ RunTime:0.0000s ]
INFO: [ app_end ] --START--
INFO: Run Behavior\ShowPageTraceBehavior [ RunTime:0.001000s ]
INFO: [ app_end ] --END-- [ RunTime:0.001000s ]

[ 2017-05-02T10:37:59+08:00 ] 127.0.0.1 /index.php/User/login
INFO: [ app_begin ] --START--
INFO: Run Behavior\ReadHtmlCacheBehavior [ RunTime:0.001000s ]
INFO: [ app_begin ] --END-- [ RunTime:0.001000s ]
SQL: SHOW COLUMNS FROM `cz_user` [ RunTime:0.0010s ]
INFO: [ app_end ] --START--
INFO: Run Behavior\ShowPageTraceBehavior [ RunTime:0.001000s ]
INFO: [ app_end ] --END-- [ RunTime:0.001000s ]

[ 2017-05-02T10:38:42+08:00 ] 127.0.0.1 /index.php/User/login
INFO: [ app_begin ] --START--
INFO: Run Behavior\ReadHtmlCacheBehavior [ RunTime:0.001000s ]
INFO: [ app_begin ] --END-- [ RunTime:0.001000s ]
SQL: SHOW COLUMNS FROM `cz_user` [ RunTime:0.0000s ]
SQL: SELECT * FROM `cz_user` WHERE `user_name` = 'json' LIMIT 1   [ RunTime:0.0000s ]
SQL: SELECT * FROM `cz_user` WHERE `user_name` = 'json' AND `user_pwd` = 'e10adc3949ba59abbe56e057f20f883e' LIMIT 1   [ RunTime:0.0000s ]
INFO: [ app_end ] --START--
INFO: Run Behavior\ShowPageTraceBehavior [ RunTime:0.000000s ]
INFO: [ app_end ] --END-- [ RunTime:0.000000s ]

[ 2017-05-02T10:53:15+08:00 ] 127.0.0.1 /index.php/User/login
INFO: [ app_begin ] --START--
INFO: Run Behavior\ReadHtmlCacheBehavior [ RunTime:0.000000s ]
INFO: [ app_begin ] --END-- [ RunTime:0.001000s ]
SQL: SHOW COLUMNS FROM `cz_user` [ RunTime:0.0000s ]
SQL: SELECT * FROM `cz_user` WHERE `user_name` = 'json' LIMIT 1   [ RunTime:0.0000s ]
SQL: SELECT * FROM `cz_user` WHERE `user_name` = 'json' AND `user_pwd` = 'e10adc3949ba59abbe56e057f20f883e' LIMIT 1   [ RunTime:0.0000s ]
INFO: [ app_end ] --START--
INFO: Run Behavior\ShowPageTraceBehavior [ RunTime:0.001000s ]
INFO: [ app_end ] --END-- [ RunTime:0.001000s ]

[ 2017-05-02T11:28:51+08:00 ] 127.0.0.1 /index.php/User/login
INFO: [ app_begin ] --START--
INFO: Run Behavior\ReadHtmlCacheBehavior [ RunTime:0.001000s ]
INFO: [ app_begin ] --END-- [ RunTime:0.001000s ]
SQL: SHOW COLUMNS FROM `cz_user` [ RunTime:0.0010s ]
SQL: SELECT * FROM `cz_user` WHERE `user_name` = 'json' LIMIT 1   [ RunTime:0.0010s ]
SQL: SELECT * FROM `cz_user` WHERE `user_name` = 'json' AND `user_pwd` = 'e10adc3949ba59abbe56e057f20f883e' LIMIT 1   [ RunTime:0.0000s ]
INFO: [ app_end ] --START--
INFO: Run Behavior\ShowPageTraceBehavior [ RunTime:0.001000s ]
INFO: [ app_end ] --END-- [ RunTime:0.001000s ]

[ 2017-05-02T11:33:51+08:00 ] 127.0.0.1 /index.php/User/login
INFO: [ app_begin ] --START--
INFO: Run Behavior\ReadHtmlCacheBehavior [ RunTime:0.001000s ]
INFO: [ app_begin ] --END-- [ RunTime:0.001000s ]
SQL: SHOW COLUMNS FROM `cz_user` [ RunTime:0.0000s ]
SQL: SELECT * FROM `cz_user` WHERE `user_name` = 'json' LIMIT 1   [ RunTime:0.0000s ]
SQL: SELECT * FROM `cz_user` WHERE `user_name` = 'json' AND `user_pwd` = 'e10adc3949ba59abbe56e057f20f883e' LIMIT 1   [ RunTime:0.0000s ]
INFO: [ app_end ] --START--
INFO: Run Behavior\ShowPageTraceBehavior [ RunTime:0.000000s ]
INFO: [ app_end ] --END-- [ RunTime:0.000000s ]

[ 2017-05-02T11:38:29+08:00 ] 127.0.0.1 /index.php/Index/__APP__/Order/orderlist
ERR: 非法操作:__APP__

[ 2017-05-02T11:38:59+08:00 ] 127.0.0.1 /index.php/Index/index.php/Home/Order/orderlist
ERR: 非法操作:index.php

[ 2017-05-02T11:40:50+08:00 ] 127.0.0.1 /index.php/Index/%7B$Think.config.HOME_URL%7D/Order/details
ERR: 非法操作:{$Think.config.HOME_URL}

[ 2017-05-02T11:43:12+08:00 ] 127.0.0.1 /index.php/Order/details
ERR: 非法操作:details

[ 2017-05-02T11:45:02+08:00 ] 127.0.0.1 /index.php/User/login
INFO: [ app_begin ] --START--
INFO: Run Behavior\ReadHtmlCacheBehavior [ RunTime:0.001001s ]
INFO: [ app_begin ] --END-- [ RunTime:0.001001s ]
SQL: SHOW COLUMNS FROM `cz_user` [ RunTime:0.0010s ]
SQL: SELECT * FROM `cz_user` WHERE `user_name` = 'json' LIMIT 1   [ RunTime:0.0010s ]
SQL: SELECT * FROM `cz_user` WHERE `user_name` = 'json' AND `user_pwd` = 'e10adc3949ba59abbe56e057f20f883e' LIMIT 1   [ RunTime:0.0010s ]
INFO: [ app_end ] --START--
INFO: Run Behavior\ShowPageTraceBehavior [ RunTime:0.000000s ]
INFO: [ app_end ] --END-- [ RunTime:0.001001s ]

[ 2017-05-02T12:02:10+08:00 ] 127.0.0.1 /index.php/Index/logout
ERR: 非法操作:logout

[ 2017-05-02T12:02:15+08:00 ] 127.0.0.1 /index.php/Index/logout
ERR: 非法操作:logout

[ 2017-05-02T12:08:40+08:00 ] 127.0.0.1 /index.php/User/login
INFO: [ app_begin ] --START--
INFO: Run Behavior\ReadHtmlCacheBehavior [ RunTime:0.000000s ]
INFO: [ app_begin ] --END-- [ RunTime:0.001000s ]
SQL: SHOW COLUMNS FROM `cz_user` [ RunTime:0.0246s ]
INFO: [ app_end ] --START--
INFO: Run Behavior\ShowPageTraceBehavior [ RunTime:0.000000s ]
INFO: [ app_end ] --END-- [ RunTime:0.000000s ]

[ 2017-05-02T12:08:49+08:00 ] 127.0.0.1 /index.php/User/login
INFO: [ app_begin ] --START--
INFO: Run Behavior\ReadHtmlCacheBehavior [ RunTime:0.001000s ]
INFO: [ app_begin ] --END-- [ RunTime:0.001000s ]
SQL: SHOW COLUMNS FROM `cz_user` [ RunTime:0.0156s ]
SQL: SELECT * FROM `cz_user` WHERE `user_name` = 'json' LIMIT 1   [ RunTime:0.0156s ]
SQL: SELECT * FROM `cz_user` WHERE `user_name` = 'json' AND `user_pwd` = 'e10adc3949ba59abbe56e057f20f883e' LIMIT 1   [ RunTime:0.0000s ]
INFO: [ app_end ] --START--
INFO: Run Behavior\ShowPageTraceBehavior [ RunTime:0.000000s ]
INFO: [ app_end ] --END-- [ RunTime:0.000000s ]

[ 2017-05-02T12:10:04+08:00 ] 127.0.0.1 /index.php/User/login
INFO: [ app_begin ] --START--
INFO: Run Behavior\ReadHtmlCacheBehavior [ RunTime:0.001000s ]
INFO: [ app_begin ] --END-- [ RunTime:0.002000s ]
SQL: SHOW COLUMNS FROM `cz_user` [ RunTime:0.0312s ]
SQL: SELECT * FROM `cz_user` WHERE `user_name` = 'json' LIMIT 1   [ RunTime:0.0000s ]
SQL: SELECT * FROM `cz_user` WHERE `user_name` = 'json' AND `user_pwd` = 'e10adc3949ba59abbe56e057f20f883e' LIMIT 1   [ RunTime:0.0000s ]
INFO: [ app_end ] --START--
INFO: Run Behavior\ShowPageTraceBehavior [ RunTime:0.000000s ]
INFO: [ app_end ] --END-- [ RunTime:0.000000s ]

[ 2017-05-02T12:33:38+08:00 ] 127.0.0.1 /index.php/Home/Address/add_address
INFO: [ app_begin ] --START--
INFO: Run Behavior\ReadHtmlCacheBehavior [ RunTime:0.001000s ]
INFO: [ app_begin ] --END-- [ RunTime:0.002000s ]
INFO: [ app_end ] --START--
INFO: Run Behavior\ShowPageTraceBehavior [ RunTime:0.001000s ]
INFO: [ app_end ] --END-- [ RunTime:0.001000s ]

[ 2017-05-02T12:35:00+08:00 ] 127.0.0.1 /index.php/User/login
INFO: [ app_begin ] --START--
INFO: Run Behavior\ReadHtmlCacheBehavior [ RunTime:0.001000s ]
INFO: [ app_begin ] --END-- [ RunTime:0.001000s ]
SQL: SHOW COLUMNS FROM `cz_user` [ RunTime:0.0196s ]
SQL: SELECT * FROM `cz_user` WHERE `user_name` = 'json' LIMIT 1   [ RunTime:0.0000s ]
SQL: SELECT * FROM `cz_user` WHERE `user_name` = 'json' AND `user_pwd` = 'e10adc3949ba59abbe56e057f20f883e' LIMIT 1   [ RunTime:0.0000s ]
INFO: [ app_end ] --START--
INFO: Run Behavior\ShowPageTraceBehavior [ RunTime:0.000000s ]
INFO: [ app_end ] --END-- [ RunTime:0.000000s ]

[ 2017-05-02T12:36:30+08:00 ] 127.0.0.1 /index.php/Home/Address/add_address
INFO: [ app_begin ] --START--
INFO: Run Behavior\ReadHtmlCacheBehavior [ RunTime:0.001000s ]
INFO: [ app_begin ] --END-- [ RunTime:0.002000s ]
INFO: [ app_end ] --START--
INFO: Run Behavior\ShowPageTraceBehavior [ RunTime:0.001000s ]
INFO: [ app_end ] --END-- [ RunTime:0.001000s ]

[ 2017-05-02T12:38:38+08:00 ] 127.0.0.1 /index.php/Home/Address/add_address
INFO: [ app_begin ] --START--
INFO: Run Behavior\ReadHtmlCacheBehavior [ RunTime:0.001000s ]
INFO: [ app_begin ] --END-- [ RunTime:0.002000s ]
SQL: SHOW COLUMNS FROM `cz_address` [ RunTime:0.0170s ]
INFO: [ app_end ] --START--
INFO: Run Behavior\ShowPageTraceBehavior [ RunTime:0.002000s ]
INFO: [ app_end ] --END-- [ RunTime:0.002000s ]

[ 2017-05-02T12:42:19+08:00 ] 127.0.0.1 /index.php/Home/Address/add_address
INFO: [ app_begin ] --START--
INFO: Run Behavior\ReadHtmlCacheBehavior [ RunTime:0.000000s ]
INFO: [ app_begin ] --END-- [ RunTime:0.002000s ]
SQL: SHOW COLUMNS FROM `cz_address` [ RunTime:0.0440s ]
INFO: [ app_end ] --START--
INFO: Run Behavior\ShowPageTraceBehavior [ RunTime:0.002001s ]
INFO: [ app_end ] --END-- [ RunTime:0.003001s ]

[ 2017-05-02T12:50:36+08:00 ] 127.0.0.1 /index.php/Home/Address/add_address
INFO: [ app_begin ] --START--
INFO: Run Behavior\ReadHtmlCacheBehavior [ RunTime:0.001000s ]
INFO: [ app_begin ] --END-- [ RunTime:0.002000s ]
SQL: SHOW COLUMNS FROM `cz_address` [ RunTime:0.0280s ]
SQL: INSERT INTO `cz_address` (`user_id`,`name`,`province`,`city`,`district`,`address_desc`,`tel`) VALUES ('0','小明','江西省','九江市','彭泽县','关山光谷软件园1号201','18174006076') [ RunTime:0.0510s ]
INFO: [ app_end ] --START--
INFO: Run Behavior\ShowPageTraceBehavior [ RunTime:0.003000s ]
INFO: [ app_end ] --END-- [ RunTime:0.003000s ]

[ 2017-05-02T12:50:41+08:00 ] 127.0.0.1 /index.php/Home/Address/undefined
ERR: 非法操作:undefined

[ 2017-05-02T12:51:40+08:00 ] 127.0.0.1 /index.php/Home/Address/add_address
INFO: [ app_begin ] --START--
INFO: Run Behavior\ReadHtmlCacheBehavior [ RunTime:0.001000s ]
INFO: [ app_begin ] --END-- [ RunTime:0.002001s ]
SQL: SHOW COLUMNS FROM `cz_address` [ RunTime:0.0220s ]
SQL: INSERT INTO `cz_address` (`user_id`,`name`,`province`,`city`,`district`,`address_desc`,`tel`) VALUES ('5','小明','北京','北京市','东城区','关山光谷软件园1号201','18174006076') [ RunTime:0.0150s ]
INFO: [ app_end ] --START--
INFO: Run Behavior\ShowPageTraceBehavior [ RunTime:0.001000s ]
INFO: [ app_end ] --END-- [ RunTime:0.001000s ]

[ 2017-05-02T12:51:45+08:00 ] 127.0.0.1 /index.php/Home/Address/undefined
ERR: 非法操作:undefined

[ 2017-05-02T12:52:44+08:00 ] 127.0.0.1 /index.php/Home/Address/add_address
INFO: [ app_begin ] --START--
INFO: Run Behavior\ReadHtmlCacheBehavior [ RunTime:0.003000s ]
INFO: [ app_begin ] --END-- [ RunTime:0.004000s ]
SQL: SHOW COLUMNS FROM `cz_address` [ RunTime:0.0210s ]
SQL: INSERT INTO `cz_address` (`user_id`,`name`,`province`,`city`,`district`,`address_desc`,`tel`) VALUES ('5','小明','北京','北京市','东城区','关山光谷软件园1号201','18174006076') [ RunTime:0.0340s ]
INFO: [ app_end ] --START--
INFO: Run Behavior\ShowPageTraceBehavior [ RunTime:0.002000s ]
INFO: [ app_end ] --END-- [ RunTime:0.002000s ]

[ 2017-05-02T12:52:48+08:00 ] 127.0.0.1 /index.php/Home/Address/undefined
ERR: 非法操作:undefined

[ 2017-05-02T12:52:59+08:00 ] 127.0.0.1 /index.php/Home/Address/undefined
ERR: 非法操作:undefined

[ 2017-05-02T12:53:27+08:00 ] 127.0.0.1 /index.php/Home/Address/add_address
INFO: [ app_begin ] --START--
INFO: Run Behavior\ReadHtmlCacheBehavior [ RunTime:0.001000s ]
INFO: [ app_begin ] --END-- [ RunTime:0.004000s ]
SQL: SHOW COLUMNS FROM `cz_address` [ RunTime:0.0020s ]
SQL: INSERT INTO `cz_address` (`user_id`,`name`,`province`,`city`,`district`,`address_desc`,`tel`) VALUES ('0','小明','北京','北京市','东城区','关山光谷软件园1号201','18174006087') [ RunTime:0.0250s ]
INFO: [ app_end ] --START--
INFO: Run Behavior\ShowPageTraceBehavior [ RunTime:0.001000s ]
INFO: [ app_end ] --END-- [ RunTime:0.001000s ]

[ 2017-05-02T12:54:44+08:00 ] 127.0.0.1 /index.php/Home/Address/add_address
INFO: [ app_begin ] --START--
INFO: Run Behavior\ReadHtmlCacheBehavior [ RunTime:0.001000s ]
INFO: [ app_begin ] --END-- [ RunTime:0.002000s ]
SQL: SHOW COLUMNS FROM `cz_address` [ RunTime:0.0120s ]
SQL: INSERT INTO `cz_address` (`user_id`,`name`,`province`,`city`,`district`,`address_desc`,`tel`) VALUES ('0','小明','北京','北京市','东城区','建材城西路金燕龙办公楼一层','12314321451') [ RunTime:0.0260s ]
INFO: [ app_end ] --START--
INFO: Run Behavior\ShowPageTraceBehavior [ RunTime:0.002000s ]
INFO: [ app_end ] --END-- [ RunTime:0.003000s ]

[ 2017-05-02T12:55:44+08:00 ] 127.0.0.1 /index.php/Address/add_address
INFO: [ app_begin ] --START--
INFO: Run Behavior\ReadHtmlCacheBehavior [ RunTime:0.000000s ]
INFO: [ app_begin ] --END-- [ RunTime:0.002000s ]
SQL: SHOW COLUMNS FROM `cz_address` [ RunTime:0.0260s ]
SQL: INSERT INTO `cz_address` (`user_id`,`name`,`province`,`city`,`district`,`address_desc`,`tel`) VALUES ('0','小明','北京','北京市','东城区','建材城西路金燕龙办公楼一层','18167543567') [ RunTime:0.0220s ]
INFO: [ app_end ] --START--
INFO: Run Behavior\ShowPageTraceBehavior [ RunTime:0.001000s ]
INFO: [ app_end ] --END-- [ RunTime:0.001000s ]

[ 2017-05-02T12:58:25+08:00 ] 127.0.0.1 /index.php/User/login
INFO: [ app_begin ] --START--
INFO: Run Behavior\ReadHtmlCacheBehavior [ RunTime:0.001000s ]
INFO: [ app_begin ] --END-- [ RunTime:0.001000s ]
SQL: SHOW COLUMNS FROM `cz_user` [ RunTime:0.0050s ]
SQL: SELECT * FROM `cz_user` WHERE `user_name` = 'json' LIMIT 1   [ RunTime:0.0156s ]
SQL: SELECT * FROM `cz_user` WHERE `user_name` = 'json' AND `user_pwd` = 'e10adc3949ba59abbe56e057f20f883e' LIMIT 1   [ RunTime:0.0000s ]
INFO: [ app_end ] --START--
INFO: Run Behavior\ShowPageTraceBehavior [ RunTime:0.015600s ]
INFO: [ app_end ] --END-- [ RunTime:0.015600s ]

[ 2017-05-02T12:59:12+08:00 ] 127.0.0.1 /index.php/Home/Address/add_address
INFO: [ app_begin ] --START--
INFO: Run Behavior\ReadHtmlCacheBehavior [ RunTime:0.000000s ]
INFO: [ app_begin ] --END-- [ RunTime:0.001000s ]
SQL: SHOW COLUMNS FROM `cz_address` [ RunTime:0.0120s ]
SQL: INSERT INTO `cz_address` (`user_id`,`name`,`province`,`city`,`district`,`address_desc`,`tel`) VALUES ('0','小明','江西省','九江市','彭泽县','关山光谷软件园1号201','18174007564') [ RunTime:0.0156s ]
INFO: [ app_end ] --START--
INFO: Run Behavior\ShowPageTraceBehavior [ RunTime:0.000000s ]
INFO: [ app_end ] --END-- [ RunTime:0.000000s ]

[ 2017-05-02T13:01:55+08:00 ] 127.0.0.1 /index.php/Address/add_address
INFO: [ app_begin ] --START--
INFO: Run Behavior\ReadHtmlCacheBehavior [ RunTime:0.000000s ]
INFO: [ app_begin ] --END-- [ RunTime:0.003001s ]
SQL: SHOW COLUMNS FROM `cz_address` [ RunTime:0.0010s ]
SQL: INSERT INTO `cz_address` (`user_id`,`name`,`province`,`city`,`district`,`address_desc`,`tel`) VALUES ('0','小敏','天津','天津市','和平区','关山光谷软件园1号201','18171615261') [ RunTime:0.0470s ]
INFO: [ app_end ] --START--
INFO: Run Behavior\ShowPageTraceBehavior [ RunTime:0.001001s ]
INFO: [ app_end ] --END-- [ RunTime:0.002001s ]

[ 2017-05-02T13:04:22+08:00 ] 127.0.0.1 /index.php/Address/add_address
INFO: [ app_begin ] --START--
INFO: Run Behavior\ReadHtmlCacheBehavior [ RunTime:0.001000s ]
INFO: [ app_begin ] --END-- [ RunTime:0.001000s ]
SQL: SHOW COLUMNS FROM `cz_address` [ RunTime:0.0000s ]

[ 2017-05-02T13:04:47+08:00 ] 127.0.0.1 /index.php/Address/add_address
INFO: [ app_begin ] --START--
INFO: Run Behavior\ReadHtmlCacheBehavior [ RunTime:0.003000s ]
INFO: [ app_begin ] --END-- [ RunTime:0.005001s ]
SQL: SHOW COLUMNS FROM `cz_address` [ RunTime:0.0320s ]

[ 2017-05-02T13:07:33+08:00 ] 127.0.0.1 /index.php/Address/add_address
INFO: [ app_begin ] --START--
INFO: Run Behavior\ReadHtmlCacheBehavior [ RunTime:0.001000s ]
INFO: [ app_begin ] --END-- [ RunTime:0.002000s ]
SQL: SHOW COLUMNS FROM `cz_address` [ RunTime:0.0500s ]

[ 2017-05-02T13:07:34+08:00 ] 127.0.0.1 /index.php/Address/add_address
INFO: [ app_begin ] --START--
INFO: Run Behavior\ReadHtmlCacheBehavior [ RunTime:0.001000s ]
INFO: [ app_begin ] --END-- [ RunTime:0.002000s ]
SQL: SHOW COLUMNS FROM `cz_address` [ RunTime:0.0290s ]

[ 2017-05-02T13:07:35+08:00 ] 127.0.0.1 /index.php/Address/add_address
INFO: [ app_begin ] --START--
INFO: Run Behavior\ReadHtmlCacheBehavior [ RunTime:0.001000s ]
INFO: [ app_begin ] --END-- [ RunTime:0.002000s ]
SQL: SHOW COLUMNS FROM `cz_address` [ RunTime:0.0020s ]

[ 2017-05-02T13:07:35+08:00 ] 127.0.0.1 /index.php/Address/add_address
INFO: [ app_begin ] --START--
INFO: Run Behavior\ReadHtmlCacheBehavior [ RunTime:0.001000s ]
INFO: [ app_begin ] --END-- [ RunTime:0.002000s ]
SQL: SHOW COLUMNS FROM `cz_address` [ RunTime:0.0140s ]

[ 2017-05-02T13:07:53+08:00 ] 127.0.0.1 /index.php/Address/add_address
INFO: [ app_begin ] --START--
INFO: Run Behavior\ReadHtmlCacheBehavior [ RunTime:0.001000s ]
INFO: [ app_begin ] --END-- [ RunTime:0.002001s ]
SQL: SHOW COLUMNS FROM `cz_address` [ RunTime:0.0540s ]
SQL: INSERT INTO `cz_address` (`user_id`,`name`,`province`,`city`,`district`,`address_desc`,`tel`) VALUES ('5','小明','湖南省','株洲市','荷塘区','关山光谷软件园1号201','15132341242') [ RunTime:0.0140s ]
INFO: [ app_end ] --START--
INFO: Run Behavior\ShowPageTraceBehavior [ RunTime:0.003000s ]
INFO: [ app_end ] --END-- [ RunTime:0.003000s ]

[ 2017-05-02T13:20:56+08:00 ] 127.0.0.1 /index.php/Address/index.php/Address/updaddress
ERR: 非法操作:index.php

[ 2017-05-02T13:21:12+08:00 ] 127.0.0.1 /index.php/Address/index.php/Address/updaddress
ERR: 非法操作:index.php

[ 2017-05-02T14:57:34+08:00 ] 127.0.0.1 /index.php/Home/Address/add_address
INFO: [ app_begin ] --START--
INFO: Run Behavior\ReadHtmlCacheBehavior [ RunTime:0.002000s ]
INFO: [ app_begin ] --END-- [ RunTime:0.003000s ]
SQL: SHOW COLUMNS FROM `cz_address` [ RunTime:0.0150s ]
SQL: INSERT INTO `cz_address` (`user_id`,`name`,`province`,`city`,`district`,`address_desc`,`tel`) VALUES ('5','阿虎','山西省','太原市','小店区','关山光谷软件园1号201','15878904467') [ RunTime:0.0290s ]
INFO: [ app_end ] --START--
INFO: Run Behavior\ShowPageTraceBehavior [ RunTime:0.002000s ]
INFO: [ app_end ] --END-- [ RunTime:0.002000s ]

[ 2017-05-02T14:57:35+08:00 ] 127.0.0.1 /index.php/Home/Address/add_address
INFO: [ app_begin ] --START--
INFO: Run Behavior\ReadHtmlCacheBehavior [ RunTime:0.002000s ]
INFO: [ app_begin ] --END-- [ RunTime:0.003000s ]
SQL: SHOW COLUMNS FROM `cz_address` [ RunTime:0.0470s ]
SQL: INSERT INTO `cz_address` (`user_id`,`name`,`province`,`city`,`district`,`address_desc`,`tel`) VALUES ('5','阿虎','山西省','太原市','小店区','关山光谷软件园1号201','15878904467') [ RunTime:0.0040s ]
INFO: [ app_end ] --START--
INFO: Run Behavior\ShowPageTraceBehavior [ RunTime:0.002000s ]
INFO: [ app_end ] --END-- [ RunTime:0.003000s ]

[ 2017-05-02T14:57:45+08:00 ] 127.0.0.1 /index.php/Home/Address/add_address
INFO: [ app_begin ] --START--
INFO: Run Behavior\ReadHtmlCacheBehavior [ RunTime:0.002000s ]
INFO: [ app_begin ] --END-- [ RunTime:0.003000s ]
SQL: SHOW COLUMNS FROM `cz_address` [ RunTime:0.0260s ]
SQL: INSERT INTO `cz_address` (`user_id`,`name`,`province`,`city`,`district`,`address_desc`,`tel`) VALUES ('5','阿虎','山西省','太原市','小店区','关山光谷软件园1号201','15878904467') [ RunTime:0.0210s ]
INFO: [ app_end ] --START--
INFO: Run Behavior\ShowPageTraceBehavior [ RunTime:0.005001s ]
INFO: [ app_end ] --END-- [ RunTime:0.005001s ]

[ 2017-05-02T15:00:26+08:00 ] 127.0.0.1 /index.php/Home/Address/add_address
INFO: [ app_begin ] --START--
INFO: Run Behavior\ReadHtmlCacheBehavior [ RunTime:0.001000s ]
INFO: [ app_begin ] --END-- [ RunTime:0.002000s ]
SQL: SHOW COLUMNS FROM `cz_address` [ RunTime:0.0010s ]
SQL: INSERT INTO `cz_address` (`user_id`,`name`,`province`,`city`,`district`,`address_desc`,`tel`) VALUES ('5','阿虎','山西省','太原市','小店区','关山光谷软件园1号201','15878904467') [ RunTime:0.0150s ]
INFO: [ app_end ] --START--
INFO: Run Behavior\ShowPageTraceBehavior [ RunTime:0.002000s ]
INFO: [ app_end ] --END-- [ RunTime:0.002000s ]

[ 2017-05-02T15:01:16+08:00 ] 127.0.0.1 /index.php/Home/Address/add_address
INFO: [ app_begin ] --START--
INFO: Run Behavior\ReadHtmlCacheBehavior [ RunTime:0.003000s ]
INFO: [ app_begin ] --END-- [ RunTime:0.005000s ]
SQL: SHOW COLUMNS FROM `cz_address` [ RunTime:0.0010s ]
SQL: INSERT INTO `cz_address` (`user_id`,`name`,`province`,`city`,`district`,`address_desc`,`tel`) VALUES ('5','阿虎','内蒙古自治区','呼和浩特市','新城区','关山光谷软件园1号201','18134553213') [ RunTime:0.0450s ]
INFO: [ app_end ] --START--
INFO: Run Behavior\ShowPageTraceBehavior [ RunTime:0.002000s ]
INFO: [ app_end ] --END-- [ RunTime:0.004000s ]

[ 2017-05-02T15:11:26+08:00 ] 127.0.0.1 /index.php/Home/Address/updaddress/address_id/updaddress
INFO: [ app_begin ] --START--
INFO: Run Behavior\ReadHtmlCacheBehavior [ RunTime:0.002000s ]
INFO: [ app_begin ] --END-- [ RunTime:0.003000s ]
SQL: SHOW COLUMNS FROM `cz_address` [ RunTime:0.0410s ]
SQL: UPDATE `cz_address` SET `name`='关山光谷软件园1号201',`province`='北京',`city`='北京市',`district`='东城区',`address_desc`='关山光谷软件园1号201',`tel`='18171615261' WHERE `address_id` = 0 [ RunTime:0.0010s ]
INFO: [ app_end ] --START--
INFO: Run Behavior\ShowPageTraceBehavior [ RunTime:0.002000s ]
INFO: [ app_end ] --END-- [ RunTime:0.003000s ]

[ 2017-05-02T15:11:26+08:00 ] 127.0.0.1 /index.php/Home/Address/updaddress/address_id/updaddress
INFO: [ app_begin ] --START--
INFO: Run Behavior\ReadHtmlCacheBehavior [ RunTime:0.002000s ]
INFO: [ app_begin ] --END-- [ RunTime:0.004000s ]
SQL: SHOW COLUMNS FROM `cz_address` [ RunTime:0.0260s ]
SQL: UPDATE `cz_address` SET `name`='关山光谷软件园1号201',`province`='北京',`city`='北京市',`district`='东城区',`address_desc`='关山光谷软件园1号201',`tel`='18171615261' WHERE `address_id` = 0 [ RunTime:0.0010s ]
INFO: [ app_end ] --START--
INFO: Run Behavior\ShowPageTraceBehavior [ RunTime:0.002000s ]
INFO: [ app_end ] --END-- [ RunTime:0.003000s ]

[ 2017-05-02T15:11:27+08:00 ] 127.0.0.1 /index.php/Home/Address/updaddress/address_id/updaddress
INFO: [ app_begin ] --START--
INFO: Run Behavior\ReadHtmlCacheBehavior [ RunTime:0.002000s ]
INFO: [ app_begin ] --END-- [ RunTime:0.004000s ]
SQL: SHOW COLUMNS FROM `cz_address` [ RunTime:0.0010s ]
SQL: UPDATE `cz_address` SET `name`='关山光谷软件园1号201',`province`='北京',`city`='北京市',`district`='东城区',`address_desc`='关山光谷软件园1号201',`tel`='18171615261' WHERE `address_id` = 0 [ RunTime:0.0010s ]
INFO: [ app_end ] --START--
INFO: Run Behavior\ShowPageTraceBehavior [ RunTime:0.004001s ]
INFO: [ app_end ] --END-- [ RunTime:0.004001s ]

[ 2017-05-02T15:11:27+08:00 ] 127.0.0.1 /index.php/Home/Address/updaddress/address_id/updaddress
INFO: [ app_begin ] --START--
INFO: Run Behavior\ReadHtmlCacheBehavior [ RunTime:0.002000s ]
INFO: [ app_begin ] --END-- [ RunTime:0.002000s ]
SQL: SHOW COLUMNS FROM `cz_address` [ RunTime:0.0110s ]
SQL: UPDATE `cz_address` SET `name`='关山光谷软件园1号201',`province`='北京',`city`='北京市',`district`='东城区',`address_desc`='关山光谷软件园1号201',`tel`='18171615261' WHERE `address_id` = 0 [ RunTime:0.0000s ]
INFO: [ app_end ] --START--
INFO: Run Behavior\ShowPageTraceBehavior [ RunTime:0.002000s ]
INFO: [ app_end ] --END-- [ RunTime:0.002000s ]

[ 2017-05-02T15:11:27+08:00 ] 127.0.0.1 /index.php/Home/Address/updaddress/address_id/updaddress
INFO: [ app_begin ] --START--
INFO: Run Behavior\ReadHtmlCacheBehavior [ RunTime:0.002000s ]
INFO: [ app_begin ] --END-- [ RunTime:0.002000s ]
SQL: SHOW COLUMNS FROM `cz_address` [ RunTime:0.0010s ]
SQL: UPDATE `cz_address` SET `name`='关山光谷软件园1号201',`province`='北京',`city`='北京市',`district`='东城区',`address_desc`='关山光谷软件园1号201',`tel`='18171615261' WHERE `address_id` = 0 [ RunTime:0.0010s ]
INFO: [ app_end ] --START--
INFO: Run Behavior\ShowPageTraceBehavior [ RunTime:0.002000s ]
INFO: [ app_end ] --END-- [ RunTime:0.002000s ]

[ 2017-05-02T15:11:32+08:00 ] 127.0.0.1 /index.php/Home/Address/updaddress/address_id/updaddress
INFO: [ app_begin ] --START--
INFO: Run Behavior\ReadHtmlCacheBehavior [ RunTime:0.001001s ]
INFO: [ app_begin ] --END-- [ RunTime:0.002001s ]
SQL: SHOW COLUMNS FROM `cz_address` [ RunTime:0.0190s ]
SQL: UPDATE `cz_address` SET `name`='关山光谷软件园1号201',`province`='北京',`city`='北京市',`district`='东城区',`address_desc`='关山光谷软件园1号201',`tel`='18171615261' WHERE `address_id` = 0 [ RunTime:0.0130s ]
INFO: [ app_end ] --START--
INFO: Run Behavior\ShowPageTraceBehavior [ RunTime:0.002000s ]
INFO: [ app_end ] --END-- [ RunTime:0.002000s ]

[ 2017-05-02T15:12:02+08:00 ] 127.0.0.1 /index.php/Home/Address/updaddress/address_id/updaddress
INFO: [ app_begin ] --START--
INFO: Run Behavior\ReadHtmlCacheBehavior [ RunTime:0.001000s ]
INFO: [ app_begin ] --END-- [ RunTime:0.003000s ]
SQL: SHOW COLUMNS FROM `cz_address` [ RunTime:0.0340s ]
SQL: UPDATE `cz_address` SET `name`='关山光谷软件园1号201',`province`='北京',`city`='北京市',`district`='东城区',`address_desc`='关山光谷软件园1号201',`tel`='18171615261' WHERE `address_id` = 0 [ RunTime:0.0010s ]
INFO: [ app_end ] --START--
INFO: Run Behavior\ShowPageTraceBehavior [ RunTime:0.002000s ]
INFO: [ app_end ] --END-- [ RunTime:0.002000s ]

[ 2017-05-02T15:12:20+08:00 ] 127.0.0.1 /index.php/Home/Address/updaddress/address_id/updaddress
INFO: [ app_begin ] --START--
INFO: Run Behavior\ReadHtmlCacheBehavior [ RunTime:0.001000s ]
INFO: [ app_begin ] --END-- [ RunTime:0.002000s ]
SQL: SHOW COLUMNS FROM `cz_address` [ RunTime:0.0090s ]
SQL: UPDATE `cz_address` SET `name`='关山光谷软件园1号201',`province`='北京',`city`='北京市',`district`='东城区',`address_desc`='关山光谷软件园1号201',`tel`='18171615261' WHERE `address_id` = 0 [ RunTime:0.0010s ]
INFO: [ app_end ] --START--
INFO: Run Behavior\ShowPageTraceBehavior [ RunTime:0.002000s ]
INFO: [ app_end ] --END-- [ RunTime:0.002000s ]

[ 2017-05-02T15:13:41+08:00 ] 127.0.0.1 /index.php/Home/Address/updaddress/address_id/updaddress
INFO: [ app_begin ] --START--
INFO: Run Behavior\ReadHtmlCacheBehavior [ RunTime:0.002000s ]
INFO: [ app_begin ] --END-- [ RunTime:0.003000s ]
SQL: SHOW COLUMNS FROM `cz_address` [ RunTime:0.0020s ]
SQL: UPDATE `cz_address` SET `name`='关山光谷软件园1号201',`province`='北京',`city`='北京市',`district`='东城区',`address_desc`='关山光谷软件园1号201',`tel`='18171615261' WHERE `address_id` = 0 [ RunTime:0.0010s ]
INFO: [ app_end ] --START--
INFO: Run Behavior\ShowPageTraceBehavior [ RunTime:0.002000s ]
INFO: [ app_end ] --END-- [ RunTime:0.002000s ]

[ 2017-05-02T15:13:55+08:00 ] 127.0.0.1 /index.php/Home/Address/updaddress/address_id/updaddress
INFO: [ app_begin ] --START--
INFO: Run Behavior\ReadHtmlCacheBehavior [ RunTime:0.001000s ]
INFO: [ app_begin ] --END-- [ RunTime:0.002000s ]
SQL: SHOW COLUMNS FROM `cz_address` [ RunTime:0.0110s ]
SQL: UPDATE `cz_address` SET `name`='关山光谷软件园1号201',`province`='北京',`city`='北京市',`district`='东城区',`address_desc`='关山光谷软件园1号201',`tel`='18171615261' WHERE `address_id` = 0 [ RunTime:0.0010s ]
INFO: [ app_end ] --START--
INFO: Run Behavior\ShowPageTraceBehavior [ RunTime:0.001000s ]
INFO: [ app_end ] --END-- [ RunTime:0.002001s ]

[ 2017-05-02T15:14:17+08:00 ] 127.0.0.1 /index.php/Home/Address/updaddress/address_id/updaddress
INFO: [ app_begin ] --START--
INFO: Run Behavior\ReadHtmlCacheBehavior [ RunTime:0.001000s ]
INFO: [ app_begin ] --END-- [ RunTime:0.002000s ]
SQL: SHOW COLUMNS FROM `cz_address` [ RunTime:0.0010s ]
SQL: UPDATE `cz_address` SET `name`='关山光谷软件园1号201',`province`='北京',`city`='北京市',`district`='东城区',`address_desc`='关山光谷软件园1号201',`tel`='18171615261' WHERE `address_id` = 0 [ RunTime:0.0010s ]
INFO: [ app_end ] --START--
INFO: Run Behavior\ShowPageTraceBehavior [ RunTime:0.001000s ]
INFO: [ app_end ] --END-- [ RunTime:0.002000s ]

[ 2017-05-02T15:15:25+08:00 ] 127.0.0.1 /index.php/Home/Address/updaddress/address_id/updaddress
INFO: [ app_begin ] --START--
INFO: Run Behavior\ReadHtmlCacheBehavior [ RunTime:0.001000s ]
INFO: [ app_begin ] --END-- [ RunTime:0.002000s ]
SQL: SHOW COLUMNS FROM `cz_address` [ RunTime:0.0200s ]
SQL: UPDATE `cz_address` SET `name`='关山光谷软件园1号201',`province`='北京',`city`='北京市',`district`='东城区',`address_desc`='关山光谷软件园1号201',`tel`='18171615261' WHERE `address_id` = 0 [ RunTime:0.0010s ]
INFO: [ app_end ] --START--
INFO: Run Behavior\ShowPageTraceBehavior [ RunTime:0.002001s ]
INFO: [ app_end ] --END-- [ RunTime:0.003001s ]

[ 2017-05-02T15:17:35+08:00 ] 127.0.0.1 /index.php/Home/Address/updaddress/address_id/updaddress
INFO: [ app_begin ] --START--
INFO: Run Behavior\ReadHtmlCacheBehavior [ RunTime:0.001000s ]
INFO: [ app_begin ] --END-- [ RunTime:0.001000s ]
SQL: SHOW COLUMNS FROM `cz_address` [ RunTime:0.0000s ]
SQL: UPDATE `cz_address` SET `name`='关山光谷软件园1号201',`province`='北京',`city`='北京市',`district`='东城区',`address_desc`='关山光谷软件园1号201',`tel`='18171615261' WHERE `address_id` = 0 [ RunTime:0.0000s ]
INFO: [ app_end ] --START--
INFO: Run Behavior\ShowPageTraceBehavior [ RunTime:0.001000s ]
INFO: [ app_end ] --END-- [ RunTime:0.001000s ]

[ 2017-05-02T15:18:06+08:00 ] 127.0.0.1 /index.php/Address/updaddress/address_id/updaddress
INFO: [ app_begin ] --START--
INFO: Run Behavior\ReadHtmlCacheBehavior [ RunTime:0.002000s ]
INFO: [ app_begin ] --END-- [ RunTime:0.004000s ]
SQL: SHOW COLUMNS FROM `cz_address` [ RunTime:0.0160s ]
SQL: UPDATE `cz_address` SET `name`='关山光谷软件园1号201',`province`='北京',`city`='北京市',`district`='东城区',`address_desc`='关山光谷软件园1号201',`tel`='18171615261' WHERE `address_id` = 0 [ RunTime:0.0010s ]
INFO: [ app_end ] --START--
INFO: Run Behavior\ShowPageTraceBehavior [ RunTime:0.001000s ]
INFO: [ app_end ] --END-- [ RunTime:0.001000s ]

[ 2017-05-02T15:18:26+08:00 ] 127.0.0.1 /index.php/Address/updaddress/address_id/updaddress
INFO: [ app_begin ] --START--
INFO: Run Behavior\ReadHtmlCacheBehavior [ RunTime:0.002000s ]
INFO: [ app_begin ] --END-- [ RunTime:0.003000s ]
SQL: SHOW COLUMNS FROM `cz_address` [ RunTime:0.0190s ]
SQL: UPDATE `cz_address` SET `name`='关山光谷软件园1号201',`province`='北京',`city`='北京市',`district`='东城区',`address_desc`='关山光谷软件园1号201',`tel`='18171615261' WHERE `address_id` = 0 [ RunTime:0.0010s ]
INFO: [ app_end ] --START--
INFO: Run Behavior\ShowPageTraceBehavior [ RunTime:0.002000s ]
INFO: [ app_end ] --END-- [ RunTime:0.003000s ]

[ 2017-05-02T15:23:47+08:00 ] 127.0.0.1 /index.php/Address/updaddress/address_id/updaddress
INFO: [ app_begin ] --START--
INFO: Run Behavior\ReadHtmlCacheBehavior [ RunTime:0.002000s ]
INFO: [ app_begin ] --END-- [ RunTime:0.003000s ]
SQL: SHOW COLUMNS FROM `cz_address` [ RunTime:0.0600s ]

[ 2017-05-02T15:23:51+08:00 ] 127.0.0.1 /index.php/Address/updaddress/address_id/updaddress
INFO: [ app_begin ] --START--
INFO: Run Behavior\ReadHtmlCacheBehavior [ RunTime:0.001000s ]
INFO: [ app_begin ] --END-- [ RunTime:0.002000s ]
SQL: SHOW COLUMNS FROM `cz_address` [ RunTime:0.0210s ]

[ 2017-05-02T15:24:05+08:00 ] 127.0.0.1 /index.php/Address/updaddress/address_id/updaddress
INFO: [ app_begin ] --START--
INFO: Run Behavior\ReadHtmlCacheBehavior [ RunTime:0.002000s ]
INFO: [ app_begin ] --END-- [ RunTime:0.003000s ]
SQL: SHOW COLUMNS FROM `cz_address` [ RunTime:0.0660s ]

[ 2017-05-02T15:24:53+08:00 ] 127.0.0.1 /index.php/Address/updaddress/address_id/updaddress
INFO: [ app_begin ] --START--
INFO: Run Behavior\ReadHtmlCacheBehavior [ RunTime:0.001000s ]
INFO: [ app_begin ] --END-- [ RunTime:0.002000s ]
SQL: SHOW COLUMNS FROM `cz_address` [ RunTime:0.0400s ]
SQL: UPDATE `cz_address` SET `name`='关山光谷软件园1号201',`province`='北京',`city`='北京市',`district`='东城区',`address_desc`='关山光谷软件园1号201',`tel`='18174007564' WHERE `address_id` = 7 [ RunTime:0.0780s ]
INFO: [ app_end ] --START--
INFO: Run Behavior\ShowPageTraceBehavior [ RunTime:0.002000s ]
INFO: [ app_end ] --END-- [ RunTime:0.003000s ]

[ 2017-05-02T15:25:30+08:00 ] 127.0.0.1 /index.php/Address/updaddress/address_id/updaddress
INFO: [ app_begin ] --START--
INFO: Run Behavior\ReadHtmlCacheBehavior [ RunTime:0.003001s ]
INFO: [ app_begin ] --END-- [ RunTime:0.005001s ]
SQL: SHOW COLUMNS FROM `cz_address` [ RunTime:0.0100s ]
SQL: UPDATE `cz_address` SET `name`='关山光谷软件园1号201',`province`='北京',`city`='北京市',`district`='东城区',`address_desc`='关山光谷软件园1号201',`tel`='18174007564' WHERE `address_id` = 7 [ RunTime:0.0170s ]
INFO: [ app_end ] --START--
INFO: Run Behavior\ShowPageTraceBehavior [ RunTime:0.002000s ]
INFO: [ app_end ] --END-- [ RunTime:0.002000s ]

[ 2017-05-02T15:25:40+08:00 ] 127.0.0.1 /index.php/Address/updaddress/address_id/updaddress
INFO: [ app_begin ] --START--
INFO: Run Behavior\ReadHtmlCacheBehavior [ RunTime:0.001000s ]
INFO: [ app_begin ] --END-- [ RunTime:0.002000s ]
SQL: SHOW COLUMNS FROM `cz_address` [ RunTime:0.0060s ]
SQL: UPDATE `cz_address` SET `name`='关山光谷软件园1号201',`province`='北京',`city`='北京市',`district`='东城区',`address_desc`='关山光谷软件园1号201',`tel`='18174007564' WHERE `address_id` = 7 [ RunTime:0.0250s ]
INFO: [ app_end ] --START--
INFO: Run Behavior\ShowPageTraceBehavior [ RunTime:0.002000s ]
INFO: [ app_end ] --END-- [ RunTime:0.002000s ]

[ 2017-05-02T15:26:07+08:00 ] 127.0.0.1 /index.php/Address/updaddress/address_id/updaddress
INFO: [ app_begin ] --START--
INFO: Run Behavior\ReadHtmlCacheBehavior [ RunTime:0.001000s ]
INFO: [ app_begin ] --END-- [ RunTime:0.002000s ]
SQL: SHOW COLUMNS FROM `cz_address` [ RunTime:0.0010s ]
SQL: UPDATE `cz_address` SET `name`='关山光谷软件园1号201',`province`='北京',`city`='北京市',`district`='东城区',`address_desc`='关山光谷软件园1号201',`tel`='18174007564' WHERE `address_id` = 7 [ RunTime:0.0270s ]
INFO: [ app_end ] --START--
INFO: Run Behavior\ShowPageTraceBehavior [ RunTime:0.002001s ]
INFO: [ app_end ] --END-- [ RunTime:0.002001s ]

[ 2017-05-02T15:26:26+08:00 ] 127.0.0.1 /index.php/Home/Address/updaddress/address_id/updaddress
INFO: [ app_begin ] --START--
INFO: Run Behavior\ReadHtmlCacheBehavior [ RunTime:0.001000s ]
INFO: [ app_begin ] --END-- [ RunTime:0.002000s ]
SQL: SHOW COLUMNS FROM `cz_address` [ RunTime:0.0280s ]
SQL: UPDATE `cz_address` SET `name`='关山光谷软件园1号201',`province`='北京',`city`='北京市',`district`='东城区',`address_desc`='关山光谷软件园1号201',`tel`='18174007564' WHERE `address_id` = 7 [ RunTime:0.0680s ]
INFO: [ app_end ] --START--
INFO: Run Behavior\ShowPageTraceBehavior [ RunTime:0.002000s ]
INFO: [ app_end ] --END-- [ RunTime:0.003000s ]

[ 2017-05-02T15:27:17+08:00 ] 127.0.0.1 /index.php/Home/Address/updaddress/address_id/updaddress
INFO: [ app_begin ] --START--
INFO: Run Behavior\ReadHtmlCacheBehavior [ RunTime:0.001000s ]
INFO: [ app_begin ] --END-- [ RunTime:0.003000s ]
SQL: SHOW COLUMNS FROM `cz_address` [ RunTime:0.0120s ]
SQL: UPDATE `cz_address` SET `name`='关山光谷软件园1号201',`province`='北京',`city`='北京市',`district`='东城区',`address_desc`='关山光谷软件园1号201',`tel`='18174007564' WHERE `address_id` = 7 [ RunTime:0.0490s ]
INFO: [ app_end ] --START--
INFO: Run Behavior\ShowPageTraceBehavior [ RunTime:0.003001s ]
INFO: [ app_end ] --END-- [ RunTime:0.003001s ]

[ 2017-05-02T15:27:35+08:00 ] 127.0.0.1 /index.php/Home/Address/updaddress/address_id/updaddress
INFO: [ app_begin ] --START--
INFO: Run Behavior\ReadHtmlCacheBehavior [ RunTime:0.001000s ]
INFO: [ app_begin ] --END-- [ RunTime:0.004000s ]
SQL: SHOW COLUMNS FROM `cz_address` [ RunTime:0.0080s ]
SQL: UPDATE `cz_address` SET `name`='关山光谷软件园1号201',`province`='北京',`city`='北京市',`district`='东城区',`address_desc`='关山光谷软件园1号201',`tel`='18174007564' WHERE `address_id` = 7 [ RunTime:0.0450s ]
INFO: [ app_end ] --START--
INFO: Run Behavior\ShowPageTraceBehavior [ RunTime:0.002000s ]
INFO: [ app_end ] --END-- [ RunTime:0.003000s ]

[ 2017-05-02T20:23:02+08:00 ] 127.0.0.1 /index.php/Home/Goods/goodsdetails
ERR: 非法操作:goodsdetails

[ 2017-05-02T20:23:24+08:00 ] 127.0.0.1 /index.php/Home/Goods/goodsdetails
ERR: 非法操作:goodsdetails

[ 2017-05-02T21:11:56+08:00 ] 127.0.0.1 /index.php/Home/Goods/goodslist/cat_id/2
ERR: Think\Controller:assgin方法不存在！

[ 2017-05-02T21:16:42+08:00 ] 127.0.0.1 /index.php/Common/Uploads/2017-05-02/590879c33b621.jp
ERR: 无法加载控制器:Common

