[ 2017-06-07T10:29:29+08:00 ] 127.0.0.1 /index.php/User/login
INFO: [ app_begin ] --START--
INFO: Run Behavior\ReadHtmlCacheBehavior [ RunTime:0.001000s ]
INFO: [ app_begin ] --END-- [ RunTime:0.001000s ]
SQL: SHOW COLUMNS FROM `cz_category` [ RunTime:0.0010s ]
SQL: SELECT * FROM `cz_category` WHERE `cat_level` = 0  [ RunTime:0.0000s ]
SQL: SELECT * FROM `cz_category` WHERE `cat_level` = 1  [ RunTime:0.0000s ]
SQL: SELECT * FROM `cz_category` WHERE `cat_level` = 2  [ RunTime:0.0010s ]
SQL: SHOW COLUMNS FROM `cz_cart` [ RunTime:0.0010s ]
NOTIC: [8] Undefined index: user_id E:\wamp64\www\onlineshop\App\Home\Controller\HomeController.class.php 第 31 行.
SQL: SELECT * FROM `cz_cart` WHERE `user_id` = null AND `cart_status` = 0  [ RunTime:0.0010s ]
SQL: SHOW COLUMNS FROM `cz_user` [ RunTime:0.0010s ]
SQL: SELECT * FROM `cz_user` WHERE `user_name` = '张良梁' LIMIT 1   [ RunTime:0.0010s ]
SQL: SELECT * FROM `cz_user` WHERE `user_name` = '张良梁' AND `user_pwd` = 'e10adc3949ba59abbe56e057f20f883e' LIMIT 1   [ RunTime:0.0000s ]
INFO: [ app_end ] --START--
INFO: Run Behavior\ShowPageTraceBehavior [ RunTime:0.001000s ]
INFO: [ app_end ] --END-- [ RunTime:0.001000s ]

[ 2017-06-07T10:36:07+08:00 ] 127.0.0.1 /index.php/User/login
INFO: [ app_begin ] --START--
INFO: Run Behavior\ReadHtmlCacheBehavior [ RunTime:0.000000s ]
INFO: [ app_begin ] --END-- [ RunTime:0.000000s ]
SQL: SHOW COLUMNS FROM `cz_category` [ RunTime:0.0010s ]
SQL: SELECT * FROM `cz_category` WHERE `cat_level` = 0  [ RunTime:0.0000s ]
SQL: SELECT * FROM `cz_category` WHERE `cat_level` = 1  [ RunTime:0.0000s ]
SQL: SELECT * FROM `cz_category` WHERE `cat_level` = 2  [ RunTime:0.0000s ]
SQL: SHOW COLUMNS FROM `cz_cart` [ RunTime:0.0020s ]
NOTIC: [8] Undefined index: user_id E:\wamp64\www\onlineshop\App\Home\Controller\HomeController.class.php 第 31 行.
SQL: SELECT * FROM `cz_cart` WHERE `user_id` = null AND `cart_status` = 0  [ RunTime:0.0000s ]
SQL: SHOW COLUMNS FROM `cz_user` [ RunTime:0.0020s ]
SQL: SELECT * FROM `cz_user` WHERE `user_name` = 'just' LIMIT 1   [ RunTime:0.0000s ]
SQL: SELECT * FROM `cz_user` WHERE `user_pwd` = 'e10adc3949ba59abbe56e057f20f883e' LIMIT 1   [ RunTime:0.0010s ]
SQL: SELECT * FROM `cz_user` WHERE `user_name` = 'just' AND `user_pwd` = 'e10adc3949ba59abbe56e057f20f883e' LIMIT 1   [ RunTime:0.0000s ]
INFO: [ app_end ] --START--
INFO: Run Behavior\ShowPageTraceBehavior [ RunTime:0.000000s ]
INFO: [ app_end ] --END-- [ RunTime:0.000000s ]

[ 2017-06-07T10:36:35+08:00 ] 127.0.0.1 /index.php/User/login
INFO: [ app_begin ] --START--
INFO: Run Behavior\ReadHtmlCacheBehavior [ RunTime:0.000000s ]
INFO: [ app_begin ] --END-- [ RunTime:0.000000s ]
SQL: SHOW COLUMNS FROM `cz_category` [ RunTime:0.0010s ]
SQL: SELECT * FROM `cz_category` WHERE `cat_level` = 0  [ RunTime:0.0000s ]
SQL: SELECT * FROM `cz_category` WHERE `cat_level` = 1  [ RunTime:0.0000s ]
SQL: SELECT * FROM `cz_category` WHERE `cat_level` = 2  [ RunTime:0.0000s ]
SQL: SHOW COLUMNS FROM `cz_cart` [ RunTime:0.0000s ]
NOTIC: [8] Undefined index: user_id E:\wamp64\www\onlineshop\App\Home\Controller\HomeController.class.php 第 31 行.
SQL: SELECT * FROM `cz_cart` WHERE `user_id` = null AND `cart_status` = 0  [ RunTime:0.0000s ]
SQL: SHOW COLUMNS FROM `cz_user` [ RunTime:0.0000s ]
SQL: SELECT * FROM `cz_user` WHERE `user_name` = 'tom' LIMIT 1   [ RunTime:0.0000s ]
SQL: SELECT * FROM `cz_user` WHERE `user_name` = 'tom' AND `user_pwd` = 'e10adc3949ba59abbe56e057f20f883e' LIMIT 1   [ RunTime:0.0000s ]
INFO: [ app_end ] --START--
INFO: Run Behavior\ShowPageTraceBehavior [ RunTime:0.000000s ]
INFO: [ app_end ] --END-- [ RunTime:0.000000s ]

