[ 2017-05-10T18:13:55+08:00 ] 127.0.0.1 /index.php/Cart/addCart
INFO: [ app_begin ] --START--
INFO: Run Behavior\ReadHtmlCacheBehavior [ RunTime:0.000000s ]
INFO: [ app_begin ] --END-- [ RunTime:0.001000s ]
SQL: SHOW COLUMNS FROM `cz_category` [ RunTime:0.0020s ]
SQL: SELECT * FROM `cz_category` WHERE `cat_level` = 0  [ RunTime:0.0010s ]
SQL: SELECT * FROM `cz_category` WHERE `cat_level` = 1  [ RunTime:0.0000s ]
SQL: SELECT * FROM `cz_category` WHERE `cat_level` = 2  [ RunTime:0.0010s ]
SQL: SHOW COLUMNS FROM `cz_cart` [ RunTime:0.0020s ]
NOTIC: [8] Undefined index: user_id E:\wamp64\www\onlineshop\App\Home\Controller\HomeController.class.php 第 31 行.
SQL: SELECT * FROM `cz_cart` WHERE `user_id` = null AND `cart_status` = 0  [ RunTime:0.0010s ]
SQL: INSERT INTO `cz_cart` (`goods_id`,`user_id`,`goods_name`,`goods_img`,`goods_number`,`goods_price`,`price_total`,`goods_attr`) VALUES ('103','6','联想小新700','Common/Uploads/2017-05-02/small_590879c33b621.jpg','1','4998.00','4998','i5 4G内存 黑色
') [ RunTime:0.0420s ]
INFO: [ app_end ] --START--
INFO: Run Behavior\ShowPageTraceBehavior [ RunTime:0.001000s ]
INFO: [ app_end ] --END-- [ RunTime:0.001000s ]

[ 2017-05-10T18:14:38+08:00 ] 127.0.0.1 /index.php/Cart/addCart
INFO: [ app_begin ] --START--
INFO: Run Behavior\ReadHtmlCacheBehavior [ RunTime:0.001000s ]
INFO: [ app_begin ] --END-- [ RunTime:0.001000s ]
SQL: SHOW COLUMNS FROM `cz_category` [ RunTime:0.0010s ]
SQL: SELECT * FROM `cz_category` WHERE `cat_level` = 0  [ RunTime:0.0010s ]
SQL: SELECT * FROM `cz_category` WHERE `cat_level` = 1  [ RunTime:0.0000s ]
SQL: SELECT * FROM `cz_category` WHERE `cat_level` = 2  [ RunTime:0.0000s ]
SQL: SHOW COLUMNS FROM `cz_cart` [ RunTime:0.0020s ]
NOTIC: [8] Undefined index: user_id E:\wamp64\www\onlineshop\App\Home\Controller\HomeController.class.php 第 31 行.
SQL: SELECT * FROM `cz_cart` WHERE `user_id` = null AND `cart_status` = 0  [ RunTime:0.0020s ]
SQL: INSERT INTO `cz_cart` (`goods_id`,`user_id`,`goods_name`,`goods_img`,`goods_number`,`goods_price`,`price_total`,`goods_attr`) VALUES ('103','6','联想小新700','Common/Uploads/2017-05-02/small_590879c33b621.jpg','1','4998.00','4998','i7 8G内存
 银白色') [ RunTime:0.0400s ]
INFO: [ app_end ] --START--
INFO: Run Behavior\ShowPageTraceBehavior [ RunTime:0.002000s ]
INFO: [ app_end ] --END-- [ RunTime:0.002000s ]

[ 2017-05-10T18:14:39+08:00 ] 127.0.0.1 /index.php/Cart/addCart
INFO: [ app_begin ] --START--
INFO: Run Behavior\ReadHtmlCacheBehavior [ RunTime:0.001000s ]
INFO: [ app_begin ] --END-- [ RunTime:0.002000s ]
SQL: SHOW COLUMNS FROM `cz_category` [ RunTime:0.0010s ]
SQL: SELECT * FROM `cz_category` WHERE `cat_level` = 0  [ RunTime:0.0000s ]
SQL: SELECT * FROM `cz_category` WHERE `cat_level` = 1  [ RunTime:0.0000s ]
SQL: SELECT * FROM `cz_category` WHERE `cat_level` = 2  [ RunTime:0.0000s ]
SQL: SHOW COLUMNS FROM `cz_cart` [ RunTime:0.0010s ]
NOTIC: [8] Undefined index: user_id E:\wamp64\www\onlineshop\App\Home\Controller\HomeController.class.php 第 31 行.
SQL: SELECT * FROM `cz_cart` WHERE `user_id` = null AND `cart_status` = 0  [ RunTime:0.0000s ]
SQL: INSERT INTO `cz_cart` (`goods_id`,`user_id`,`goods_name`,`goods_img`,`goods_number`,`goods_price`,`price_total`,`goods_attr`) VALUES ('103','6','联想小新700','Common/Uploads/2017-05-02/small_590879c33b621.jpg','1','4998.00','4998','i7 8G内存
 银白色') [ RunTime:0.0020s ]
INFO: [ app_end ] --START--
INFO: Run Behavior\ShowPageTraceBehavior [ RunTime:0.001000s ]
INFO: [ app_end ] --END-- [ RunTime:0.001000s ]

[ 2017-05-10T18:14:39+08:00 ] 127.0.0.1 /index.php/Cart/addCart
INFO: [ app_begin ] --START--
INFO: Run Behavior\ReadHtmlCacheBehavior [ RunTime:0.001000s ]
INFO: [ app_begin ] --END-- [ RunTime:0.001000s ]
SQL: SHOW COLUMNS FROM `cz_category` [ RunTime:0.0010s ]
SQL: SELECT * FROM `cz_category` WHERE `cat_level` = 0  [ RunTime:0.0010s ]
SQL: SELECT * FROM `cz_category` WHERE `cat_level` = 1  [ RunTime:0.0010s ]
SQL: SELECT * FROM `cz_category` WHERE `cat_level` = 2  [ RunTime:0.0000s ]
SQL: SHOW COLUMNS FROM `cz_cart` [ RunTime:0.0010s ]
NOTIC: [8] Undefined index: user_id E:\wamp64\www\onlineshop\App\Home\Controller\HomeController.class.php 第 31 行.
SQL: SELECT * FROM `cz_cart` WHERE `user_id` = null AND `cart_status` = 0  [ RunTime:0.0010s ]
SQL: INSERT INTO `cz_cart` (`goods_id`,`user_id`,`goods_name`,`goods_img`,`goods_number`,`goods_price`,`price_total`,`goods_attr`) VALUES ('103','6','联想小新700','Common/Uploads/2017-05-02/small_590879c33b621.jpg','1','4998.00','4998','i7 8G内存
 银白色') [ RunTime:0.0020s ]
INFO: [ app_end ] --START--
INFO: Run Behavior\ShowPageTraceBehavior [ RunTime:0.001000s ]
INFO: [ app_end ] --END-- [ RunTime:0.001000s ]

[ 2017-05-10T18:15:11+08:00 ] 127.0.0.1 /index.php/User/login
INFO: [ app_begin ] --START--
INFO: Run Behavior\ReadHtmlCacheBehavior [ RunTime:0.001000s ]
INFO: [ app_begin ] --END-- [ RunTime:0.001000s ]
SQL: SHOW COLUMNS FROM `cz_category` [ RunTime:0.0000s ]
SQL: SELECT * FROM `cz_category` WHERE `cat_level` = 0  [ RunTime:0.0010s ]
SQL: SELECT * FROM `cz_category` WHERE `cat_level` = 1  [ RunTime:0.0010s ]
SQL: SELECT * FROM `cz_category` WHERE `cat_level` = 2  [ RunTime:0.0010s ]
SQL: SHOW COLUMNS FROM `cz_cart` [ RunTime:0.0000s ]
NOTIC: [8] Undefined index: user_id E:\wamp64\www\onlineshop\App\Home\Controller\HomeController.class.php 第 31 行.
SQL: SELECT * FROM `cz_cart` WHERE `user_id` = null AND `cart_status` = 0  [ RunTime:0.0010s ]
SQL: SHOW COLUMNS FROM `cz_user` [ RunTime:0.0020s ]
SQL: SELECT * FROM `cz_user` WHERE `user_name` = 'tom' LIMIT 1   [ RunTime:0.0690s ]
SQL: SELECT * FROM `cz_user` WHERE `user_name` = 'tom' AND `user_pwd` = 'e10adc3949ba59abbe56e057f20f883e' LIMIT 1   [ RunTime:0.0010s ]
INFO: [ app_end ] --START--
INFO: Run Behavior\ShowPageTraceBehavior [ RunTime:0.002000s ]
INFO: [ app_end ] --END-- [ RunTime:0.002000s ]

[ 2017-05-10T18:15:21+08:00 ] 127.0.0.1 /index.php/Cart/affirmorder
INFO: [ app_begin ] --START--
INFO: Run Behavior\ReadHtmlCacheBehavior [ RunTime:0.000000s ]
INFO: [ app_begin ] --END-- [ RunTime:0.001000s ]
SQL: SHOW COLUMNS FROM `cz_category` [ RunTime:0.0020s ]
SQL: SELECT * FROM `cz_category` WHERE `cat_level` = 0  [ RunTime:0.0010s ]
SQL: SELECT * FROM `cz_category` WHERE `cat_level` = 1  [ RunTime:0.0010s ]
SQL: SELECT * FROM `cz_category` WHERE `cat_level` = 2  [ RunTime:0.0010s ]
SQL: SHOW COLUMNS FROM `cz_cart` [ RunTime:0.0010s ]
SQL: SELECT * FROM `cz_cart` WHERE `user_id` = 6 AND `cart_status` = 0  [ RunTime:0.0010s ]
SQL: UPDATE `cz_cart` SET `goods_number`='1',`cart_status`='1' WHERE `cart_id` = 33 [ RunTime:0.0450s ]
INFO: [ app_end ] --START--
INFO: Run Behavior\ShowPageTraceBehavior [ RunTime:0.001000s ]
INFO: [ app_end ] --END-- [ RunTime:0.002000s ]

[ 2017-05-10T18:15:21+08:00 ] 127.0.0.1 /index.php/Cart/affirmorder
INFO: [ app_begin ] --START--
INFO: Run Behavior\ReadHtmlCacheBehavior [ RunTime:0.000000s ]
INFO: [ app_begin ] --END-- [ RunTime:0.002000s ]
SQL: SHOW COLUMNS FROM `cz_category` [ RunTime:0.0010s ]
SQL: SELECT * FROM `cz_category` WHERE `cat_level` = 0  [ RunTime:0.0000s ]
SQL: SELECT * FROM `cz_category` WHERE `cat_level` = 1  [ RunTime:0.0020s ]
SQL: SELECT * FROM `cz_category` WHERE `cat_level` = 2  [ RunTime:0.0010s ]
SQL: SHOW COLUMNS FROM `cz_cart` [ RunTime:0.0010s ]
SQL: SELECT * FROM `cz_cart` WHERE `user_id` = 6 AND `cart_status` = 0  [ RunTime:0.0010s ]
SQL: UPDATE `cz_cart` SET `goods_number`='1',`cart_status`='1' WHERE `cart_id` = 32 [ RunTime:0.0070s ]
INFO: [ app_end ] --START--
INFO: Run Behavior\ShowPageTraceBehavior [ RunTime:0.000000s ]
INFO: [ app_end ] --END-- [ RunTime:0.001000s ]

[ 2017-05-10T18:15:26+08:00 ] 127.0.0.1 /index.php/Cart/ordersuccess
INFO: [ app_begin ] --START--
INFO: Run Behavior\ReadHtmlCacheBehavior [ RunTime:0.001000s ]
INFO: [ app_begin ] --END-- [ RunTime:0.001000s ]
SQL: SHOW COLUMNS FROM `cz_category` [ RunTime:0.0020s ]
SQL: SELECT * FROM `cz_category` WHERE `cat_level` = 0  [ RunTime:0.0010s ]
SQL: SELECT * FROM `cz_category` WHERE `cat_level` = 1  [ RunTime:0.0010s ]
SQL: SELECT * FROM `cz_category` WHERE `cat_level` = 2  [ RunTime:0.0010s ]
SQL: SHOW COLUMNS FROM `cz_cart` [ RunTime:0.0010s ]
SQL: SELECT * FROM `cz_cart` WHERE `user_id` = 6 AND `cart_status` = 0  [ RunTime:0.0010s ]
SQL: SELECT `user_id`,`goods_img`,`goods_id`,`price_total` FROM `cz_cart` WHERE `cart_id` = 32 LIMIT 1   [ RunTime:0.0000s ]
SQL: SHOW COLUMNS FROM `cz_order` [ RunTime:0.0030s ]
SQL: INSERT INTO `cz_order` (`user_id`,`goods_img`,`goods_id`,`address_id`,`order_time`,`goods_amount`) VALUES ('6','Common/Uploads/2017-05-02/small_590879c33b621.jpg','103','10','1494411326','4998.00') [ RunTime:0.0210s ]
SQL: DELETE FROM `cz_cart` WHERE `cart_id` = 32 [ RunTime:0.0290s ]
INFO: [ app_end ] --START--
INFO: Run Behavior\ShowPageTraceBehavior [ RunTime:0.001000s ]
INFO: [ app_end ] --END-- [ RunTime:0.001000s ]

[ 2017-05-10T18:15:26+08:00 ] 127.0.0.1 /index.php/Cart/ordersuccess
INFO: [ app_begin ] --START--
INFO: Run Behavior\ReadHtmlCacheBehavior [ RunTime:0.002000s ]
INFO: [ app_begin ] --END-- [ RunTime:0.002000s ]
SQL: SHOW COLUMNS FROM `cz_category` [ RunTime:0.0010s ]
SQL: SELECT * FROM `cz_category` WHERE `cat_level` = 0  [ RunTime:0.0020s ]
SQL: SELECT * FROM `cz_category` WHERE `cat_level` = 1  [ RunTime:0.0010s ]
SQL: SELECT * FROM `cz_category` WHERE `cat_level` = 2  [ RunTime:0.0010s ]
SQL: SHOW COLUMNS FROM `cz_cart` [ RunTime:0.0020s ]
SQL: SELECT * FROM `cz_cart` WHERE `user_id` = 6 AND `cart_status` = 0  [ RunTime:0.0030s ]
SQL: SELECT `user_id`,`goods_img`,`goods_id`,`price_total` FROM `cz_cart` WHERE `cart_id` = 33 LIMIT 1   [ RunTime:0.0050s ]
SQL: SHOW COLUMNS FROM `cz_order` [ RunTime:0.0040s ]
SQL: INSERT INTO `cz_order` (`user_id`,`goods_img`,`goods_id`,`address_id`,`order_time`,`goods_amount`) VALUES ('6','Common/Uploads/2017-05-02/small_590879c33b621.jpg','103','10','1494411326','4998.00') [ RunTime:0.0060s ]
SQL: DELETE FROM `cz_cart` WHERE `cart_id` = 33 [ RunTime:0.0260s ]
INFO: [ app_end ] --START--
INFO: Run Behavior\ShowPageTraceBehavior [ RunTime:0.001000s ]
INFO: [ app_end ] --END-- [ RunTime:0.002000s ]

