[ 2017-05-22T09:12:21+08:00 ] 127.0.0.1 /index.php/User/login
INFO: [ app_begin ] --START--
INFO: Run Behavior\ReadHtmlCacheBehavior [ RunTime:0.001000s ]
INFO: [ app_begin ] --END-- [ RunTime:0.001000s ]
SQL: SHOW COLUMNS FROM `cz_category` [ RunTime:0.0000s ]
SQL: SELECT * FROM `cz_category` WHERE `cat_level` = 0  [ RunTime:0.0000s ]
SQL: SELECT * FROM `cz_category` WHERE `cat_level` = 1  [ RunTime:0.0000s ]
SQL: SELECT * FROM `cz_category` WHERE `cat_level` = 2  [ RunTime:0.0000s ]
SQL: SHOW COLUMNS FROM `cz_cart` [ RunTime:0.0000s ]
NOTIC: [8] Undefined index: user_id E:\wamp64\www\onlineshop\App\Home\Controller\HomeController.class.php 第 31 行.
SQL: SELECT * FROM `cz_cart` WHERE `user_id` = null AND `cart_status` = 0  [ RunTime:0.0000s ]
SQL: SHOW COLUMNS FROM `cz_user` [ RunTime:0.0000s ]
INFO: [ app_end ] --START--
INFO: Run Behavior\ShowPageTraceBehavior [ RunTime:0.000000s ]
INFO: [ app_end ] --END-- [ RunTime:0.000000s ]

[ 2017-05-22T09:12:30+08:00 ] 127.0.0.1 /index.php/User/login
INFO: [ app_begin ] --START--
INFO: Run Behavior\ReadHtmlCacheBehavior [ RunTime:0.001000s ]
INFO: [ app_begin ] --END-- [ RunTime:0.001000s ]
SQL: SHOW COLUMNS FROM `cz_category` [ RunTime:0.0010s ]
SQL: SELECT * FROM `cz_category` WHERE `cat_level` = 0  [ RunTime:0.0000s ]
SQL: SELECT * FROM `cz_category` WHERE `cat_level` = 1  [ RunTime:0.0000s ]
SQL: SELECT * FROM `cz_category` WHERE `cat_level` = 2  [ RunTime:0.0000s ]
SQL: SHOW COLUMNS FROM `cz_cart` [ RunTime:0.0020s ]
NOTIC: [8] Undefined index: user_id E:\wamp64\www\onlineshop\App\Home\Controller\HomeController.class.php 第 31 行.
SQL: SELECT * FROM `cz_cart` WHERE `user_id` = null AND `cart_status` = 0  [ RunTime:0.0000s ]
SQL: SHOW COLUMNS FROM `cz_user` [ RunTime:0.0000s ]
SQL: SELECT * FROM `cz_user` WHERE `user_name` = 'json' LIMIT 1   [ RunTime:0.0468s ]
SQL: SELECT * FROM `cz_user` WHERE `user_name` = 'json' AND `user_pwd` = 'e10adc3949ba59abbe56e057f20f883e' LIMIT 1   [ RunTime:0.0000s ]
INFO: [ app_end ] --START--
INFO: Run Behavior\ShowPageTraceBehavior [ RunTime:0.000000s ]
INFO: [ app_end ] --END-- [ RunTime:0.000000s ]

[ 2017-05-22T09:12:44+08:00 ] 127.0.0.1 /index.php/Cart/addCart
INFO: [ app_begin ] --START--
INFO: Run Behavior\ReadHtmlCacheBehavior [ RunTime:0.001000s ]
INFO: [ app_begin ] --END-- [ RunTime:0.003000s ]
SQL: SHOW COLUMNS FROM `cz_category` [ RunTime:0.0010s ]
SQL: SELECT * FROM `cz_category` WHERE `cat_level` = 0  [ RunTime:0.0000s ]
SQL: SELECT * FROM `cz_category` WHERE `cat_level` = 1  [ RunTime:0.0000s ]
SQL: SELECT * FROM `cz_category` WHERE `cat_level` = 2  [ RunTime:0.0010s ]
SQL: SHOW COLUMNS FROM `cz_cart` [ RunTime:0.0030s ]
SQL: SELECT * FROM `cz_cart` WHERE `user_id` = 5 AND `cart_status` = 0  [ RunTime:0.0010s ]
SQL: INSERT INTO `cz_cart` (`goods_id`,`user_id`,`goods_name`,`goods_img`,`goods_number`,`goods_price`,`price_total`,`goods_attr`) VALUES ('105','5','联想Lenovo小新潮7000','Common/Uploads/2017-05-02/small_59087d9b27cdf.jpg','1','5599.00','5599','i5 4G内存 银白色') [ RunTime:0.1000s ]
INFO: [ app_end ] --START--
INFO: Run Behavior\ShowPageTraceBehavior [ RunTime:0.001000s ]
INFO: [ app_end ] --END-- [ RunTime:0.001000s ]

[ 2017-05-22T09:13:12+08:00 ] 127.0.0.1 /index.php/Cart/addCart
INFO: [ app_begin ] --START--
INFO: Run Behavior\ReadHtmlCacheBehavior [ RunTime:0.001000s ]
INFO: [ app_begin ] --END-- [ RunTime:0.002000s ]
SQL: SHOW COLUMNS FROM `cz_category` [ RunTime:0.0010s ]
SQL: SELECT * FROM `cz_category` WHERE `cat_level` = 0  [ RunTime:0.0010s ]
SQL: SELECT * FROM `cz_category` WHERE `cat_level` = 1  [ RunTime:0.0000s ]
SQL: SELECT * FROM `cz_category` WHERE `cat_level` = 2  [ RunTime:0.0000s ]
SQL: SHOW COLUMNS FROM `cz_cart` [ RunTime:0.0020s ]
SQL: SELECT * FROM `cz_cart` WHERE `user_id` = 5 AND `cart_status` = 0  [ RunTime:0.0000s ]
SQL: INSERT INTO `cz_cart` (`goods_id`,`user_id`,`goods_name`,`goods_img`,`goods_number`,`goods_price`,`price_total`,`goods_attr`) VALUES ('104','5','联想拯救者','Common/Uploads/2017-05-02/small_59087cd5db11f.jpg','3','6499.00','19497','红色
 i7 8G内存
') [ RunTime:0.0370s ]
INFO: [ app_end ] --START--
INFO: Run Behavior\ShowPageTraceBehavior [ RunTime:0.001000s ]
INFO: [ app_end ] --END-- [ RunTime:0.001000s ]

[ 2017-05-22T09:43:01+08:00 ] 127.0.0.1 /index.php/Cart/affirmorder
INFO: [ app_begin ] --START--
INFO: Run Behavior\ReadHtmlCacheBehavior [ RunTime:0.000000s ]
INFO: [ app_begin ] --END-- [ RunTime:0.001000s ]
SQL: SHOW COLUMNS FROM `cz_category` [ RunTime:0.0010s ]
SQL: SELECT * FROM `cz_category` WHERE `cat_level` = 0  [ RunTime:0.0010s ]
SQL: SELECT * FROM `cz_category` WHERE `cat_level` = 1  [ RunTime:0.0000s ]
SQL: SELECT * FROM `cz_category` WHERE `cat_level` = 2  [ RunTime:0.0000s ]
SQL: SHOW COLUMNS FROM `cz_cart` [ RunTime:0.0010s ]
SQL: SELECT * FROM `cz_cart` WHERE `user_id` = 5 AND `cart_status` = 0  [ RunTime:0.0010s ]
SQL: UPDATE `cz_cart` SET `goods_number`='3',`cart_status`='1' WHERE `cart_id` = 36 [ RunTime:0.0450s ]
INFO: [ app_end ] --START--
INFO: Run Behavior\ShowPageTraceBehavior [ RunTime:0.001000s ]
INFO: [ app_end ] --END-- [ RunTime:0.001000s ]

[ 2017-05-22T09:43:01+08:00 ] 127.0.0.1 /index.php/Cart/affirmorder
INFO: [ app_begin ] --START--
INFO: Run Behavior\ReadHtmlCacheBehavior [ RunTime:0.001001s ]
INFO: [ app_begin ] --END-- [ RunTime:0.001001s ]
SQL: SHOW COLUMNS FROM `cz_category` [ RunTime:0.0010s ]
SQL: SELECT * FROM `cz_category` WHERE `cat_level` = 0  [ RunTime:0.0010s ]
SQL: SELECT * FROM `cz_category` WHERE `cat_level` = 1  [ RunTime:0.0010s ]
SQL: SELECT * FROM `cz_category` WHERE `cat_level` = 2  [ RunTime:0.0000s ]
SQL: SHOW COLUMNS FROM `cz_cart` [ RunTime:0.0010s ]
SQL: SELECT * FROM `cz_cart` WHERE `user_id` = 5 AND `cart_status` = 0  [ RunTime:0.0010s ]
SQL: UPDATE `cz_cart` SET `goods_number`='1',`cart_status`='1' WHERE `cart_id` = 35 [ RunTime:0.0180s ]
INFO: [ app_end ] --START--
INFO: Run Behavior\ShowPageTraceBehavior [ RunTime:0.001000s ]
INFO: [ app_end ] --END-- [ RunTime:0.001000s ]

[ 2017-05-22T09:46:18+08:00 ] 127.0.0.1 /index.php/Cart/ordersuccess
INFO: [ app_begin ] --START--
INFO: Run Behavior\ReadHtmlCacheBehavior [ RunTime:0.001000s ]
INFO: [ app_begin ] --END-- [ RunTime:0.001000s ]
SQL: SHOW COLUMNS FROM `cz_category` [ RunTime:0.0010s ]
SQL: SELECT * FROM `cz_category` WHERE `cat_level` = 0  [ RunTime:0.0000s ]
SQL: SELECT * FROM `cz_category` WHERE `cat_level` = 1  [ RunTime:0.0000s ]
SQL: SELECT * FROM `cz_category` WHERE `cat_level` = 2  [ RunTime:0.0000s ]
SQL: SHOW COLUMNS FROM `cz_cart` [ RunTime:0.0000s ]
SQL: SELECT * FROM `cz_cart` WHERE `user_id` = 5 AND `cart_status` = 0  [ RunTime:0.0010s ]
SQL: SELECT `user_id`,`goods_img`,`goods_id`,`price_total` FROM `cz_cart` WHERE `cart_id` = 36 LIMIT 1   [ RunTime:0.0000s ]
SQL: SHOW COLUMNS FROM `cz_order` [ RunTime:0.0000s ]
SQL: INSERT INTO `cz_order` (`user_id`,`goods_img`,`goods_id`,`address_id`,`order_time`,`goods_amount`) VALUES ('5','Common/Uploads/2017-05-02/small_59087cd5db11f.jpg','104','8','1495417578','19497.00') [ RunTime:0.0150s ]
SQL: DELETE FROM `cz_cart` WHERE `cart_id` = 36 [ RunTime:0.0200s ]
INFO: [ app_end ] --START--
INFO: Run Behavior\ShowPageTraceBehavior [ RunTime:0.002000s ]
INFO: [ app_end ] --END-- [ RunTime:0.003000s ]

[ 2017-05-22T09:46:18+08:00 ] 127.0.0.1 /index.php/Cart/ordersuccess
INFO: [ app_begin ] --START--
INFO: Run Behavior\ReadHtmlCacheBehavior [ RunTime:0.001000s ]
INFO: [ app_begin ] --END-- [ RunTime:0.001000s ]
SQL: SHOW COLUMNS FROM `cz_category` [ RunTime:0.0020s ]
SQL: SELECT * FROM `cz_category` WHERE `cat_level` = 0  [ RunTime:0.0000s ]
SQL: SELECT * FROM `cz_category` WHERE `cat_level` = 1  [ RunTime:0.0010s ]
SQL: SELECT * FROM `cz_category` WHERE `cat_level` = 2  [ RunTime:0.0010s ]
SQL: SHOW COLUMNS FROM `cz_cart` [ RunTime:0.0010s ]
SQL: SELECT * FROM `cz_cart` WHERE `user_id` = 5 AND `cart_status` = 0  [ RunTime:0.0010s ]
SQL: SELECT `user_id`,`goods_img`,`goods_id`,`price_total` FROM `cz_cart` WHERE `cart_id` = 35 LIMIT 1   [ RunTime:0.0010s ]
SQL: SHOW COLUMNS FROM `cz_order` [ RunTime:0.0010s ]
SQL: INSERT INTO `cz_order` (`user_id`,`goods_img`,`goods_id`,`address_id`,`order_time`,`goods_amount`) VALUES ('5','Common/Uploads/2017-05-02/small_59087d9b27cdf.jpg','105','8','1495417578','5599.00') [ RunTime:0.0040s ]
SQL: DELETE FROM `cz_cart` WHERE `cart_id` = 35 [ RunTime:0.0030s ]
INFO: [ app_end ] --START--
INFO: Run Behavior\ShowPageTraceBehavior [ RunTime:0.002000s ]
INFO: [ app_end ] --END-- [ RunTime:0.002000s ]

[ 2017-05-22T10:10:00+08:00 ] 127.0.0.1 /index.php/Home/User/upduserinfo
INFO: [ app_begin ] --START--
INFO: Run Behavior\ReadHtmlCacheBehavior [ RunTime:0.001000s ]
INFO: [ app_begin ] --END-- [ RunTime:0.002000s ]
SQL: SHOW COLUMNS FROM `cz_category` [ RunTime:0.0010s ]
SQL: SELECT * FROM `cz_category` WHERE `cat_level` = 0  [ RunTime:0.0000s ]
SQL: SELECT * FROM `cz_category` WHERE `cat_level` = 1  [ RunTime:0.0000s ]
SQL: SELECT * FROM `cz_category` WHERE `cat_level` = 2  [ RunTime:0.0000s ]
SQL: SHOW COLUMNS FROM `cz_cart` [ RunTime:0.0010s ]
SQL: SELECT * FROM `cz_cart` WHERE `user_id` = 5 AND `cart_status` = 0  [ RunTime:0.0000s ]
SQL: SHOW COLUMNS FROM `cz_user` [ RunTime:0.0000s ]
SQL: SELECT `user_pwd` FROM `cz_user` WHERE `user_id` = 5 LIMIT 1   [ RunTime:0.0010s ]
SQL: UPDATE `cz_user` SET `user_name`='json',`user_pwd`='e10adc3949ba59abbe56e057f20f883e',`user_sex`='0',`user_email`='15889305597@163.com',`user_tel`='15889305597',`add_time`='1495419000' WHERE `user_id` = 5 [ RunTime:0.0490s ]
INFO: [ app_end ] --START--
INFO: Run Behavior\ShowPageTraceBehavior [ RunTime:0.002000s ]
INFO: [ app_end ] --END-- [ RunTime:0.002000s ]

[ 2017-05-22T18:01:32+08:00 ] 127.0.0.1 /index.php/User/login
INFO: [ app_begin ] --START--
INFO: Run Behavior\ReadHtmlCacheBehavior [ RunTime:0.000000s ]
INFO: [ app_begin ] --END-- [ RunTime:0.002000s ]
SQL: SHOW COLUMNS FROM `cz_category` [ RunTime:0.0310s ]
SQL: SELECT * FROM `cz_category` WHERE `cat_level` = 0  [ RunTime:0.0010s ]
SQL: SELECT * FROM `cz_category` WHERE `cat_level` = 1  [ RunTime:0.0010s ]
SQL: SELECT * FROM `cz_category` WHERE `cat_level` = 2  [ RunTime:0.0010s ]
SQL: SHOW COLUMNS FROM `cz_cart` [ RunTime:0.0380s ]
NOTIC: [8] Undefined index: user_id E:\wamp64\www\onlineshop\App\Home\Controller\HomeController.class.php 第 31 行.
SQL: SELECT * FROM `cz_cart` WHERE `user_id` = null AND `cart_status` = 0  [ RunTime:0.0010s ]
SQL: SHOW COLUMNS FROM `cz_user` [ RunTime:0.0200s ]
SQL: SELECT * FROM `cz_user` WHERE `user_name` = 'test' LIMIT 1   [ RunTime:0.1560s ]
SQL: SELECT * FROM `cz_user` WHERE `user_pwd` = 'e10adc3949ba59abbe56e057f20f883e' LIMIT 1   [ RunTime:0.0090s ]
SQL: SELECT * FROM `cz_user` WHERE `user_name` = 'test' AND `user_pwd` = 'e10adc3949ba59abbe56e057f20f883e' LIMIT 1   [ RunTime:0.0280s ]
INFO: [ app_end ] --START--
INFO: Run Behavior\ShowPageTraceBehavior [ RunTime:0.001000s ]
INFO: [ app_end ] --END-- [ RunTime:0.002000s ]

[ 2017-05-22T18:03:26+08:00 ] 127.0.0.1 /index.php/User/login
INFO: [ app_begin ] --START--
INFO: Run Behavior\ReadHtmlCacheBehavior [ RunTime:0.001001s ]
INFO: [ app_begin ] --END-- [ RunTime:0.002001s ]
SQL: SHOW COLUMNS FROM `cz_category` [ RunTime:0.0130s ]
SQL: SELECT * FROM `cz_category` WHERE `cat_level` = 0  [ RunTime:0.0010s ]
SQL: SELECT * FROM `cz_category` WHERE `cat_level` = 1  [ RunTime:0.0010s ]
SQL: SELECT * FROM `cz_category` WHERE `cat_level` = 2  [ RunTime:0.0010s ]
SQL: SHOW COLUMNS FROM `cz_cart` [ RunTime:0.0260s ]
NOTIC: [8] Undefined index: user_id E:\wamp64\www\onlineshop\App\Home\Controller\HomeController.class.php 第 31 行.
SQL: SELECT * FROM `cz_cart` WHERE `user_id` = null AND `cart_status` = 0  [ RunTime:0.0010s ]
SQL: SHOW COLUMNS FROM `cz_user` [ RunTime:0.0170s ]
SQL: SELECT * FROM `cz_user` WHERE `user_name` = 'tigger' LIMIT 1   [ RunTime:0.0010s ]
SQL: SELECT * FROM `cz_user` WHERE `user_pwd` = 'e10adc3949ba59abbe56e057f20f883e' LIMIT 1   [ RunTime:0.0010s ]
SQL: SELECT * FROM `cz_user` WHERE `user_name` = 'tigger' AND `user_pwd` = 'e10adc3949ba59abbe56e057f20f883e' LIMIT 1   [ RunTime:0.0010s ]
INFO: [ app_end ] --START--
INFO: Run Behavior\ShowPageTraceBehavior [ RunTime:0.001000s ]
INFO: [ app_end ] --END-- [ RunTime:0.001000s ]

[ 2017-05-22T18:03:28+08:00 ] 127.0.0.1 /index.php/User/login
INFO: [ app_begin ] --START--
INFO: Run Behavior\ReadHtmlCacheBehavior [ RunTime:0.001000s ]
INFO: [ app_begin ] --END-- [ RunTime:0.001000s ]
SQL: SHOW COLUMNS FROM `cz_category` [ RunTime:0.0120s ]
SQL: SELECT * FROM `cz_category` WHERE `cat_level` = 0  [ RunTime:0.0180s ]
SQL: SELECT * FROM `cz_category` WHERE `cat_level` = 1  [ RunTime:0.0010s ]
SQL: SELECT * FROM `cz_category` WHERE `cat_level` = 2  [ RunTime:0.0010s ]
SQL: SHOW COLUMNS FROM `cz_cart` [ RunTime:0.0010s ]
NOTIC: [8] Undefined index: user_id E:\wamp64\www\onlineshop\App\Home\Controller\HomeController.class.php 第 31 行.
SQL: SELECT * FROM `cz_cart` WHERE `user_id` = null AND `cart_status` = 0  [ RunTime:0.0010s ]
SQL: SHOW COLUMNS FROM `cz_user` [ RunTime:0.0360s ]
INFO: [ app_end ] --START--
INFO: Run Behavior\ShowPageTraceBehavior [ RunTime:0.001000s ]
INFO: [ app_end ] --END-- [ RunTime:0.001000s ]

[ 2017-05-22T18:03:36+08:00 ] 127.0.0.1 /index.php/User/login
INFO: [ app_begin ] --START--
INFO: Run Behavior\ReadHtmlCacheBehavior [ RunTime:0.001000s ]
INFO: [ app_begin ] --END-- [ RunTime:0.001000s ]
SQL: SHOW COLUMNS FROM `cz_category` [ RunTime:0.0280s ]
SQL: SELECT * FROM `cz_category` WHERE `cat_level` = 0  [ RunTime:0.0080s ]
SQL: SELECT * FROM `cz_category` WHERE `cat_level` = 1  [ RunTime:0.0010s ]
SQL: SELECT * FROM `cz_category` WHERE `cat_level` = 2  [ RunTime:0.0010s ]
SQL: SHOW COLUMNS FROM `cz_cart` [ RunTime:0.0000s ]
NOTIC: [8] Undefined index: user_id E:\wamp64\www\onlineshop\App\Home\Controller\HomeController.class.php 第 31 行.
SQL: SELECT * FROM `cz_cart` WHERE `user_id` = null AND `cart_status` = 0  [ RunTime:0.0010s ]
SQL: SHOW COLUMNS FROM `cz_user` [ RunTime:0.0320s ]
SQL: SELECT * FROM `cz_user` WHERE `user_name` = 'tigger' LIMIT 1   [ RunTime:0.0060s ]
SQL: SELECT * FROM `cz_user` WHERE `user_pwd` = 'e10adc3949ba59abbe56e057f20f883e' LIMIT 1   [ RunTime:0.0000s ]
SQL: SELECT * FROM `cz_user` WHERE `user_name` = 'tigger' AND `user_pwd` = 'e10adc3949ba59abbe56e057f20f883e' LIMIT 1   [ RunTime:0.0000s ]
INFO: [ app_end ] --START--
INFO: Run Behavior\ShowPageTraceBehavior [ RunTime:0.001000s ]
INFO: [ app_end ] --END-- [ RunTime:0.001000s ]

[ 2017-05-22T18:03:52+08:00 ] 127.0.0.1 /index.php/User/login
INFO: [ app_begin ] --START--
INFO: Run Behavior\ReadHtmlCacheBehavior [ RunTime:0.000000s ]
INFO: [ app_begin ] --END-- [ RunTime:0.002000s ]
SQL: SHOW COLUMNS FROM `cz_category` [ RunTime:0.0580s ]
SQL: SELECT * FROM `cz_category` WHERE `cat_level` = 0  [ RunTime:0.0110s ]
SQL: SELECT * FROM `cz_category` WHERE `cat_level` = 1  [ RunTime:0.0010s ]
SQL: SELECT * FROM `cz_category` WHERE `cat_level` = 2  [ RunTime:0.0010s ]
SQL: SHOW COLUMNS FROM `cz_cart` [ RunTime:0.0000s ]
NOTIC: [8] Undefined index: user_id E:\wamp64\www\onlineshop\App\Home\Controller\HomeController.class.php 第 31 行.
SQL: SELECT * FROM `cz_cart` WHERE `user_id` = null AND `cart_status` = 0  [ RunTime:0.0010s ]
SQL: SHOW COLUMNS FROM `cz_user` [ RunTime:0.0120s ]
SQL: SELECT * FROM `cz_user` WHERE `user_name` = 'lalla' LIMIT 1   [ RunTime:0.0080s ]
SQL: SELECT * FROM `cz_user` WHERE `user_pwd` = 'e10adc3949ba59abbe56e057f20f883e' LIMIT 1   [ RunTime:0.0010s ]
SQL: SELECT * FROM `cz_user` WHERE `user_name` = 'lalla' AND `user_pwd` = 'e10adc3949ba59abbe56e057f20f883e' LIMIT 1   [ RunTime:0.0000s ]
INFO: [ app_end ] --START--
INFO: Run Behavior\ShowPageTraceBehavior [ RunTime:0.001000s ]
INFO: [ app_end ] --END-- [ RunTime:0.001000s ]

[ 2017-05-22T18:03:58+08:00 ] 127.0.0.1 /index.php/User/login
INFO: [ app_begin ] --START--
INFO: Run Behavior\ReadHtmlCacheBehavior [ RunTime:0.000000s ]
INFO: [ app_begin ] --END-- [ RunTime:0.002000s ]
SQL: SHOW COLUMNS FROM `cz_category` [ RunTime:0.0360s ]
SQL: SELECT * FROM `cz_category` WHERE `cat_level` = 0  [ RunTime:0.0010s ]
SQL: SELECT * FROM `cz_category` WHERE `cat_level` = 1  [ RunTime:0.0000s ]
SQL: SELECT * FROM `cz_category` WHERE `cat_level` = 2  [ RunTime:0.0010s ]
SQL: SHOW COLUMNS FROM `cz_cart` [ RunTime:0.0000s ]
NOTIC: [8] Undefined index: user_id E:\wamp64\www\onlineshop\App\Home\Controller\HomeController.class.php 第 31 行.
SQL: SELECT * FROM `cz_cart` WHERE `user_id` = null AND `cart_status` = 0  [ RunTime:0.0060s ]
SQL: SHOW COLUMNS FROM `cz_user` [ RunTime:0.0010s ]
INFO: [ app_end ] --START--
INFO: Run Behavior\ShowPageTraceBehavior [ RunTime:0.001000s ]
INFO: [ app_end ] --END-- [ RunTime:0.001000s ]

[ 2017-05-22T18:04:07+08:00 ] 127.0.0.1 /index.php/User/login
INFO: [ app_begin ] --START--
INFO: Run Behavior\ReadHtmlCacheBehavior [ RunTime:0.001001s ]
INFO: [ app_begin ] --END-- [ RunTime:0.001001s ]
SQL: SHOW COLUMNS FROM `cz_category` [ RunTime:0.0230s ]
SQL: SELECT * FROM `cz_category` WHERE `cat_level` = 0  [ RunTime:0.0000s ]
SQL: SELECT * FROM `cz_category` WHERE `cat_level` = 1  [ RunTime:0.0000s ]
SQL: SELECT * FROM `cz_category` WHERE `cat_level` = 2  [ RunTime:0.0000s ]
SQL: SHOW COLUMNS FROM `cz_cart` [ RunTime:0.0010s ]
NOTIC: [8] Undefined index: user_id E:\wamp64\www\onlineshop\App\Home\Controller\HomeController.class.php 第 31 行.
SQL: SELECT * FROM `cz_cart` WHERE `user_id` = null AND `cart_status` = 0  [ RunTime:0.0000s ]
SQL: SHOW COLUMNS FROM `cz_user` [ RunTime:0.0010s ]
SQL: SELECT * FROM `cz_user` WHERE `user_name` = 'lalla' LIMIT 1   [ RunTime:0.0000s ]
SQL: SELECT * FROM `cz_user` WHERE `user_pwd` = '7692dcdc19e41e66c6ae2de54a696b25' LIMIT 1   [ RunTime:0.0100s ]
INFO: [ app_end ] --START--
INFO: Run Behavior\ShowPageTraceBehavior [ RunTime:0.001000s ]
INFO: [ app_end ] --END-- [ RunTime:0.001000s ]

[ 2017-05-22T18:17:37+08:00 ] 127.0.0.1 /index.php/Home/User/register
INFO: [ app_begin ] --START--
INFO: Run Behavior\ReadHtmlCacheBehavior [ RunTime:0.001000s ]
INFO: [ app_begin ] --END-- [ RunTime:0.001000s ]
SQL: SHOW COLUMNS FROM `cz_category` [ RunTime:0.0468s ]
SQL: SELECT * FROM `cz_category` WHERE `cat_level` = 0  [ RunTime:0.0000s ]
SQL: SELECT * FROM `cz_category` WHERE `cat_level` = 1  [ RunTime:0.0000s ]
SQL: SELECT * FROM `cz_category` WHERE `cat_level` = 2  [ RunTime:0.0000s ]
SQL: SHOW COLUMNS FROM `cz_cart` [ RunTime:0.0000s ]
NOTIC: [8] Undefined index: user_id E:\wamp64\www\onlineshop\App\Home\Controller\HomeController.class.php 第 31 行.
SQL: SELECT * FROM `cz_cart` WHERE `user_id` = null AND `cart_status` = 0  [ RunTime:0.0000s ]
SQL: SHOW COLUMNS FROM `cz_user` [ RunTime:0.0156s ]
SQL: INSERT INTO `cz_user` (`user_name`,`user_pwd`,`user_tel`,`user_email`,`add_time`) VALUES ('张良梁','e10adc3949ba59abbe56e057f20f883e','12345678908','zhangliang@qq.com','1495448257') [ RunTime:0.6240s ]
INFO: [ app_end ] --START--
INFO: Run Behavior\ShowPageTraceBehavior [ RunTime:0.000000s ]
INFO: [ app_end ] --END-- [ RunTime:0.000000s ]

[ 2017-05-22T18:38:46+08:00 ] 127.0.0.1 /index.php/Home/User/login
INFO: [ app_begin ] --START--
INFO: Run Behavior\ReadHtmlCacheBehavior [ RunTime:0.000000s ]
INFO: [ app_begin ] --END-- [ RunTime:0.000000s ]
SQL: SHOW COLUMNS FROM `cz_category` [ RunTime:0.0336s ]
SQL: SELECT * FROM `cz_category` WHERE `cat_level` = 0  [ RunTime:0.0000s ]
SQL: SELECT * FROM `cz_category` WHERE `cat_level` = 1  [ RunTime:0.0000s ]
SQL: SELECT * FROM `cz_category` WHERE `cat_level` = 2  [ RunTime:0.0000s ]
SQL: SHOW COLUMNS FROM `cz_cart` [ RunTime:0.0000s ]
NOTIC: [8] Undefined index: user_id E:\wamp64\www\onlineshop\App\Home\Controller\HomeController.class.php 第 31 行.
SQL: SELECT * FROM `cz_cart` WHERE `user_id` = null AND `cart_status` = 0  [ RunTime:0.0000s ]
SQL: SHOW COLUMNS FROM `cz_user` [ RunTime:0.0000s ]
SQL: SELECT * FROM `cz_user` WHERE `user_name` = '张良梁' LIMIT 1   [ RunTime:0.0156s ]
SQL: SELECT * FROM `cz_user` WHERE `user_name` = '张良梁' AND `user_pwd` = 'e10adc3949ba59abbe56e057f20f883e' LIMIT 1   [ RunTime:0.0000s ]
INFO: [ app_end ] --START--
INFO: Run Behavior\ShowPageTraceBehavior [ RunTime:0.000000s ]
INFO: [ app_end ] --END-- [ RunTime:0.000000s ]

[ 2017-05-22T18:39:06+08:00 ] 127.0.0.1 /index.php/Cart/addCart
INFO: [ app_begin ] --START--
INFO: Run Behavior\ReadHtmlCacheBehavior [ RunTime:0.001000s ]
INFO: [ app_begin ] --END-- [ RunTime:0.001000s ]
SQL: SHOW COLUMNS FROM `cz_category` [ RunTime:0.0660s ]
SQL: SELECT * FROM `cz_category` WHERE `cat_level` = 0  [ RunTime:0.0000s ]
SQL: SELECT * FROM `cz_category` WHERE `cat_level` = 1  [ RunTime:0.0000s ]
SQL: SELECT * FROM `cz_category` WHERE `cat_level` = 2  [ RunTime:0.0000s ]
SQL: SHOW COLUMNS FROM `cz_cart` [ RunTime:0.0010s ]
SQL: SELECT * FROM `cz_cart` WHERE `user_id` = 11 AND `cart_status` = 0  [ RunTime:0.0240s ]
SQL: INSERT INTO `cz_cart` (`goods_id`,`user_id`,`goods_name`,`goods_img`,`goods_number`,`goods_price`,`price_total`,`goods_attr`) VALUES ('103','11','联想小新700','Common/Uploads/2017-05-02/small_590879c33b621.jpg','2','4998.00','9996','i5 4G内存 银白色') [ RunTime:0.1800s ]
INFO: [ app_end ] --START--
INFO: Run Behavior\ShowPageTraceBehavior [ RunTime:0.001000s ]
INFO: [ app_end ] --END-- [ RunTime:0.001000s ]

[ 2017-05-22T18:48:54+08:00 ] 127.0.0.1 /index.php/Home/Address/add_address
INFO: [ app_begin ] --START--
INFO: Run Behavior\ReadHtmlCacheBehavior [ RunTime:0.001000s ]
INFO: [ app_begin ] --END-- [ RunTime:0.001000s ]
SQL: SHOW COLUMNS FROM `cz_category` [ RunTime:0.0468s ]
SQL: SELECT * FROM `cz_category` WHERE `cat_level` = 0  [ RunTime:0.0000s ]
SQL: SELECT * FROM `cz_category` WHERE `cat_level` = 1  [ RunTime:0.0000s ]
SQL: SELECT * FROM `cz_category` WHERE `cat_level` = 2  [ RunTime:0.0000s ]
SQL: SHOW COLUMNS FROM `cz_cart` [ RunTime:0.0000s ]
SQL: SELECT * FROM `cz_cart` WHERE `user_id` = 11 AND `cart_status` = 0  [ RunTime:0.0156s ]
SQL: SHOW COLUMNS FROM `cz_address` [ RunTime:0.0312s ]
SQL: INSERT INTO `cz_address` (`user_id`,`name`,`province`,`city`,`district`,`address_desc`,`tel`) VALUES ('11','张良梁','广东省','深圳市','南山区','广东省深圳市南山区梅林大道345号','18174006076') [ RunTime:0.0624s ]
INFO: [ app_end ] --START--
INFO: Run Behavior\ShowPageTraceBehavior [ RunTime:0.000000s ]
INFO: [ app_end ] --END-- [ RunTime:0.000000s ]

[ 2017-05-22T18:50:17+08:00 ] 127.0.0.1 /index.php/Home/Address/add_address
INFO: [ app_begin ] --START--
INFO: Run Behavior\ReadHtmlCacheBehavior [ RunTime:0.001000s ]
INFO: [ app_begin ] --END-- [ RunTime:0.002000s ]
SQL: SHOW COLUMNS FROM `cz_category` [ RunTime:0.0000s ]
SQL: SELECT * FROM `cz_category` WHERE `cat_level` = 0  [ RunTime:0.0000s ]
SQL: SELECT * FROM `cz_category` WHERE `cat_level` = 1  [ RunTime:0.0000s ]
SQL: SELECT * FROM `cz_category` WHERE `cat_level` = 2  [ RunTime:0.0000s ]
SQL: SHOW COLUMNS FROM `cz_cart` [ RunTime:0.0000s ]
SQL: SELECT * FROM `cz_cart` WHERE `user_id` = 11 AND `cart_status` = 0  [ RunTime:0.0156s ]
SQL: SHOW COLUMNS FROM `cz_address` [ RunTime:0.0930s ]
SQL: INSERT INTO `cz_address` (`user_id`,`name`,`province`,`city`,`district`,`address_desc`,`tel`) VALUES ('11','梦翟','江西省','南昌市','红谷滩新区','丰和南大道696号','18627187615') [ RunTime:0.0320s ]
INFO: [ app_end ] --START--
INFO: Run Behavior\ShowPageTraceBehavior [ RunTime:0.001000s ]
INFO: [ app_end ] --END-- [ RunTime:0.002000s ]

[ 2017-05-22T18:51:40+08:00 ] 127.0.0.1 /index.php/Cart/affirmorder
INFO: [ app_begin ] --START--
INFO: Run Behavior\ReadHtmlCacheBehavior [ RunTime:0.000000s ]
INFO: [ app_begin ] --END-- [ RunTime:0.002001s ]
SQL: SHOW COLUMNS FROM `cz_category` [ RunTime:0.0010s ]
SQL: SELECT * FROM `cz_category` WHERE `cat_level` = 0  [ RunTime:0.0000s ]
SQL: SELECT * FROM `cz_category` WHERE `cat_level` = 1  [ RunTime:0.0010s ]
SQL: SELECT * FROM `cz_category` WHERE `cat_level` = 2  [ RunTime:0.0000s ]
SQL: SHOW COLUMNS FROM `cz_cart` [ RunTime:0.0010s ]
SQL: SELECT * FROM `cz_cart` WHERE `user_id` = 11 AND `cart_status` = 0  [ RunTime:0.0000s ]
SQL: UPDATE `cz_cart` SET `goods_number`='2',`cart_status`='1' WHERE `cart_id` = 37 [ RunTime:0.1514s ]
INFO: [ app_end ] --START--
INFO: Run Behavior\ShowPageTraceBehavior [ RunTime:0.000000s ]
INFO: [ app_end ] --END-- [ RunTime:0.000000s ]

[ 2017-05-22T18:53:58+08:00 ] 127.0.0.1 /index.php/Cart/ordersuccess
INFO: [ app_begin ] --START--
INFO: Run Behavior\ReadHtmlCacheBehavior [ RunTime:0.001000s ]
INFO: [ app_begin ] --END-- [ RunTime:0.001000s ]
SQL: SHOW COLUMNS FROM `cz_category` [ RunTime:0.0000s ]
SQL: SELECT * FROM `cz_category` WHERE `cat_level` = 0  [ RunTime:0.0000s ]
SQL: SELECT * FROM `cz_category` WHERE `cat_level` = 1  [ RunTime:0.0000s ]
SQL: SELECT * FROM `cz_category` WHERE `cat_level` = 2  [ RunTime:0.0000s ]
SQL: SHOW COLUMNS FROM `cz_cart` [ RunTime:0.0000s ]
SQL: SELECT * FROM `cz_cart` WHERE `user_id` = 11 AND `cart_status` = 0  [ RunTime:0.0000s ]
SQL: SELECT `user_id`,`goods_img`,`goods_id`,`price_total` FROM `cz_cart` WHERE `cart_id` = 37 LIMIT 1   [ RunTime:0.0000s ]
SQL: SHOW COLUMNS FROM `cz_order` [ RunTime:0.0468s ]
SQL: INSERT INTO `cz_order` (`user_id`,`goods_img`,`goods_id`,`address_id`,`order_time`,`goods_amount`) VALUES ('11','Common/Uploads/2017-05-02/small_590879c33b621.jpg','103','17','1495450437','9996.00') [ RunTime:0.0468s ]
SQL: DELETE FROM `cz_cart` WHERE `cart_id` = 37 [ RunTime:0.1186s ]
INFO: [ app_end ] --START--
INFO: Run Behavior\ShowPageTraceBehavior [ RunTime:0.000000s ]
INFO: [ app_end ] --END-- [ RunTime:0.000000s ]

